[2022-11-29 14:21:18.393] DEBUG
			PropertySourcesPropertyResolver.logKeyFound(PropertySourcesPropertyResolver.java:115) - Found key 'jdbc.maxWait' in PropertySource 'localProperties' with value of type String
[2022-11-29 14:21:18.403] DEBUG
			PropertySourcesPropertyResolver.logKeyFound(PropertySourcesPropertyResolver.java:115) - Found key 'jdbc.removeAbandoned' in PropertySource 'localProperties' with value of type String
[2022-11-29 14:21:18.403] DEBUG
			PropertySourcesPropertyResolver.logKeyFound(PropertySourcesPropertyResolver.java:115) - Found key 'jdbc.removeAbandonedTimeout' in PropertySource 'localProperties' with value of type String
[2022-11-29 14:21:18.404] DEBUG
			DefaultSingletonBeanRegistry.getSingleton(DefaultSingletonBeanRegistry.java:225) - Creating shared instance of singleton bean 'org.springframework.context.event.internalEventListenerProcessor'
[2022-11-29 14:21:18.405] DEBUG
			DefaultSingletonBeanRegistry.getSingleton(DefaultSingletonBeanRegistry.java:225) - Creating shared instance of singleton bean 'org.springframework.context.event.internalEventListenerFactory'
[2022-11-29 14:21:18.407] DEBUG
			DefaultSingletonBeanRegistry.getSingleton(DefaultSingletonBeanRegistry.java:225) - Creating shared instance of singleton bean 'org.springframework.context.annotation.internalAutowiredAnnotationProcessor'
[2022-11-29 14:21:18.407] DEBUG
			DefaultSingletonBeanRegistry.getSingleton(DefaultSingletonBeanRegistry.java:225) - Creating shared instance of singleton bean 'org.springframework.context.annotation.internalCommonAnnotationProcessor'
[2022-11-29 14:21:18.411] DEBUG
			DefaultSingletonBeanRegistry.getSingleton(DefaultSingletonBeanRegistry.java:225) - Creating shared instance of singleton bean 'org.springframework.aop.config.internalAutoProxyCreator'
[2022-11-29 14:21:18.428] DEBUG
			DefaultSingletonBeanRegistry.getSingleton(DefaultSingletonBeanRegistry.java:225) - Creating shared instance of singleton bean 'sqlSessionTemplate'
[2022-11-29 14:21:18.429] DEBUG
			DefaultSingletonBeanRegistry.getSingleton(DefaultSingletonBeanRegistry.java:225) - Creating shared instance of singleton bean 'org.springframework.aop.aspectj.AspectJPointcutAdvisor#0'
[2022-11-29 14:21:18.498] DEBUG
			DefaultSingletonBeanRegistry.getSingleton(DefaultSingletonBeanRegistry.java:225) - Creating shared instance of singleton bean 'org.springframework.aop.support.DefaultBeanFactoryPointcutAdvisor#0'
[2022-11-29 14:21:18.504] DEBUG
			DefaultSingletonBeanRegistry.getSingleton(DefaultSingletonBeanRegistry.java:225) - Creating shared instance of singleton bean 'sqlSessionFactoryBean'
[2022-11-29 14:21:18.521] DEBUG
			DefaultSingletonBeanRegistry.getSingleton(DefaultSingletonBeanRegistry.java:225) - Creating shared instance of singleton bean 'dataSource'
[2022-11-29 14:21:18.527] DEBUG
			Log4j2SpyLogDelegator.debug(Log4j2SpyLogDelegator.java:372) - log4jdbc-logj2 properties initialization...
[2022-11-29 14:21:18.528] DEBUG
			Log4j2SpyLogDelegator.debug(Log4j2SpyLogDelegator.java:372) - Using logger: null
[2022-11-29 14:21:18.528] DEBUG
			Log4j2SpyLogDelegator.debug(Log4j2SpyLogDelegator.java:372) - x log4jdbc.debug.stack.prefix is not defined
[2022-11-29 14:21:18.528] DEBUG
			Log4j2SpyLogDelegator.debug(Log4j2SpyLogDelegator.java:372) - x log4jdbc.sqltiming.warn.threshold is not defined
[2022-11-29 14:21:18.528] DEBUG
			Log4j2SpyLogDelegator.debug(Log4j2SpyLogDelegator.java:372) - x log4jdbc.sqltiming.error.threshold is not defined
[2022-11-29 14:21:18.528] DEBUG
			Log4j2SpyLogDelegator.debug(Log4j2SpyLogDelegator.java:372) - x log4jdbc.dump.booleanastruefalse is not defined (using default value false)
[2022-11-29 14:21:18.529] DEBUG
			Log4j2SpyLogDelegator.debug(Log4j2SpyLogDelegator.java:372) - x log4jdbc.dump.sql.maxlinelength is not defined (using default of 90)
[2022-11-29 14:21:18.529] DEBUG
			Log4j2SpyLogDelegator.debug(Log4j2SpyLogDelegator.java:372) - x log4jdbc.dump.fulldebugstacktrace is not defined (using default value false)
[2022-11-29 14:21:18.529] DEBUG
			Log4j2SpyLogDelegator.debug(Log4j2SpyLogDelegator.java:372) - x log4jdbc.statement.warn is not defined (using default value false)
[2022-11-29 14:21:18.529] DEBUG
			Log4j2SpyLogDelegator.debug(Log4j2SpyLogDelegator.java:372) - x log4jdbc.dump.sql.select is not defined (using default value true)
[2022-11-29 14:21:18.529] DEBUG
			Log4j2SpyLogDelegator.debug(Log4j2SpyLogDelegator.java:372) - x log4jdbc.dump.sql.insert is not defined (using default value true)
[2022-11-29 14:21:18.529] DEBUG
			Log4j2SpyLogDelegator.debug(Log4j2SpyLogDelegator.java:372) - x log4jdbc.dump.sql.update is not defined (using default value true)
[2022-11-29 14:21:18.529] DEBUG
			Log4j2SpyLogDelegator.debug(Log4j2SpyLogDelegator.java:372) - x log4jdbc.dump.sql.delete is not defined (using default value true)
[2022-11-29 14:21:18.530] DEBUG
			Log4j2SpyLogDelegator.debug(Log4j2SpyLogDelegator.java:372) - x log4jdbc.dump.sql.create is not defined (using default value true)
[2022-11-29 14:21:18.530] DEBUG
			Log4j2SpyLogDelegator.debug(Log4j2SpyLogDelegator.java:372) - x log4jdbc.dump.sql.addsemicolon is not defined (using default value false)
[2022-11-29 14:21:18.530] DEBUG
			Log4j2SpyLogDelegator.debug(Log4j2SpyLogDelegator.java:372) - x log4jdbc.auto.load.popular.drivers is not defined (using default value true)
[2022-11-29 14:21:18.530] DEBUG
			Log4j2SpyLogDelegator.debug(Log4j2SpyLogDelegator.java:372) - x log4jdbc.drivers is not defined
[2022-11-29 14:21:18.530] DEBUG
			Log4j2SpyLogDelegator.debug(Log4j2SpyLogDelegator.java:372) - x log4jdbc.trim.sql is not defined (using default value true)
[2022-11-29 14:21:18.530] DEBUG
			Log4j2SpyLogDelegator.debug(Log4j2SpyLogDelegator.java:372) - x log4jdbc.trim.sql.extrablanklines is not defined (using default value true)
[2022-11-29 14:21:18.531] DEBUG
			Log4j2SpyLogDelegator.debug(Log4j2SpyLogDelegator.java:372) - x log4jdbc.suppress.generated.keys.exception is not defined (using default value false)
[2022-11-29 14:21:18.531] DEBUG
			Log4j2SpyLogDelegator.debug(Log4j2SpyLogDelegator.java:372) - log4jdbc-logj2 properties initialization done.
[2022-11-29 14:21:18.531] DEBUG
			Log4j2SpyLogDelegator.debug(Log4j2SpyLogDelegator.java:372) - DriverSpy intialization...
[2022-11-29 14:21:18.564] DEBUG
			Log4j2SpyLogDelegator.debug(Log4j2SpyLogDelegator.java:372) -   FOUND DRIVER oracle.jdbc.OracleDriver
[2022-11-29 14:21:18.565] DEBUG
			Log4j2SpyLogDelegator.debug(Log4j2SpyLogDelegator.java:372) -   FOUND DRIVER oracle.jdbc.driver.OracleDriver
[2022-11-29 14:21:18.566] DEBUG
			Log4j2SpyLogDelegator.debug(Log4j2SpyLogDelegator.java:372) - DriverSpy intialization done.
[2022-11-29 14:21:18.733] DEBUG
			DefaultSingletonBeanRegistry.getSingleton(DefaultSingletonBeanRegistry.java:225) - Creating shared instance of singleton bean 'performanceAroundAdvice'
[2022-11-29 14:21:18.733] DEBUG
			DefaultSingletonBeanRegistry.getSingleton(DefaultSingletonBeanRegistry.java:225) - Creating shared instance of singleton bean 'mailSenderImpl'
[2022-11-29 14:21:18.750] DEBUG
			DefaultSingletonBeanRegistry.getSingleton(DefaultSingletonBeanRegistry.java:225) - Creating shared instance of singleton bean 'dummyMailSender'
[2022-11-29 14:21:18.750] DEBUG
			DefaultSingletonBeanRegistry.getSingleton(DefaultSingletonBeanRegistry.java:225) - Creating shared instance of singleton bean 'txAdvice'
[2022-11-29 14:21:18.754] DEBUG
			DefaultSingletonBeanRegistry.getSingleton(DefaultSingletonBeanRegistry.java:225) - Creating shared instance of singleton bean 'transactionManager'
[2022-11-29 14:21:18.771] DEBUG
			NameMatchTransactionAttributeSource.addTransactionalMethod(NameMatchTransactionAttributeSource.java:102) - Adding transactional method [do*] with attribute [PROPAGATION_REQUIRED,ISOLATION_DEFAULT,readOnly]
[2022-11-29 14:21:18.771] DEBUG
			NameMatchTransactionAttributeSource.addTransactionalMethod(NameMatchTransactionAttributeSource.java:102) - Adding transactional method [up*] with attribute [PROPAGATION_REQUIRED,ISOLATION_DEFAULT,-Exception]
[2022-11-29 14:21:18.779] DEBUG
			DefaultSingletonBeanRegistry.getSingleton(DefaultSingletonBeanRegistry.java:225) - Creating shared instance of singleton bean 'mvcContentNegotiationManager'
[2022-11-29 14:21:18.789] DEBUG
			DefaultSingletonBeanRegistry.getSingleton(DefaultSingletonBeanRegistry.java:225) - Creating shared instance of singleton bean 'org.springframework.web.servlet.mvc.method.annotation.RequestMappingHandlerMapping'
[2022-11-29 14:21:18.812] DEBUG
			DefaultSingletonBeanRegistry.getSingleton(DefaultSingletonBeanRegistry.java:225) - Creating shared instance of singleton bean 'mvcCorsConfigurations'
[2022-11-29 14:21:18.831] DEBUG
			DefaultSingletonBeanRegistry.getSingleton(DefaultSingletonBeanRegistry.java:225) - Creating shared instance of singleton bean 'org.springframework.web.servlet.handler.MappedInterceptor#0'
[2022-11-29 14:21:18.831] DEBUG
			DefaultSingletonBeanRegistry.getSingleton(DefaultSingletonBeanRegistry.java:225) - Creating shared instance of singleton bean 'org.springframework.format.support.FormattingConversionServiceFactoryBean#0'
[2022-11-29 14:21:18.873] DEBUG
			DefaultSingletonBeanRegistry.getSingleton(DefaultSingletonBeanRegistry.java:225) - Creating shared instance of singleton bean 'org.springframework.web.servlet.handler.MappedInterceptor#1'
[2022-11-29 14:21:18.892] DEBUG
			AbstractHandlerMethodMapping.detectHandlerMethods(AbstractHandlerMethodMapping.java:295) - 
	c.p.e.HelloController:
	{GET [/hello/hello.do]}: hello(Model)
[2022-11-29 14:21:18.893] DEBUG
			AbstractHandlerMethodMapping.detectHandlerMethods(AbstractHandlerMethodMapping.java:295) - 
	c.p.e.a.c.AnnoController:
	{POST [/anno/doSelectOne.do]}: doSelectOne(Model,HttpServletRequest)
	{ [/anno/view.do]}: annoView()
[2022-11-29 14:21:18.897] DEBUG
			AbstractHandlerMethodMapping.detectHandlerMethods(AbstractHandlerMethodMapping.java:295) - 
	c.p.e.b.c.BootController:
	{GET [/boot/bootIndex.do]}: bootIndex()
	{GET [/boot/bootReg.do]}: bootReg()
	{GET [/boot/bootList.do]}: bootList()
[2022-11-29 14:21:18.902] DEBUG
			AbstractHandlerMethodMapping.detectHandlerMethods(AbstractHandlerMethodMapping.java:295) - 
	c.p.e.u.c.UserController:
	{POST [/user/add.do], produces [application/json;charset=UTF-8]}: add(UserVO)
	{GET [/user/doDelete.do], produces [application/json;charset=UTF-8]}: doDelete(HttpServletRequest,UserVO)
	{POST [/user/doUpdate.do], produces [application/json;charset=UTF-8]}: doUpdate(UserVO)
	{GET [/user/doRetrieve.do], produces [application/json;charset=UTF-8]}: doRetrieve(SearchVO)
	{GET [/user/doSelectOne.do], produces [application/json;charset=UTF-8]}: doSelectOne(UserVO)
	{ [/user/view.do]}: view()
[2022-11-29 14:21:18.912] DEBUG
			DefaultSingletonBeanRegistry.getSingleton(DefaultSingletonBeanRegistry.java:225) - Creating shared instance of singleton bean 'org.springframework.web.servlet.mvc.method.annotation.RequestMappingHandlerAdapter'
[2022-11-29 14:21:19.019] DEBUG
			DefaultSingletonBeanRegistry.getSingleton(DefaultSingletonBeanRegistry.java:225) - Creating shared instance of singleton bean 'mvcUriComponentsContributor'
[2022-11-29 14:21:19.028] DEBUG
			DefaultSingletonBeanRegistry.getSingleton(DefaultSingletonBeanRegistry.java:225) - Creating shared instance of singleton bean 'org.springframework.web.servlet.mvc.method.annotation.ExceptionHandlerExceptionResolver#0'
[2022-11-29 14:21:19.040] DEBUG
			DefaultSingletonBeanRegistry.getSingleton(DefaultSingletonBeanRegistry.java:225) - Creating shared instance of singleton bean 'org.springframework.web.servlet.mvc.annotation.ResponseStatusExceptionResolver#0'
[2022-11-29 14:21:19.043] DEBUG
			DefaultSingletonBeanRegistry.getSingleton(DefaultSingletonBeanRegistry.java:225) - Creating shared instance of singleton bean 'org.springframework.web.servlet.mvc.support.DefaultHandlerExceptionResolver#0'
[2022-11-29 14:21:19.045] DEBUG
			DefaultSingletonBeanRegistry.getSingleton(DefaultSingletonBeanRegistry.java:225) - Creating shared instance of singleton bean 'org.springframework.web.servlet.handler.BeanNameUrlHandlerMapping'
[2022-11-29 14:21:19.050] DEBUG
			AbstractDetectingUrlHandlerMapping.detectHandlers(AbstractDetectingUrlHandlerMapping.java:86) - 'org.springframework.web.servlet.handler.BeanNameUrlHandlerMapping' {}
[2022-11-29 14:21:19.051] DEBUG
			DefaultSingletonBeanRegistry.getSingleton(DefaultSingletonBeanRegistry.java:225) - Creating shared instance of singleton bean 'org.springframework.web.servlet.mvc.HttpRequestHandlerAdapter'
[2022-11-29 14:21:19.052] DEBUG
			DefaultSingletonBeanRegistry.getSingleton(DefaultSingletonBeanRegistry.java:225) - Creating shared instance of singleton bean 'org.springframework.web.servlet.mvc.SimpleControllerHandlerAdapter'
[2022-11-29 14:21:19.052] DEBUG
			DefaultSingletonBeanRegistry.getSingleton(DefaultSingletonBeanRegistry.java:225) - Creating shared instance of singleton bean 'localeResolver'
[2022-11-29 14:21:19.053] DEBUG
			DefaultSingletonBeanRegistry.getSingleton(DefaultSingletonBeanRegistry.java:225) - Creating shared instance of singleton bean 'themeResolver'
[2022-11-29 14:21:19.054] DEBUG
			DefaultSingletonBeanRegistry.getSingleton(DefaultSingletonBeanRegistry.java:225) - Creating shared instance of singleton bean 'viewNameTranslator'
[2022-11-29 14:21:19.055] DEBUG
			DefaultSingletonBeanRegistry.getSingleton(DefaultSingletonBeanRegistry.java:225) - Creating shared instance of singleton bean 'flashMapManager'
[2022-11-29 14:21:19.057] DEBUG
			DefaultSingletonBeanRegistry.getSingleton(DefaultSingletonBeanRegistry.java:225) - Creating shared instance of singleton bean 'mvcResourceUrlProvider'
[2022-11-29 14:21:19.058] DEBUG
			DefaultSingletonBeanRegistry.getSingleton(DefaultSingletonBeanRegistry.java:225) - Creating shared instance of singleton bean 'mvcPathMatcher'
[2022-11-29 14:21:19.059] DEBUG
			DefaultSingletonBeanRegistry.getSingleton(DefaultSingletonBeanRegistry.java:225) - Creating shared instance of singleton bean 'mvcUrlPathHelper'
[2022-11-29 14:21:19.061] DEBUG
			DefaultSingletonBeanRegistry.getSingleton(DefaultSingletonBeanRegistry.java:225) - Creating shared instance of singleton bean 'org.springframework.web.servlet.resource.ResourceHttpRequestHandler#0'
[2022-11-29 14:21:19.069] DEBUG
			DefaultSingletonBeanRegistry.getSingleton(DefaultSingletonBeanRegistry.java:225) - Creating shared instance of singleton bean 'org.springframework.web.servlet.handler.SimpleUrlHandlerMapping#0'
[2022-11-29 14:21:19.072] DEBUG
			SimpleUrlHandlerMapping.logMappings(SimpleUrlHandlerMapping.java:177) - 'org.springframework.web.servlet.handler.SimpleUrlHandlerMapping#0' {/resources/**=ResourceHttpRequestHandler [classpath [resources/]]}
[2022-11-29 14:21:19.073] DEBUG
			DefaultSingletonBeanRegistry.getSingleton(DefaultSingletonBeanRegistry.java:225) - Creating shared instance of singleton bean 'org.springframework.web.servlet.view.InternalResourceViewResolver#0'
[2022-11-29 14:21:19.084] DEBUG
			DefaultSingletonBeanRegistry.getSingleton(DefaultSingletonBeanRegistry.java:225) - Creating shared instance of singleton bean 'helloController'
[2022-11-29 14:21:19.084] DEBUG
			DefaultSingletonBeanRegistry.getSingleton(DefaultSingletonBeanRegistry.java:225) - Creating shared instance of singleton bean 'annoController'
[2022-11-29 14:21:19.088] DEBUG
			DefaultSingletonBeanRegistry.getSingleton(DefaultSingletonBeanRegistry.java:225) - Creating shared instance of singleton bean 'annoServiceImpl'
[2022-11-29 14:21:19.089] DEBUG
			DefaultSingletonBeanRegistry.getSingleton(DefaultSingletonBeanRegistry.java:225) - Creating shared instance of singleton bean 'annoDaoImpl'
[2022-11-29 14:21:19.099] DEBUG
			DefaultSingletonBeanRegistry.getSingleton(DefaultSingletonBeanRegistry.java:225) - Creating shared instance of singleton bean 'bootController'
[2022-11-29 14:21:19.100] DEBUG
			DefaultSingletonBeanRegistry.getSingleton(DefaultSingletonBeanRegistry.java:225) - Creating shared instance of singleton bean 'userController'
[2022-11-29 14:21:19.102] DEBUG
			DefaultSingletonBeanRegistry.getSingleton(DefaultSingletonBeanRegistry.java:225) - Creating shared instance of singleton bean 'UserService'
[2022-11-29 14:21:19.105] DEBUG
			DefaultSingletonBeanRegistry.getSingleton(DefaultSingletonBeanRegistry.java:225) - Creating shared instance of singleton bean 'userDao'
[2022-11-29 14:21:19.117] DEBUG
			DefaultCacheAwareContextLoaderDelegate.loadContext(DefaultCacheAwareContextLoaderDelegate.java:126) - Storing ApplicationContext [201576232] in cache under key [[MergedContextConfiguration@5f8edcc5 testClass = JWebUserDao, locations = '{file:src/main/webapp/WEB-INF/spring/root-context.xml, file:src/main/webapp/WEB-INF/spring/appServlet/servlet-context.xml}', classes = '{}', contextInitializerClasses = '[]', activeProfiles = '{}', propertySourceLocations = '{}', propertySourceProperties = '{}', contextCustomizers = set[[empty]], contextLoader = 'org.springframework.test.context.support.DelegatingSmartContextLoader', parent = [null]]]
[2022-11-29 14:21:19.117] DEBUG
			DefaultContextCache.logStatistics(DefaultContextCache.java:290) - Spring test ApplicationContext cache statistics: [DefaultContextCache@6d91790b size = 1, maxSize = 32, parentContextCount = 0, hitCount = 0, missCount = 1]
[2022-11-29 14:21:19.120] DEBUG
			DefaultCacheAwareContextLoaderDelegate.loadContext(DefaultCacheAwareContextLoaderDelegate.java:137) - Retrieved ApplicationContext [201576232] from cache with key [[MergedContextConfiguration@5f8edcc5 testClass = JWebUserDao, locations = '{file:src/main/webapp/WEB-INF/spring/root-context.xml, file:src/main/webapp/WEB-INF/spring/appServlet/servlet-context.xml}', classes = '{}', contextInitializerClasses = '[]', activeProfiles = '{}', propertySourceLocations = '{}', propertySourceProperties = '{}', contextCustomizers = set[[empty]], contextLoader = 'org.springframework.test.context.support.DelegatingSmartContextLoader', parent = [null]]]
[2022-11-29 14:21:19.120] DEBUG
			DefaultContextCache.logStatistics(DefaultContextCache.java:290) - Spring test ApplicationContext cache statistics: [DefaultContextCache@6d91790b size = 1, maxSize = 32, parentContextCount = 0, hitCount = 1, missCount = 1]
[2022-11-29 14:21:19.123] DEBUG
			AbstractDirtiesContextTestExecutionListener.beforeOrAfterTestMethod(AbstractDirtiesContextTestExecutionListener.java:108) - Before test method: context [DefaultTestContext@6db9f5a4 testClass = JWebUserDao, testInstance = com.pcwk.ehr.JWebUserDao@57250572, testMethod = idCheck@JWebUserDao, testException = [null], mergedContextConfiguration = [MergedContextConfiguration@5f8edcc5 testClass = JWebUserDao, locations = '{file:src/main/webapp/WEB-INF/spring/root-context.xml, file:src/main/webapp/WEB-INF/spring/appServlet/servlet-context.xml}', classes = '{}', contextInitializerClasses = '[]', activeProfiles = '{}', propertySourceLocations = '{}', propertySourceProperties = '{}', contextCustomizers = set[[empty]], contextLoader = 'org.springframework.test.context.support.DelegatingSmartContextLoader', parent = [null]], attributes = map['org.springframework.test.context.event.ApplicationEventsTestExecutionListener.recordApplicationEvents' -> false]], class annotated with @DirtiesContext [false] with mode [null], method annotated with @DirtiesContext [false] with mode [null].
[2022-11-29 14:21:19.127] DEBUG
			DefaultCacheAwareContextLoaderDelegate.loadContext(DefaultCacheAwareContextLoaderDelegate.java:137) - Retrieved ApplicationContext [201576232] from cache with key [[MergedContextConfiguration@5f8edcc5 testClass = JWebUserDao, locations = '{file:src/main/webapp/WEB-INF/spring/root-context.xml, file:src/main/webapp/WEB-INF/spring/appServlet/servlet-context.xml}', classes = '{}', contextInitializerClasses = '[]', activeProfiles = '{}', propertySourceLocations = '{}', propertySourceProperties = '{}', contextCustomizers = set[[empty]], contextLoader = 'org.springframework.test.context.support.DelegatingSmartContextLoader', parent = [null]]]
[2022-11-29 14:21:19.127] DEBUG
			DefaultContextCache.logStatistics(DefaultContextCache.java:290) - Spring test ApplicationContext cache statistics: [DefaultContextCache@6d91790b size = 1, maxSize = 32, parentContextCount = 0, hitCount = 2, missCount = 1]
[2022-11-29 14:21:19.128] DEBUG
			JWebUserDao.setUp(JWebUserDao.java:47) - =================================
[2022-11-29 14:21:19.130] DEBUG
			JWebUserDao.setUp(JWebUserDao.java:48) - =context= : org.springframework.context.support.GenericApplicationContext@c03cf28, started on Tue Nov 29 14:21:18 KST 2022
[2022-11-29 14:21:19.132] DEBUG
			JWebUserDao.setUp(JWebUserDao.java:49) - =userDao= : com.pcwk.ehr.user.dao.UserDaoImpl@f9b5552
[2022-11-29 14:21:19.132] DEBUG
			JWebUserDao.setUp(JWebUserDao.java:50) - =================================
[2022-11-29 14:21:19.133] DEBUG
			DefaultCacheAwareContextLoaderDelegate.loadContext(DefaultCacheAwareContextLoaderDelegate.java:137) - Retrieved ApplicationContext [201576232] from cache with key [[MergedContextConfiguration@5f8edcc5 testClass = JWebUserDao, locations = '{file:src/main/webapp/WEB-INF/spring/root-context.xml, file:src/main/webapp/WEB-INF/spring/appServlet/servlet-context.xml}', classes = '{}', contextInitializerClasses = '[]', activeProfiles = '{}', propertySourceLocations = '{}', propertySourceProperties = '{}', contextCustomizers = set[[empty]], contextLoader = 'org.springframework.test.context.support.DelegatingSmartContextLoader', parent = [null]]]
[2022-11-29 14:21:19.133] DEBUG
			DefaultContextCache.logStatistics(DefaultContextCache.java:290) - Spring test ApplicationContext cache statistics: [DefaultContextCache@6d91790b size = 1, maxSize = 32, parentContextCount = 0, hitCount = 3, missCount = 1]
[2022-11-29 14:21:19.134] DEBUG
			PerformanceAroundAdvice.performanceAdvice(PerformanceAroundAdvice.java:15) - ┌───────────────────────────────────────────┐
[2022-11-29 14:21:19.135] DEBUG
			UserDaoImpl.doDelete(UserDaoImpl.java:54) - ┌───────────────────────────────────┐
[2022-11-29 14:21:19.135] DEBUG
			UserDaoImpl.doDelete(UserDaoImpl.java:55) - │param : UserVO [uId=p11_01, name=마마무11_01, passwd=4321, level=BASIC, login=1, recommend=0, email=jci1203@naver.com, regDt=날짜_사용하지 않음, intLevel=1]
[2022-11-29 14:21:19.136] DEBUG
			UserDaoImpl.doDelete(UserDaoImpl.java:58) - │statement : com.pcwk.ehr.user.doDelete
[2022-11-29 14:21:19.145] DEBUG
			DataSourceUtils.doGetConnection(DataSourceUtils.java:116) - Fetching JDBC Connection from DataSource
[2022-11-29 14:21:19.591] INFO 
			Log4j2SpyLogDelegator.connectionModified(Log4j2SpyLogDelegator.java:365) -  org.apache.commons.dbcp.DriverConnectionFactory.createConnection(DriverConnectionFactory.java:38)
1. Connection opened. {executed in 441ms} 
open connections:  1 (1)
[2022-11-29 14:21:19.592] INFO 
			Log4j2SpyLogDelegator.methodReturned(Log4j2SpyLogDelegator.java:197) -  org.apache.commons.dbcp.DriverConnectionFactory.createConnection(DriverConnectionFactory.java:38)
1. Connection.new Connection returned 
[2022-11-29 14:21:19.592] INFO 
			Log4j2SpyLogDelegator.methodReturned(Log4j2SpyLogDelegator.java:197) -  org.apache.commons.dbcp.PoolableConnectionFactory.initializeConnection(PoolableConnectionFactory.java:597)
1. Connection.isClosed() returned false
[2022-11-29 14:21:19.594] INFO 
			Log4j2SpyLogDelegator.methodReturned(Log4j2SpyLogDelegator.java:197) -  org.apache.commons.dbcp.DelegatingConnection.getAutoCommit(DelegatingConnection.java:337)
1. Connection.getAutoCommit() returned true
[2022-11-29 14:21:19.594] INFO 
			Log4j2SpyLogDelegator.methodReturned(Log4j2SpyLogDelegator.java:197) -  org.apache.commons.dbcp.DelegatingConnection.isClosed(DelegatingConnection.java:386)
1. Connection.isClosed() returned false
[2022-11-29 14:21:19.594] INFO 
			Log4j2SpyLogDelegator.methodReturned(Log4j2SpyLogDelegator.java:197) -  org.apache.commons.dbcp.DelegatingConnection.getAutoCommit(DelegatingConnection.java:337)
1. Connection.getAutoCommit() returned true
[2022-11-29 14:21:19.594] INFO 
			Log4j2SpyLogDelegator.methodReturned(Log4j2SpyLogDelegator.java:197) -  org.apache.commons.dbcp.DelegatingConnection.clearWarnings(DelegatingConnection.java:331)
1. Connection.clearWarnings() returned 
[2022-11-29 14:21:19.594] INFO 
			Log4j2SpyLogDelegator.methodReturned(Log4j2SpyLogDelegator.java:197) -  org.apache.commons.dbcp.DelegatingConnection.getAutoCommit(DelegatingConnection.java:337)
1. Connection.getAutoCommit() returned true
[2022-11-29 14:21:19.595] INFO 
			Log4j2SpyLogDelegator.connectionModified(Log4j2SpyLogDelegator.java:365) -  org.apache.commons.dbcp.DelegatingConnection.close(DelegatingConnection.java:247)
1. Connection closed. {executed in 0ms} 
open connections:  none
[2022-11-29 14:21:19.596] INFO 
			Log4j2SpyLogDelegator.methodReturned(Log4j2SpyLogDelegator.java:197) -  org.apache.commons.dbcp.DelegatingConnection.close(DelegatingConnection.java:247)
1. Connection.close() returned 
[2022-11-29 14:21:19.633] INFO 
			Log4j2SpyLogDelegator.connectionModified(Log4j2SpyLogDelegator.java:365) -  org.apache.commons.dbcp.DriverConnectionFactory.createConnection(DriverConnectionFactory.java:38)
2. Connection opened. {executed in 36ms} 
open connections:  2 (1)
[2022-11-29 14:21:19.633] INFO 
			Log4j2SpyLogDelegator.methodReturned(Log4j2SpyLogDelegator.java:197) -  org.apache.commons.dbcp.DriverConnectionFactory.createConnection(DriverConnectionFactory.java:38)
2. Connection.new Connection returned 
[2022-11-29 14:21:19.633] INFO 
			Log4j2SpyLogDelegator.methodReturned(Log4j2SpyLogDelegator.java:197) -  org.apache.commons.dbcp.PoolableConnectionFactory.initializeConnection(PoolableConnectionFactory.java:597)
2. Connection.isClosed() returned false
[2022-11-29 14:21:19.634] INFO 
			Log4j2SpyLogDelegator.methodReturned(Log4j2SpyLogDelegator.java:197) -  org.apache.commons.dbcp.DelegatingConnection.getAutoCommit(DelegatingConnection.java:337)
2. Connection.getAutoCommit() returned true
[2022-11-29 14:21:19.634] INFO 
			Log4j2SpyLogDelegator.methodReturned(Log4j2SpyLogDelegator.java:197) -  org.apache.commons.dbcp.DelegatingConnection.getAutoCommit(DelegatingConnection.java:337)
2. Connection.getAutoCommit() returned true
[2022-11-29 14:21:19.635] INFO 
			Log4j2SpyLogDelegator.methodReturned(Log4j2SpyLogDelegator.java:197) -  org.apache.commons.dbcp.DelegatingConnection.toString(DelegatingConnection.java:114)
2. Connection.isClosed() returned false
[2022-11-29 14:21:19.635] INFO 
			Log4j2SpyLogDelegator.methodReturned(Log4j2SpyLogDelegator.java:197) -  org.apache.commons.dbcp.DelegatingConnection.toString(DelegatingConnection.java:118)
2. Connection.getMetaData() returned oracle.jdbc.driver.OracleDatabaseMetaData@77a2aa4a
[2022-11-29 14:21:19.704] INFO 
			Log4j2SpyLogDelegator.methodReturned(Log4j2SpyLogDelegator.java:197) -  org.apache.commons.dbcp.DelegatingConnection.prepareStatement(DelegatingConnection.java:281)
2. PreparedStatement.new PreparedStatement returned 
[2022-11-29 14:21:19.705] INFO 
			Log4j2SpyLogDelegator.methodReturned(Log4j2SpyLogDelegator.java:197) -  org.apache.commons.dbcp.DelegatingConnection.prepareStatement(DelegatingConnection.java:281)
2. Connection.prepareStatement(DELETE FROM HR_MEMBER
    WHERE u_id = ?) returned net.sf.log4jdbc.sql.jdbcapi.PreparedStatementSpy@73437222
[2022-11-29 14:21:19.712] INFO 
			Log4j2SpyLogDelegator.methodReturned(Log4j2SpyLogDelegator.java:197) -  org.apache.commons.dbcp.DelegatingPreparedStatement.setString(DelegatingPreparedStatement.java:135)
2. PreparedStatement.setString(1, "p11_01") returned 
[2022-11-29 14:21:19.715] INFO 
			Log4j2SpyLogDelegator.sqlTimingOccurred(Log4j2SpyLogDelegator.java:243) -  org.apache.commons.dbcp.DelegatingPreparedStatement.execute(DelegatingPreparedStatement.java:172)
2. DELETE FROM HR_MEMBER WHERE u_id = 'p11_01'  {executed in 3 ms}
[2022-11-29 14:21:19.716] INFO 
			Log4j2SpyLogDelegator.methodReturned(Log4j2SpyLogDelegator.java:197) -  org.apache.commons.dbcp.DelegatingPreparedStatement.execute(DelegatingPreparedStatement.java:172)
2. PreparedStatement.execute() returned false
[2022-11-29 14:21:19.717] INFO 
			Log4j2SpyLogDelegator.methodReturned(Log4j2SpyLogDelegator.java:197) -  org.apache.commons.dbcp.DelegatingStatement.getUpdateCount(DelegatingStatement.java:267)
2. PreparedStatement.getUpdateCount() returned 0
[2022-11-29 14:21:19.717] INFO 
			Log4j2SpyLogDelegator.methodReturned(Log4j2SpyLogDelegator.java:197) -  org.apache.commons.dbcp.DelegatingStatement.close(DelegatingStatement.java:168)
2. PreparedStatement.close() returned 
[2022-11-29 14:21:19.718] INFO 
			Log4j2SpyLogDelegator.methodReturned(Log4j2SpyLogDelegator.java:197) -  org.apache.commons.dbcp.PoolableConnection.close(PoolableConnection.java:72)
2. Connection.isClosed() returned false
[2022-11-29 14:21:19.718] INFO 
			Log4j2SpyLogDelegator.methodReturned(Log4j2SpyLogDelegator.java:197) -  org.apache.commons.dbcp.DelegatingConnection.getAutoCommit(DelegatingConnection.java:337)
2. Connection.getAutoCommit() returned true
[2022-11-29 14:21:19.718] INFO 
			Log4j2SpyLogDelegator.methodReturned(Log4j2SpyLogDelegator.java:197) -  org.apache.commons.dbcp.DelegatingConnection.clearWarnings(DelegatingConnection.java:331)
2. Connection.clearWarnings() returned 
[2022-11-29 14:21:19.718] INFO 
			Log4j2SpyLogDelegator.methodReturned(Log4j2SpyLogDelegator.java:197) -  org.apache.commons.dbcp.DelegatingConnection.getAutoCommit(DelegatingConnection.java:337)
2. Connection.getAutoCommit() returned true
[2022-11-29 14:21:19.719] DEBUG
			UserDaoImpl.doDelete(UserDaoImpl.java:61) - │flag : 0
[2022-11-29 14:21:19.719] DEBUG
			UserDaoImpl.doDelete(UserDaoImpl.java:62) - └───────────────────────────────────┘
[2022-11-29 14:21:19.719] DEBUG
			PerformanceAroundAdvice.performanceAdvice(PerformanceAroundAdvice.java:23) - │method: doDelete
[2022-11-29 14:21:19.719] DEBUG
			PerformanceAroundAdvice.performanceAdvice(PerformanceAroundAdvice.java:24) - │583(ms)초
[2022-11-29 14:21:19.719] DEBUG
			PerformanceAroundAdvice.performanceAdvice(PerformanceAroundAdvice.java:25) - └───────────────────────────────────────────┘
[2022-11-29 14:21:19.719] DEBUG
			PerformanceAroundAdvice.performanceAdvice(PerformanceAroundAdvice.java:15) - ┌───────────────────────────────────────────┐
[2022-11-29 14:21:19.719] DEBUG
			UserDaoImpl.doDelete(UserDaoImpl.java:54) - ┌───────────────────────────────────┐
[2022-11-29 14:21:19.719] DEBUG
			UserDaoImpl.doDelete(UserDaoImpl.java:55) - │param : UserVO [uId=p11_02, name=마마무11_02, passwd=4321, level=SILVER, login=50, recommend=2, email=ckddls13@gmail.com, regDt=날짜_사용하지 않음, intLevel=2]
[2022-11-29 14:21:19.720] DEBUG
			UserDaoImpl.doDelete(UserDaoImpl.java:58) - │statement : com.pcwk.ehr.user.doDelete
[2022-11-29 14:21:19.720] DEBUG
			DataSourceUtils.doGetConnection(DataSourceUtils.java:116) - Fetching JDBC Connection from DataSource
[2022-11-29 14:21:19.720] INFO 
			Log4j2SpyLogDelegator.methodReturned(Log4j2SpyLogDelegator.java:197) -  org.apache.commons.dbcp.DelegatingConnection.getAutoCommit(DelegatingConnection.java:337)
2. Connection.getAutoCommit() returned true
[2022-11-29 14:21:19.720] INFO 
			Log4j2SpyLogDelegator.methodReturned(Log4j2SpyLogDelegator.java:197) -  org.apache.commons.dbcp.DelegatingConnection.getAutoCommit(DelegatingConnection.java:337)
2. Connection.getAutoCommit() returned true
[2022-11-29 14:21:19.720] INFO 
			Log4j2SpyLogDelegator.methodReturned(Log4j2SpyLogDelegator.java:197) -  org.apache.commons.dbcp.DelegatingConnection.toString(DelegatingConnection.java:114)
2. Connection.isClosed() returned false
[2022-11-29 14:21:19.720] INFO 
			Log4j2SpyLogDelegator.methodReturned(Log4j2SpyLogDelegator.java:197) -  org.apache.commons.dbcp.DelegatingConnection.toString(DelegatingConnection.java:118)
2. Connection.getMetaData() returned oracle.jdbc.driver.OracleDatabaseMetaData@77a2aa4a
[2022-11-29 14:21:19.721] INFO 
			Log4j2SpyLogDelegator.methodReturned(Log4j2SpyLogDelegator.java:197) -  org.apache.commons.dbcp.DelegatingConnection.prepareStatement(DelegatingConnection.java:281)
2. PreparedStatement.new PreparedStatement returned 
[2022-11-29 14:21:19.721] INFO 
			Log4j2SpyLogDelegator.methodReturned(Log4j2SpyLogDelegator.java:197) -  org.apache.commons.dbcp.DelegatingConnection.prepareStatement(DelegatingConnection.java:281)
2. Connection.prepareStatement(DELETE FROM HR_MEMBER
    WHERE u_id = ?) returned net.sf.log4jdbc.sql.jdbcapi.PreparedStatementSpy@31d6f3fe
[2022-11-29 14:21:19.721] INFO 
			Log4j2SpyLogDelegator.methodReturned(Log4j2SpyLogDelegator.java:197) -  org.apache.commons.dbcp.DelegatingPreparedStatement.setString(DelegatingPreparedStatement.java:135)
2. PreparedStatement.setString(1, "p11_02") returned 
[2022-11-29 14:21:19.723] INFO 
			Log4j2SpyLogDelegator.sqlTimingOccurred(Log4j2SpyLogDelegator.java:243) -  org.apache.commons.dbcp.DelegatingPreparedStatement.execute(DelegatingPreparedStatement.java:172)
2. DELETE FROM HR_MEMBER WHERE u_id = 'p11_02'  {executed in 1 ms}
[2022-11-29 14:21:19.723] INFO 
			Log4j2SpyLogDelegator.methodReturned(Log4j2SpyLogDelegator.java:197) -  org.apache.commons.dbcp.DelegatingPreparedStatement.execute(DelegatingPreparedStatement.java:172)
2. PreparedStatement.execute() returned false
[2022-11-29 14:21:19.723] INFO 
			Log4j2SpyLogDelegator.methodReturned(Log4j2SpyLogDelegator.java:197) -  org.apache.commons.dbcp.DelegatingStatement.getUpdateCount(DelegatingStatement.java:267)
2. PreparedStatement.getUpdateCount() returned 0
[2022-11-29 14:21:19.724] INFO 
			Log4j2SpyLogDelegator.methodReturned(Log4j2SpyLogDelegator.java:197) -  org.apache.commons.dbcp.DelegatingStatement.close(DelegatingStatement.java:168)
2. PreparedStatement.close() returned 
[2022-11-29 14:21:19.724] INFO 
			Log4j2SpyLogDelegator.methodReturned(Log4j2SpyLogDelegator.java:197) -  org.apache.commons.dbcp.PoolableConnection.close(PoolableConnection.java:72)
2. Connection.isClosed() returned false
[2022-11-29 14:21:19.724] INFO 
			Log4j2SpyLogDelegator.methodReturned(Log4j2SpyLogDelegator.java:197) -  org.apache.commons.dbcp.DelegatingConnection.getAutoCommit(DelegatingConnection.java:337)
2. Connection.getAutoCommit() returned true
[2022-11-29 14:21:19.724] INFO 
			Log4j2SpyLogDelegator.methodReturned(Log4j2SpyLogDelegator.java:197) -  org.apache.commons.dbcp.DelegatingConnection.clearWarnings(DelegatingConnection.java:331)
2. Connection.clearWarnings() returned 
[2022-11-29 14:21:19.725] INFO 
			Log4j2SpyLogDelegator.methodReturned(Log4j2SpyLogDelegator.java:197) -  org.apache.commons.dbcp.DelegatingConnection.getAutoCommit(DelegatingConnection.java:337)
2. Connection.getAutoCommit() returned true
[2022-11-29 14:21:19.725] DEBUG
			UserDaoImpl.doDelete(UserDaoImpl.java:61) - │flag : 0
[2022-11-29 14:21:19.725] DEBUG
			UserDaoImpl.doDelete(UserDaoImpl.java:62) - └───────────────────────────────────┘
[2022-11-29 14:21:19.725] DEBUG
			PerformanceAroundAdvice.performanceAdvice(PerformanceAroundAdvice.java:23) - │method: doDelete
[2022-11-29 14:21:19.725] DEBUG
			PerformanceAroundAdvice.performanceAdvice(PerformanceAroundAdvice.java:24) - │5(ms)초
[2022-11-29 14:21:19.725] DEBUG
			PerformanceAroundAdvice.performanceAdvice(PerformanceAroundAdvice.java:25) - └───────────────────────────────────────────┘
[2022-11-29 14:21:19.725] DEBUG
			PerformanceAroundAdvice.performanceAdvice(PerformanceAroundAdvice.java:15) - ┌───────────────────────────────────────────┐
[2022-11-29 14:21:19.725] DEBUG
			UserDaoImpl.doDelete(UserDaoImpl.java:54) - ┌───────────────────────────────────┐
[2022-11-29 14:21:19.725] DEBUG
			UserDaoImpl.doDelete(UserDaoImpl.java:55) - │param : UserVO [uId=p11_03, name=마마무11_03, passwd=4321, level=GOLD, login=100, recommend=31, email=ckddls13@gmail.com, regDt=날짜_사용하지 않음, intLevel=3]
[2022-11-29 14:21:19.726] DEBUG
			UserDaoImpl.doDelete(UserDaoImpl.java:58) - │statement : com.pcwk.ehr.user.doDelete
[2022-11-29 14:21:19.726] DEBUG
			DataSourceUtils.doGetConnection(DataSourceUtils.java:116) - Fetching JDBC Connection from DataSource
[2022-11-29 14:21:19.726] INFO 
			Log4j2SpyLogDelegator.methodReturned(Log4j2SpyLogDelegator.java:197) -  org.apache.commons.dbcp.DelegatingConnection.getAutoCommit(DelegatingConnection.java:337)
2. Connection.getAutoCommit() returned true
[2022-11-29 14:21:19.726] INFO 
			Log4j2SpyLogDelegator.methodReturned(Log4j2SpyLogDelegator.java:197) -  org.apache.commons.dbcp.DelegatingConnection.getAutoCommit(DelegatingConnection.java:337)
2. Connection.getAutoCommit() returned true
[2022-11-29 14:21:19.726] INFO 
			Log4j2SpyLogDelegator.methodReturned(Log4j2SpyLogDelegator.java:197) -  org.apache.commons.dbcp.DelegatingConnection.toString(DelegatingConnection.java:114)
2. Connection.isClosed() returned false
[2022-11-29 14:21:19.726] INFO 
			Log4j2SpyLogDelegator.methodReturned(Log4j2SpyLogDelegator.java:197) -  org.apache.commons.dbcp.DelegatingConnection.toString(DelegatingConnection.java:118)
2. Connection.getMetaData() returned oracle.jdbc.driver.OracleDatabaseMetaData@77a2aa4a
[2022-11-29 14:21:19.727] INFO 
			Log4j2SpyLogDelegator.methodReturned(Log4j2SpyLogDelegator.java:197) -  org.apache.commons.dbcp.DelegatingConnection.prepareStatement(DelegatingConnection.java:281)
2. PreparedStatement.new PreparedStatement returned 
[2022-11-29 14:21:19.727] INFO 
			Log4j2SpyLogDelegator.methodReturned(Log4j2SpyLogDelegator.java:197) -  org.apache.commons.dbcp.DelegatingConnection.prepareStatement(DelegatingConnection.java:281)
2. Connection.prepareStatement(DELETE FROM HR_MEMBER
    WHERE u_id = ?) returned net.sf.log4jdbc.sql.jdbcapi.PreparedStatementSpy@aa149ed
[2022-11-29 14:21:19.727] INFO 
			Log4j2SpyLogDelegator.methodReturned(Log4j2SpyLogDelegator.java:197) -  org.apache.commons.dbcp.DelegatingPreparedStatement.setString(DelegatingPreparedStatement.java:135)
2. PreparedStatement.setString(1, "p11_03") returned 
[2022-11-29 14:21:19.728] INFO 
			Log4j2SpyLogDelegator.sqlTimingOccurred(Log4j2SpyLogDelegator.java:243) -  org.apache.commons.dbcp.DelegatingPreparedStatement.execute(DelegatingPreparedStatement.java:172)
2. DELETE FROM HR_MEMBER WHERE u_id = 'p11_03'  {executed in 0 ms}
[2022-11-29 14:21:19.728] INFO 
			Log4j2SpyLogDelegator.methodReturned(Log4j2SpyLogDelegator.java:197) -  org.apache.commons.dbcp.DelegatingPreparedStatement.execute(DelegatingPreparedStatement.java:172)
2. PreparedStatement.execute() returned false
[2022-11-29 14:21:19.729] INFO 
			Log4j2SpyLogDelegator.methodReturned(Log4j2SpyLogDelegator.java:197) -  org.apache.commons.dbcp.DelegatingStatement.getUpdateCount(DelegatingStatement.java:267)
2. PreparedStatement.getUpdateCount() returned 0
[2022-11-29 14:21:19.729] INFO 
			Log4j2SpyLogDelegator.methodReturned(Log4j2SpyLogDelegator.java:197) -  org.apache.commons.dbcp.DelegatingStatement.close(DelegatingStatement.java:168)
2. PreparedStatement.close() returned 
[2022-11-29 14:21:19.729] INFO 
			Log4j2SpyLogDelegator.methodReturned(Log4j2SpyLogDelegator.java:197) -  org.apache.commons.dbcp.PoolableConnection.close(PoolableConnection.java:72)
2. Connection.isClosed() returned false
[2022-11-29 14:21:19.729] INFO 
			Log4j2SpyLogDelegator.methodReturned(Log4j2SpyLogDelegator.java:197) -  org.apache.commons.dbcp.DelegatingConnection.getAutoCommit(DelegatingConnection.java:337)
2. Connection.getAutoCommit() returned true
[2022-11-29 14:21:19.730] INFO 
			Log4j2SpyLogDelegator.methodReturned(Log4j2SpyLogDelegator.java:197) -  org.apache.commons.dbcp.DelegatingConnection.clearWarnings(DelegatingConnection.java:331)
2. Connection.clearWarnings() returned 
[2022-11-29 14:21:19.730] INFO 
			Log4j2SpyLogDelegator.methodReturned(Log4j2SpyLogDelegator.java:197) -  org.apache.commons.dbcp.DelegatingConnection.getAutoCommit(DelegatingConnection.java:337)
2. Connection.getAutoCommit() returned true
[2022-11-29 14:21:19.730] DEBUG
			UserDaoImpl.doDelete(UserDaoImpl.java:61) - │flag : 0
[2022-11-29 14:21:19.730] DEBUG
			UserDaoImpl.doDelete(UserDaoImpl.java:62) - └───────────────────────────────────┘
[2022-11-29 14:21:19.730] DEBUG
			PerformanceAroundAdvice.performanceAdvice(PerformanceAroundAdvice.java:23) - │method: doDelete
[2022-11-29 14:21:19.730] DEBUG
			PerformanceAroundAdvice.performanceAdvice(PerformanceAroundAdvice.java:24) - │4(ms)초
[2022-11-29 14:21:19.730] DEBUG
			PerformanceAroundAdvice.performanceAdvice(PerformanceAroundAdvice.java:25) - └───────────────────────────────────────────┘
[2022-11-29 14:21:19.730] DEBUG
			PerformanceAroundAdvice.performanceAdvice(PerformanceAroundAdvice.java:15) - ┌───────────────────────────────────────────┐
[2022-11-29 14:21:19.730] DEBUG
			UserDaoImpl.doDelete(UserDaoImpl.java:54) - ┌───────────────────────────────────┐
[2022-11-29 14:21:19.731] DEBUG
			UserDaoImpl.doDelete(UserDaoImpl.java:55) - │param : UserVO [uId=p11_04, name=마마무11_04, passwd=4321, level=GOLD, login=100, recommend=31, email=ckddls13@gmail.com, regDt=날짜_사용하지 않음, intLevel=3]
[2022-11-29 14:21:19.731] DEBUG
			UserDaoImpl.doDelete(UserDaoImpl.java:58) - │statement : com.pcwk.ehr.user.doDelete
[2022-11-29 14:21:19.731] DEBUG
			DataSourceUtils.doGetConnection(DataSourceUtils.java:116) - Fetching JDBC Connection from DataSource
[2022-11-29 14:21:19.731] INFO 
			Log4j2SpyLogDelegator.methodReturned(Log4j2SpyLogDelegator.java:197) -  org.apache.commons.dbcp.DelegatingConnection.getAutoCommit(DelegatingConnection.java:337)
2. Connection.getAutoCommit() returned true
[2022-11-29 14:21:19.731] INFO 
			Log4j2SpyLogDelegator.methodReturned(Log4j2SpyLogDelegator.java:197) -  org.apache.commons.dbcp.DelegatingConnection.getAutoCommit(DelegatingConnection.java:337)
2. Connection.getAutoCommit() returned true
[2022-11-29 14:21:19.731] INFO 
			Log4j2SpyLogDelegator.methodReturned(Log4j2SpyLogDelegator.java:197) -  org.apache.commons.dbcp.DelegatingConnection.toString(DelegatingConnection.java:114)
2. Connection.isClosed() returned false
[2022-11-29 14:21:19.731] INFO 
			Log4j2SpyLogDelegator.methodReturned(Log4j2SpyLogDelegator.java:197) -  org.apache.commons.dbcp.DelegatingConnection.toString(DelegatingConnection.java:118)
2. Connection.getMetaData() returned oracle.jdbc.driver.OracleDatabaseMetaData@77a2aa4a
[2022-11-29 14:21:19.732] INFO 
			Log4j2SpyLogDelegator.methodReturned(Log4j2SpyLogDelegator.java:197) -  org.apache.commons.dbcp.DelegatingConnection.prepareStatement(DelegatingConnection.java:281)
2. PreparedStatement.new PreparedStatement returned 
[2022-11-29 14:21:19.732] INFO 
			Log4j2SpyLogDelegator.methodReturned(Log4j2SpyLogDelegator.java:197) -  org.apache.commons.dbcp.DelegatingConnection.prepareStatement(DelegatingConnection.java:281)
2. Connection.prepareStatement(DELETE FROM HR_MEMBER
    WHERE u_id = ?) returned net.sf.log4jdbc.sql.jdbcapi.PreparedStatementSpy@31ff6309
[2022-11-29 14:21:19.732] INFO 
			Log4j2SpyLogDelegator.methodReturned(Log4j2SpyLogDelegator.java:197) -  org.apache.commons.dbcp.DelegatingPreparedStatement.setString(DelegatingPreparedStatement.java:135)
2. PreparedStatement.setString(1, "p11_04") returned 
[2022-11-29 14:21:19.733] INFO 
			Log4j2SpyLogDelegator.sqlTimingOccurred(Log4j2SpyLogDelegator.java:243) -  org.apache.commons.dbcp.DelegatingPreparedStatement.execute(DelegatingPreparedStatement.java:172)
2. DELETE FROM HR_MEMBER WHERE u_id = 'p11_04'  {executed in 0 ms}
[2022-11-29 14:21:19.733] INFO 
			Log4j2SpyLogDelegator.methodReturned(Log4j2SpyLogDelegator.java:197) -  org.apache.commons.dbcp.DelegatingPreparedStatement.execute(DelegatingPreparedStatement.java:172)
2. PreparedStatement.execute() returned false
[2022-11-29 14:21:19.734] INFO 
			Log4j2SpyLogDelegator.methodReturned(Log4j2SpyLogDelegator.java:197) -  org.apache.commons.dbcp.DelegatingStatement.getUpdateCount(DelegatingStatement.java:267)
2. PreparedStatement.getUpdateCount() returned 0
[2022-11-29 14:21:19.734] INFO 
			Log4j2SpyLogDelegator.methodReturned(Log4j2SpyLogDelegator.java:197) -  org.apache.commons.dbcp.DelegatingStatement.close(DelegatingStatement.java:168)
2. PreparedStatement.close() returned 
[2022-11-29 14:21:19.734] INFO 
			Log4j2SpyLogDelegator.methodReturned(Log4j2SpyLogDelegator.java:197) -  org.apache.commons.dbcp.PoolableConnection.close(PoolableConnection.java:72)
2. Connection.isClosed() returned false
[2022-11-29 14:21:19.734] INFO 
			Log4j2SpyLogDelegator.methodReturned(Log4j2SpyLogDelegator.java:197) -  org.apache.commons.dbcp.DelegatingConnection.getAutoCommit(DelegatingConnection.java:337)
2. Connection.getAutoCommit() returned true
[2022-11-29 14:21:19.735] INFO 
			Log4j2SpyLogDelegator.methodReturned(Log4j2SpyLogDelegator.java:197) -  org.apache.commons.dbcp.DelegatingConnection.clearWarnings(DelegatingConnection.java:331)
2. Connection.clearWarnings() returned 
[2022-11-29 14:21:19.735] INFO 
			Log4j2SpyLogDelegator.methodReturned(Log4j2SpyLogDelegator.java:197) -  org.apache.commons.dbcp.DelegatingConnection.getAutoCommit(DelegatingConnection.java:337)
2. Connection.getAutoCommit() returned true
[2022-11-29 14:21:19.735] DEBUG
			UserDaoImpl.doDelete(UserDaoImpl.java:61) - │flag : 0
[2022-11-29 14:21:19.735] DEBUG
			UserDaoImpl.doDelete(UserDaoImpl.java:62) - └───────────────────────────────────┘
[2022-11-29 14:21:19.735] DEBUG
			PerformanceAroundAdvice.performanceAdvice(PerformanceAroundAdvice.java:23) - │method: doDelete
[2022-11-29 14:21:19.735] DEBUG
			PerformanceAroundAdvice.performanceAdvice(PerformanceAroundAdvice.java:24) - │4(ms)초
[2022-11-29 14:21:19.735] DEBUG
			PerformanceAroundAdvice.performanceAdvice(PerformanceAroundAdvice.java:25) - └───────────────────────────────────────────┘
[2022-11-29 14:21:19.735] DEBUG
			PerformanceAroundAdvice.performanceAdvice(PerformanceAroundAdvice.java:15) - ┌───────────────────────────────────────────┐
[2022-11-29 14:21:19.736] DEBUG
			UserDaoImpl.doDelete(UserDaoImpl.java:54) - ┌───────────────────────────────────┐
[2022-11-29 14:21:19.736] DEBUG
			UserDaoImpl.doDelete(UserDaoImpl.java:55) - │param : UserVO [uId=p11_05, name=마마무11_05, passwd=4321, level=GOLD, login=100, recommend=31, email=ckddls13@gmail.com, regDt=날짜_사용하지 않음, intLevel=3]
[2022-11-29 14:21:19.736] DEBUG
			UserDaoImpl.doDelete(UserDaoImpl.java:58) - │statement : com.pcwk.ehr.user.doDelete
[2022-11-29 14:21:19.736] DEBUG
			DataSourceUtils.doGetConnection(DataSourceUtils.java:116) - Fetching JDBC Connection from DataSource
[2022-11-29 14:21:19.736] INFO 
			Log4j2SpyLogDelegator.methodReturned(Log4j2SpyLogDelegator.java:197) -  org.apache.commons.dbcp.DelegatingConnection.getAutoCommit(DelegatingConnection.java:337)
2. Connection.getAutoCommit() returned true
[2022-11-29 14:21:19.736] INFO 
			Log4j2SpyLogDelegator.methodReturned(Log4j2SpyLogDelegator.java:197) -  org.apache.commons.dbcp.DelegatingConnection.getAutoCommit(DelegatingConnection.java:337)
2. Connection.getAutoCommit() returned true
[2022-11-29 14:21:19.737] INFO 
			Log4j2SpyLogDelegator.methodReturned(Log4j2SpyLogDelegator.java:197) -  org.apache.commons.dbcp.DelegatingConnection.toString(DelegatingConnection.java:114)
2. Connection.isClosed() returned false
[2022-11-29 14:21:19.737] INFO 
			Log4j2SpyLogDelegator.methodReturned(Log4j2SpyLogDelegator.java:197) -  org.apache.commons.dbcp.DelegatingConnection.toString(DelegatingConnection.java:118)
2. Connection.getMetaData() returned oracle.jdbc.driver.OracleDatabaseMetaData@77a2aa4a
[2022-11-29 14:21:19.737] INFO 
			Log4j2SpyLogDelegator.methodReturned(Log4j2SpyLogDelegator.java:197) -  org.apache.commons.dbcp.DelegatingConnection.prepareStatement(DelegatingConnection.java:281)
2. PreparedStatement.new PreparedStatement returned 
[2022-11-29 14:21:19.737] INFO 
			Log4j2SpyLogDelegator.methodReturned(Log4j2SpyLogDelegator.java:197) -  org.apache.commons.dbcp.DelegatingConnection.prepareStatement(DelegatingConnection.java:281)
2. Connection.prepareStatement(DELETE FROM HR_MEMBER
    WHERE u_id = ?) returned net.sf.log4jdbc.sql.jdbcapi.PreparedStatementSpy@20a05b32
[2022-11-29 14:21:19.738] INFO 
			Log4j2SpyLogDelegator.methodReturned(Log4j2SpyLogDelegator.java:197) -  org.apache.commons.dbcp.DelegatingPreparedStatement.setString(DelegatingPreparedStatement.java:135)
2. PreparedStatement.setString(1, "p11_05") returned 
[2022-11-29 14:21:19.738] INFO 
			Log4j2SpyLogDelegator.sqlTimingOccurred(Log4j2SpyLogDelegator.java:243) -  org.apache.commons.dbcp.DelegatingPreparedStatement.execute(DelegatingPreparedStatement.java:172)
2. DELETE FROM HR_MEMBER WHERE u_id = 'p11_05'  {executed in 0 ms}
[2022-11-29 14:21:19.738] INFO 
			Log4j2SpyLogDelegator.methodReturned(Log4j2SpyLogDelegator.java:197) -  org.apache.commons.dbcp.DelegatingPreparedStatement.execute(DelegatingPreparedStatement.java:172)
2. PreparedStatement.execute() returned false
[2022-11-29 14:21:19.738] INFO 
			Log4j2SpyLogDelegator.methodReturned(Log4j2SpyLogDelegator.java:197) -  org.apache.commons.dbcp.DelegatingStatement.getUpdateCount(DelegatingStatement.java:267)
2. PreparedStatement.getUpdateCount() returned 0
[2022-11-29 14:21:19.738] INFO 
			Log4j2SpyLogDelegator.methodReturned(Log4j2SpyLogDelegator.java:197) -  org.apache.commons.dbcp.DelegatingStatement.close(DelegatingStatement.java:168)
2. PreparedStatement.close() returned 
[2022-11-29 14:21:19.739] INFO 
			Log4j2SpyLogDelegator.methodReturned(Log4j2SpyLogDelegator.java:197) -  org.apache.commons.dbcp.PoolableConnection.close(PoolableConnection.java:72)
2. Connection.isClosed() returned false
[2022-11-29 14:21:19.739] INFO 
			Log4j2SpyLogDelegator.methodReturned(Log4j2SpyLogDelegator.java:197) -  org.apache.commons.dbcp.DelegatingConnection.getAutoCommit(DelegatingConnection.java:337)
2. Connection.getAutoCommit() returned true
[2022-11-29 14:21:19.739] INFO 
			Log4j2SpyLogDelegator.methodReturned(Log4j2SpyLogDelegator.java:197) -  org.apache.commons.dbcp.DelegatingConnection.clearWarnings(DelegatingConnection.java:331)
2. Connection.clearWarnings() returned 
[2022-11-29 14:21:19.739] INFO 
			Log4j2SpyLogDelegator.methodReturned(Log4j2SpyLogDelegator.java:197) -  org.apache.commons.dbcp.DelegatingConnection.getAutoCommit(DelegatingConnection.java:337)
2. Connection.getAutoCommit() returned true
[2022-11-29 14:21:19.739] DEBUG
			UserDaoImpl.doDelete(UserDaoImpl.java:61) - │flag : 0
[2022-11-29 14:21:19.739] DEBUG
			UserDaoImpl.doDelete(UserDaoImpl.java:62) - └───────────────────────────────────┘
[2022-11-29 14:21:19.740] DEBUG
			PerformanceAroundAdvice.performanceAdvice(PerformanceAroundAdvice.java:23) - │method: doDelete
[2022-11-29 14:21:19.740] DEBUG
			PerformanceAroundAdvice.performanceAdvice(PerformanceAroundAdvice.java:24) - │4(ms)초
[2022-11-29 14:21:19.740] DEBUG
			PerformanceAroundAdvice.performanceAdvice(PerformanceAroundAdvice.java:25) - └───────────────────────────────────────────┘
[2022-11-29 14:21:19.740] DEBUG
			PerformanceAroundAdvice.performanceAdvice(PerformanceAroundAdvice.java:15) - ┌───────────────────────────────────────────┐
[2022-11-29 14:21:19.740] DEBUG
			UserDaoImpl.doSave(UserDaoImpl.java:40) - ┌───────────────────────────────────┐
[2022-11-29 14:21:19.740] DEBUG
			UserDaoImpl.doSave(UserDaoImpl.java:41) - │param : UserVO [uId=p11_01, name=마마무11_01, passwd=4321, level=BASIC, login=1, recommend=0, email=jci1203@naver.com, regDt=날짜_사용하지 않음, intLevel=1]
[2022-11-29 14:21:19.740] DEBUG
			UserDaoImpl.doSave(UserDaoImpl.java:44) - │statement : com.pcwk.ehr.user.doSave
[2022-11-29 14:21:19.740] DEBUG
			DataSourceUtils.doGetConnection(DataSourceUtils.java:116) - Fetching JDBC Connection from DataSource
[2022-11-29 14:21:19.741] INFO 
			Log4j2SpyLogDelegator.methodReturned(Log4j2SpyLogDelegator.java:197) -  org.apache.commons.dbcp.DelegatingConnection.getAutoCommit(DelegatingConnection.java:337)
2. Connection.getAutoCommit() returned true
[2022-11-29 14:21:19.741] INFO 
			Log4j2SpyLogDelegator.methodReturned(Log4j2SpyLogDelegator.java:197) -  org.apache.commons.dbcp.DelegatingConnection.getAutoCommit(DelegatingConnection.java:337)
2. Connection.getAutoCommit() returned true
[2022-11-29 14:21:19.741] INFO 
			Log4j2SpyLogDelegator.methodReturned(Log4j2SpyLogDelegator.java:197) -  org.apache.commons.dbcp.DelegatingConnection.toString(DelegatingConnection.java:114)
2. Connection.isClosed() returned false
[2022-11-29 14:21:19.741] INFO 
			Log4j2SpyLogDelegator.methodReturned(Log4j2SpyLogDelegator.java:197) -  org.apache.commons.dbcp.DelegatingConnection.toString(DelegatingConnection.java:118)
2. Connection.getMetaData() returned oracle.jdbc.driver.OracleDatabaseMetaData@77a2aa4a
[2022-11-29 14:21:19.742] INFO 
			Log4j2SpyLogDelegator.methodReturned(Log4j2SpyLogDelegator.java:197) -  org.apache.commons.dbcp.DelegatingConnection.prepareStatement(DelegatingConnection.java:281)
2. PreparedStatement.new PreparedStatement returned 
[2022-11-29 14:21:19.742] INFO 
			Log4j2SpyLogDelegator.methodReturned(Log4j2SpyLogDelegator.java:197) -  org.apache.commons.dbcp.DelegatingConnection.prepareStatement(DelegatingConnection.java:281)
2. Connection.prepareStatement(INSERT INTO hr_member (
      u_id,
      name,
      passwd,
      u_level,
      login,
      recommend,
      email,
      reg_dt
      ) VALUES (
      ?,
      ?,
      ?,
      ?,
      ?,
      ?,
      ?,
      SYSDATE
      )) returned net.sf.log4jdbc.sql.jdbcapi.PreparedStatementSpy@5c73f672
[2022-11-29 14:21:19.742] INFO 
			Log4j2SpyLogDelegator.methodReturned(Log4j2SpyLogDelegator.java:197) -  org.apache.commons.dbcp.DelegatingPreparedStatement.setString(DelegatingPreparedStatement.java:135)
2. PreparedStatement.setString(1, "p11_01") returned 
[2022-11-29 14:21:19.742] INFO 
			Log4j2SpyLogDelegator.methodReturned(Log4j2SpyLogDelegator.java:197) -  org.apache.commons.dbcp.DelegatingPreparedStatement.setString(DelegatingPreparedStatement.java:135)
2. PreparedStatement.setString(2, "마마무11_01") returned 
[2022-11-29 14:21:19.743] INFO 
			Log4j2SpyLogDelegator.methodReturned(Log4j2SpyLogDelegator.java:197) -  org.apache.commons.dbcp.DelegatingPreparedStatement.setString(DelegatingPreparedStatement.java:135)
2. PreparedStatement.setString(3, "4321") returned 
[2022-11-29 14:21:19.744] INFO 
			Log4j2SpyLogDelegator.methodReturned(Log4j2SpyLogDelegator.java:197) -  org.apache.commons.dbcp.DelegatingPreparedStatement.setInt(DelegatingPreparedStatement.java:120)
2. PreparedStatement.setInt(4, 1) returned 
[2022-11-29 14:21:19.744] INFO 
			Log4j2SpyLogDelegator.methodReturned(Log4j2SpyLogDelegator.java:197) -  org.apache.commons.dbcp.DelegatingPreparedStatement.setInt(DelegatingPreparedStatement.java:120)
2. PreparedStatement.setInt(5, 1) returned 
[2022-11-29 14:21:19.744] INFO 
			Log4j2SpyLogDelegator.methodReturned(Log4j2SpyLogDelegator.java:197) -  org.apache.commons.dbcp.DelegatingPreparedStatement.setInt(DelegatingPreparedStatement.java:120)
2. PreparedStatement.setInt(6, 0) returned 
[2022-11-29 14:21:19.745] INFO 
			Log4j2SpyLogDelegator.methodReturned(Log4j2SpyLogDelegator.java:197) -  org.apache.commons.dbcp.DelegatingPreparedStatement.setString(DelegatingPreparedStatement.java:135)
2. PreparedStatement.setString(7, "jci1203@naver.com") returned 
[2022-11-29 14:21:19.751] INFO 
			Log4j2SpyLogDelegator.sqlTimingOccurred(Log4j2SpyLogDelegator.java:243) -  org.apache.commons.dbcp.DelegatingPreparedStatement.execute(DelegatingPreparedStatement.java:172)
2. INSERT INTO hr_member ( u_id, name, passwd, u_level, login, recommend, email, reg_dt ) VALUES 
( 'p11_01', '마마무11_01', '4321', 1, 1, 0, 'jci1203@naver.com', SYSDATE )  {executed in 6 ms}
[2022-11-29 14:21:19.751] INFO 
			Log4j2SpyLogDelegator.methodReturned(Log4j2SpyLogDelegator.java:197) -  org.apache.commons.dbcp.DelegatingPreparedStatement.execute(DelegatingPreparedStatement.java:172)
2. PreparedStatement.execute() returned false
[2022-11-29 14:21:19.751] INFO 
			Log4j2SpyLogDelegator.methodReturned(Log4j2SpyLogDelegator.java:197) -  org.apache.commons.dbcp.DelegatingStatement.getUpdateCount(DelegatingStatement.java:267)
2. PreparedStatement.getUpdateCount() returned 1
[2022-11-29 14:21:19.752] INFO 
			Log4j2SpyLogDelegator.methodReturned(Log4j2SpyLogDelegator.java:197) -  org.apache.commons.dbcp.DelegatingStatement.close(DelegatingStatement.java:168)
2. PreparedStatement.close() returned 
[2022-11-29 14:21:19.752] INFO 
			Log4j2SpyLogDelegator.methodReturned(Log4j2SpyLogDelegator.java:197) -  org.apache.commons.dbcp.PoolableConnection.close(PoolableConnection.java:72)
2. Connection.isClosed() returned false
[2022-11-29 14:21:19.752] INFO 
			Log4j2SpyLogDelegator.methodReturned(Log4j2SpyLogDelegator.java:197) -  org.apache.commons.dbcp.DelegatingConnection.getAutoCommit(DelegatingConnection.java:337)
2. Connection.getAutoCommit() returned true
[2022-11-29 14:21:19.752] INFO 
			Log4j2SpyLogDelegator.methodReturned(Log4j2SpyLogDelegator.java:197) -  org.apache.commons.dbcp.DelegatingConnection.clearWarnings(DelegatingConnection.java:331)
2. Connection.clearWarnings() returned 
[2022-11-29 14:21:19.752] INFO 
			Log4j2SpyLogDelegator.methodReturned(Log4j2SpyLogDelegator.java:197) -  org.apache.commons.dbcp.DelegatingConnection.getAutoCommit(DelegatingConnection.java:337)
2. Connection.getAutoCommit() returned true
[2022-11-29 14:21:19.753] DEBUG
			UserDaoImpl.doSave(UserDaoImpl.java:47) - │flag : 1
[2022-11-29 14:21:19.753] DEBUG
			UserDaoImpl.doSave(UserDaoImpl.java:48) - └───────────────────────────────────┘
[2022-11-29 14:21:19.753] DEBUG
			PerformanceAroundAdvice.performanceAdvice(PerformanceAroundAdvice.java:23) - │method: doSave
[2022-11-29 14:21:19.753] DEBUG
			PerformanceAroundAdvice.performanceAdvice(PerformanceAroundAdvice.java:24) - │12(ms)초
[2022-11-29 14:21:19.753] DEBUG
			PerformanceAroundAdvice.performanceAdvice(PerformanceAroundAdvice.java:25) - └───────────────────────────────────────────┘
[2022-11-29 14:21:19.753] DEBUG
			PerformanceAroundAdvice.performanceAdvice(PerformanceAroundAdvice.java:15) - ┌───────────────────────────────────────────┐
[2022-11-29 14:21:19.753] DEBUG
			UserDaoImpl.getCount(UserDaoImpl.java:130) - ┌───────────────────────────────────┐
[2022-11-29 14:21:19.753] DEBUG
			UserDaoImpl.getCount(UserDaoImpl.java:131) - │param : UserVO [uId=p11, name=마마무_search, passwd=4321, level=BASIC, login=1, recommend=0, email=jci1203@naver.com, regDt=날짜_사용하지 않음, intLevel=1]
[2022-11-29 14:21:19.753] DEBUG
			UserDaoImpl.getCount(UserDaoImpl.java:132) - │statement : com.pcwk.ehr.user.getCount
[2022-11-29 14:21:19.754] DEBUG
			DataSourceUtils.doGetConnection(DataSourceUtils.java:116) - Fetching JDBC Connection from DataSource
[2022-11-29 14:21:19.755] INFO 
			Log4j2SpyLogDelegator.methodReturned(Log4j2SpyLogDelegator.java:197) -  org.apache.commons.dbcp.DelegatingConnection.getAutoCommit(DelegatingConnection.java:337)
2. Connection.getAutoCommit() returned true
[2022-11-29 14:21:19.755] INFO 
			Log4j2SpyLogDelegator.methodReturned(Log4j2SpyLogDelegator.java:197) -  org.apache.commons.dbcp.DelegatingConnection.getAutoCommit(DelegatingConnection.java:337)
2. Connection.getAutoCommit() returned true
[2022-11-29 14:21:19.755] INFO 
			Log4j2SpyLogDelegator.methodReturned(Log4j2SpyLogDelegator.java:197) -  org.apache.commons.dbcp.DelegatingConnection.toString(DelegatingConnection.java:114)
2. Connection.isClosed() returned false
[2022-11-29 14:21:19.755] INFO 
			Log4j2SpyLogDelegator.methodReturned(Log4j2SpyLogDelegator.java:197) -  org.apache.commons.dbcp.DelegatingConnection.toString(DelegatingConnection.java:118)
2. Connection.getMetaData() returned oracle.jdbc.driver.OracleDatabaseMetaData@77a2aa4a
[2022-11-29 14:21:19.755] INFO 
			Log4j2SpyLogDelegator.methodReturned(Log4j2SpyLogDelegator.java:197) -  org.apache.commons.dbcp.DelegatingConnection.prepareStatement(DelegatingConnection.java:281)
2. PreparedStatement.new PreparedStatement returned 
[2022-11-29 14:21:19.756] INFO 
			Log4j2SpyLogDelegator.methodReturned(Log4j2SpyLogDelegator.java:197) -  org.apache.commons.dbcp.DelegatingConnection.prepareStatement(DelegatingConnection.java:281)
2. Connection.prepareStatement(SELECT COUNT(*) cnt     
           FROM HR_MEMBER          
           WHERE u_id LIKE ? || '%') returned net.sf.log4jdbc.sql.jdbcapi.PreparedStatementSpy@46731692
[2022-11-29 14:21:19.756] INFO 
			Log4j2SpyLogDelegator.methodReturned(Log4j2SpyLogDelegator.java:197) -  org.apache.commons.dbcp.DelegatingPreparedStatement.setString(DelegatingPreparedStatement.java:135)
2. PreparedStatement.setString(1, "p11") returned 
[2022-11-29 14:21:19.790] INFO 
			Log4j2SpyLogDelegator.sqlTimingOccurred(Log4j2SpyLogDelegator.java:243) -  org.apache.commons.dbcp.DelegatingPreparedStatement.execute(DelegatingPreparedStatement.java:172)
2. SELECT COUNT(*) cnt FROM HR_MEMBER WHERE u_id LIKE 'p11' || '%'  {executed in 34 ms}
[2022-11-29 14:21:19.791] INFO 
			Log4j2SpyLogDelegator.methodReturned(Log4j2SpyLogDelegator.java:197) -  org.apache.commons.dbcp.DelegatingPreparedStatement.execute(DelegatingPreparedStatement.java:172)
2. PreparedStatement.execute() returned true
[2022-11-29 14:21:19.798] INFO 
			Log4j2SpyLogDelegator.methodReturned(Log4j2SpyLogDelegator.java:197) -  org.apache.commons.dbcp.DelegatingStatement.getResultSet(DelegatingStatement.java:219)
2. ResultSet.new ResultSet returned 
[2022-11-29 14:21:19.798] INFO 
			Log4j2SpyLogDelegator.methodReturned(Log4j2SpyLogDelegator.java:197) -  org.apache.commons.dbcp.DelegatingStatement.getResultSet(DelegatingStatement.java:219)
2. PreparedStatement.getResultSet() returned net.sf.log4jdbc.sql.jdbcapi.ResultSetSpy@6ff6efdc
[2022-11-29 14:21:19.805] INFO 
			Log4j2SpyLogDelegator.methodReturned(Log4j2SpyLogDelegator.java:197) -  org.apache.commons.dbcp.DelegatingResultSet.getMetaData(DelegatingResultSet.java:322)
2. ResultSet.getMetaData() returned oracle.jdbc.driver.OracleResultSetMetaData@396ef8b2
[2022-11-29 14:21:19.806] INFO 
			Log4j2SpyLogDelegator.methodReturned(Log4j2SpyLogDelegator.java:197) -  org.apache.commons.dbcp.DelegatingResultSet.getType(DelegatingResultSet.java:394)
2. ResultSet.getType() returned 1003
[2022-11-29 14:21:19.806] INFO 
			Log4j2SpyLogDelegator.methodReturned(Log4j2SpyLogDelegator.java:197) -  org.apache.commons.dbcp.DelegatingResultSet.isClosed(DelegatingResultSet.java:688)
2. ResultSet.isClosed() returned false
[2022-11-29 14:21:19.806] INFO 
			Log4j2SpyLogDelegator.methodReturned(Log4j2SpyLogDelegator.java:197) -  org.apache.commons.dbcp.DelegatingResultSet.next(DelegatingResultSet.java:207)
2. ResultSet.next() returned true
[2022-11-29 14:21:19.808] INFO 
			Log4j2SpyLogDelegator.methodReturned(Log4j2SpyLogDelegator.java:197) -  org.apache.commons.dbcp.DelegatingResultSet.getInt(DelegatingResultSet.java:275)
2. ResultSet.getInt(CNT) returned 1
[2022-11-29 14:21:19.808] INFO 
			Log4j2SpyLogDelegator.methodReturned(Log4j2SpyLogDelegator.java:197) -  org.apache.commons.dbcp.DelegatingResultSet.isClosed(DelegatingResultSet.java:688)
2. ResultSet.isClosed() returned false
[2022-11-29 14:21:19.809] INFO 
			Log4j2SpyLogDelegator.resultSetCollected(Log4j2SpyLogDelegator.java:390) - 
|----|
|cnt |
|----|
|1   |
|----|

[2022-11-29 14:21:19.809] INFO 
			Log4j2SpyLogDelegator.methodReturned(Log4j2SpyLogDelegator.java:197) -  org.apache.commons.dbcp.DelegatingResultSet.next(DelegatingResultSet.java:207)
2. ResultSet.next() returned false
[2022-11-29 14:21:19.810] INFO 
			Log4j2SpyLogDelegator.methodReturned(Log4j2SpyLogDelegator.java:197) -  org.apache.commons.dbcp.DelegatingResultSet.close(DelegatingResultSet.java:187)
2. ResultSet.close() returned void
[2022-11-29 14:21:19.811] INFO 
			Log4j2SpyLogDelegator.methodReturned(Log4j2SpyLogDelegator.java:197) -  org.apache.commons.dbcp.DelegatingConnection.getMetaData(DelegatingConnection.java:345)
2. Connection.getMetaData() returned oracle.jdbc.driver.OracleDatabaseMetaData@77a2aa4a
[2022-11-29 14:21:19.812] INFO 
			Log4j2SpyLogDelegator.methodReturned(Log4j2SpyLogDelegator.java:197) -  org.apache.commons.dbcp.DelegatingStatement.close(DelegatingStatement.java:168)
2. PreparedStatement.close() returned 
[2022-11-29 14:21:19.812] INFO 
			Log4j2SpyLogDelegator.methodReturned(Log4j2SpyLogDelegator.java:197) -  org.apache.commons.dbcp.PoolableConnection.close(PoolableConnection.java:72)
2. Connection.isClosed() returned false
[2022-11-29 14:21:19.812] INFO 
			Log4j2SpyLogDelegator.methodReturned(Log4j2SpyLogDelegator.java:197) -  org.apache.commons.dbcp.DelegatingConnection.getAutoCommit(DelegatingConnection.java:337)
2. Connection.getAutoCommit() returned true
[2022-11-29 14:21:19.813] INFO 
			Log4j2SpyLogDelegator.methodReturned(Log4j2SpyLogDelegator.java:197) -  org.apache.commons.dbcp.DelegatingConnection.clearWarnings(DelegatingConnection.java:331)
2. Connection.clearWarnings() returned 
[2022-11-29 14:21:19.813] INFO 
			Log4j2SpyLogDelegator.methodReturned(Log4j2SpyLogDelegator.java:197) -  org.apache.commons.dbcp.DelegatingConnection.getAutoCommit(DelegatingConnection.java:337)
2. Connection.getAutoCommit() returned true
[2022-11-29 14:21:19.813] DEBUG
			UserDaoImpl.getCount(UserDaoImpl.java:134) - │count : 1
[2022-11-29 14:21:19.813] DEBUG
			UserDaoImpl.getCount(UserDaoImpl.java:135) - └───────────────────────────────────┘
[2022-11-29 14:21:19.813] DEBUG
			PerformanceAroundAdvice.performanceAdvice(PerformanceAroundAdvice.java:23) - │method: getCount
[2022-11-29 14:21:19.813] DEBUG
			PerformanceAroundAdvice.performanceAdvice(PerformanceAroundAdvice.java:24) - │60(ms)초
[2022-11-29 14:21:19.813] DEBUG
			PerformanceAroundAdvice.performanceAdvice(PerformanceAroundAdvice.java:25) - └───────────────────────────────────────────┘
[2022-11-29 14:21:19.813] DEBUG
			PerformanceAroundAdvice.performanceAdvice(PerformanceAroundAdvice.java:15) - ┌───────────────────────────────────────────┐
[2022-11-29 14:21:19.814] DEBUG
			UserDaoImpl.idCheck(UserDaoImpl.java:143) - ┌───────────────────────────────────┐
[2022-11-29 14:21:19.814] DEBUG
			UserDaoImpl.idCheck(UserDaoImpl.java:144) - │param : UserVO [uId=p11_01, name=마마무11_01, passwd=4321, level=BASIC, login=1, recommend=0, email=jci1203@naver.com, regDt=날짜_사용하지 않음, intLevel=1]
[2022-11-29 14:21:19.814] DEBUG
			UserDaoImpl.idCheck(UserDaoImpl.java:145) - │statement : com.pcwk.ehr.user.idCheck
[2022-11-29 14:21:19.814] DEBUG
			DataSourceUtils.doGetConnection(DataSourceUtils.java:116) - Fetching JDBC Connection from DataSource
[2022-11-29 14:21:19.814] INFO 
			Log4j2SpyLogDelegator.methodReturned(Log4j2SpyLogDelegator.java:197) -  org.apache.commons.dbcp.DelegatingConnection.getAutoCommit(DelegatingConnection.java:337)
2. Connection.getAutoCommit() returned true
[2022-11-29 14:21:19.814] INFO 
			Log4j2SpyLogDelegator.methodReturned(Log4j2SpyLogDelegator.java:197) -  org.apache.commons.dbcp.DelegatingConnection.getAutoCommit(DelegatingConnection.java:337)
2. Connection.getAutoCommit() returned true
[2022-11-29 14:21:19.814] INFO 
			Log4j2SpyLogDelegator.methodReturned(Log4j2SpyLogDelegator.java:197) -  org.apache.commons.dbcp.DelegatingConnection.toString(DelegatingConnection.java:114)
2. Connection.isClosed() returned false
[2022-11-29 14:21:19.815] INFO 
			Log4j2SpyLogDelegator.methodReturned(Log4j2SpyLogDelegator.java:197) -  org.apache.commons.dbcp.DelegatingConnection.toString(DelegatingConnection.java:118)
2. Connection.getMetaData() returned oracle.jdbc.driver.OracleDatabaseMetaData@77a2aa4a
[2022-11-29 14:21:19.816] INFO 
			Log4j2SpyLogDelegator.methodReturned(Log4j2SpyLogDelegator.java:197) -  org.apache.commons.dbcp.DelegatingConnection.prepareStatement(DelegatingConnection.java:281)
2. PreparedStatement.new PreparedStatement returned 
[2022-11-29 14:21:19.816] INFO 
			Log4j2SpyLogDelegator.methodReturned(Log4j2SpyLogDelegator.java:197) -  org.apache.commons.dbcp.DelegatingConnection.prepareStatement(DelegatingConnection.java:281)
2. Connection.prepareStatement(--ID중복체크
		  SELECT COUNT(*) as cnt
		  FROM hr_member
		  WHERE u_id = ?) returned net.sf.log4jdbc.sql.jdbcapi.PreparedStatementSpy@45c2e0a6
[2022-11-29 14:21:19.817] INFO 
			Log4j2SpyLogDelegator.methodReturned(Log4j2SpyLogDelegator.java:197) -  org.apache.commons.dbcp.DelegatingPreparedStatement.setString(DelegatingPreparedStatement.java:135)
2. PreparedStatement.setString(1, "p11_01") returned 
[2022-11-29 14:21:19.818] INFO 
			Log4j2SpyLogDelegator.sqlTimingOccurred(Log4j2SpyLogDelegator.java:243) -  org.apache.commons.dbcp.DelegatingPreparedStatement.execute(DelegatingPreparedStatement.java:172)
2. --ID중복체크 SELECT COUNT(*) as cnt FROM hr_member WHERE u_id = 'p11_01'  {executed in 1 ms}
[2022-11-29 14:21:19.818] INFO 
			Log4j2SpyLogDelegator.methodReturned(Log4j2SpyLogDelegator.java:197) -  org.apache.commons.dbcp.DelegatingPreparedStatement.execute(DelegatingPreparedStatement.java:172)
2. PreparedStatement.execute() returned true
[2022-11-29 14:21:19.818] INFO 
			Log4j2SpyLogDelegator.methodReturned(Log4j2SpyLogDelegator.java:197) -  org.apache.commons.dbcp.DelegatingStatement.getResultSet(DelegatingStatement.java:219)
2. ResultSet.new ResultSet returned 
[2022-11-29 14:21:19.819] INFO 
			Log4j2SpyLogDelegator.methodReturned(Log4j2SpyLogDelegator.java:197) -  org.apache.commons.dbcp.DelegatingStatement.getResultSet(DelegatingStatement.java:219)
2. PreparedStatement.getResultSet() returned net.sf.log4jdbc.sql.jdbcapi.ResultSetSpy@119c745c
[2022-11-29 14:21:19.819] INFO 
			Log4j2SpyLogDelegator.methodReturned(Log4j2SpyLogDelegator.java:197) -  org.apache.commons.dbcp.DelegatingResultSet.getMetaData(DelegatingResultSet.java:322)
2. ResultSet.getMetaData() returned oracle.jdbc.driver.OracleResultSetMetaData@a7ad6e5
[2022-11-29 14:21:19.819] INFO 
			Log4j2SpyLogDelegator.methodReturned(Log4j2SpyLogDelegator.java:197) -  org.apache.commons.dbcp.DelegatingResultSet.getType(DelegatingResultSet.java:394)
2. ResultSet.getType() returned 1003
[2022-11-29 14:21:19.820] INFO 
			Log4j2SpyLogDelegator.methodReturned(Log4j2SpyLogDelegator.java:197) -  org.apache.commons.dbcp.DelegatingResultSet.isClosed(DelegatingResultSet.java:688)
2. ResultSet.isClosed() returned false
[2022-11-29 14:21:19.820] INFO 
			Log4j2SpyLogDelegator.methodReturned(Log4j2SpyLogDelegator.java:197) -  org.apache.commons.dbcp.DelegatingResultSet.next(DelegatingResultSet.java:207)
2. ResultSet.next() returned true
[2022-11-29 14:21:19.820] INFO 
			Log4j2SpyLogDelegator.methodReturned(Log4j2SpyLogDelegator.java:197) -  org.apache.commons.dbcp.DelegatingResultSet.getInt(DelegatingResultSet.java:275)
2. ResultSet.getInt(CNT) returned 1
[2022-11-29 14:21:19.820] INFO 
			Log4j2SpyLogDelegator.methodReturned(Log4j2SpyLogDelegator.java:197) -  org.apache.commons.dbcp.DelegatingResultSet.isClosed(DelegatingResultSet.java:688)
2. ResultSet.isClosed() returned false
[2022-11-29 14:21:19.821] INFO 
			Log4j2SpyLogDelegator.resultSetCollected(Log4j2SpyLogDelegator.java:390) - 
|----|
|cnt |
|----|
|1   |
|----|

[2022-11-29 14:21:19.821] INFO 
			Log4j2SpyLogDelegator.methodReturned(Log4j2SpyLogDelegator.java:197) -  org.apache.commons.dbcp.DelegatingResultSet.next(DelegatingResultSet.java:207)
2. ResultSet.next() returned false
[2022-11-29 14:21:19.821] INFO 
			Log4j2SpyLogDelegator.methodReturned(Log4j2SpyLogDelegator.java:197) -  org.apache.commons.dbcp.DelegatingResultSet.close(DelegatingResultSet.java:187)
2. ResultSet.close() returned void
[2022-11-29 14:21:19.822] INFO 
			Log4j2SpyLogDelegator.methodReturned(Log4j2SpyLogDelegator.java:197) -  org.apache.commons.dbcp.DelegatingConnection.getMetaData(DelegatingConnection.java:345)
2. Connection.getMetaData() returned oracle.jdbc.driver.OracleDatabaseMetaData@77a2aa4a
[2022-11-29 14:21:19.822] INFO 
			Log4j2SpyLogDelegator.methodReturned(Log4j2SpyLogDelegator.java:197) -  org.apache.commons.dbcp.DelegatingStatement.close(DelegatingStatement.java:168)
2. PreparedStatement.close() returned 
[2022-11-29 14:21:19.822] INFO 
			Log4j2SpyLogDelegator.methodReturned(Log4j2SpyLogDelegator.java:197) -  org.apache.commons.dbcp.PoolableConnection.close(PoolableConnection.java:72)
2. Connection.isClosed() returned false
[2022-11-29 14:21:19.822] INFO 
			Log4j2SpyLogDelegator.methodReturned(Log4j2SpyLogDelegator.java:197) -  org.apache.commons.dbcp.DelegatingConnection.getAutoCommit(DelegatingConnection.java:337)
2. Connection.getAutoCommit() returned true
[2022-11-29 14:21:19.822] INFO 
			Log4j2SpyLogDelegator.methodReturned(Log4j2SpyLogDelegator.java:197) -  org.apache.commons.dbcp.DelegatingConnection.clearWarnings(DelegatingConnection.java:331)
2. Connection.clearWarnings() returned 
[2022-11-29 14:21:19.823] INFO 
			Log4j2SpyLogDelegator.methodReturned(Log4j2SpyLogDelegator.java:197) -  org.apache.commons.dbcp.DelegatingConnection.getAutoCommit(DelegatingConnection.java:337)
2. Connection.getAutoCommit() returned true
[2022-11-29 14:21:19.823] DEBUG
			UserDaoImpl.idCheck(UserDaoImpl.java:148) - │cnt : 1
[2022-11-29 14:21:19.823] DEBUG
			UserDaoImpl.idCheck(UserDaoImpl.java:149) - └───────────────────────────────────┘
[2022-11-29 14:21:19.823] DEBUG
			PerformanceAroundAdvice.performanceAdvice(PerformanceAroundAdvice.java:23) - │method: idCheck
[2022-11-29 14:21:19.823] DEBUG
			PerformanceAroundAdvice.performanceAdvice(PerformanceAroundAdvice.java:24) - │9(ms)초
[2022-11-29 14:21:19.823] DEBUG
			PerformanceAroundAdvice.performanceAdvice(PerformanceAroundAdvice.java:25) - └───────────────────────────────────────────┘
[2022-11-29 14:21:19.824] DEBUG
			DefaultCacheAwareContextLoaderDelegate.loadContext(DefaultCacheAwareContextLoaderDelegate.java:137) - Retrieved ApplicationContext [201576232] from cache with key [[MergedContextConfiguration@5f8edcc5 testClass = JWebUserDao, locations = '{file:src/main/webapp/WEB-INF/spring/root-context.xml, file:src/main/webapp/WEB-INF/spring/appServlet/servlet-context.xml}', classes = '{}', contextInitializerClasses = '[]', activeProfiles = '{}', propertySourceLocations = '{}', propertySourceProperties = '{}', contextCustomizers = set[[empty]], contextLoader = 'org.springframework.test.context.support.DelegatingSmartContextLoader', parent = [null]]]
[2022-11-29 14:21:19.824] DEBUG
			DefaultContextCache.logStatistics(DefaultContextCache.java:290) - Spring test ApplicationContext cache statistics: [DefaultContextCache@6d91790b size = 1, maxSize = 32, parentContextCount = 0, hitCount = 4, missCount = 1]
[2022-11-29 14:21:19.826] DEBUG
			DefaultCacheAwareContextLoaderDelegate.loadContext(DefaultCacheAwareContextLoaderDelegate.java:137) - Retrieved ApplicationContext [201576232] from cache with key [[MergedContextConfiguration@5f8edcc5 testClass = JWebUserDao, locations = '{file:src/main/webapp/WEB-INF/spring/root-context.xml, file:src/main/webapp/WEB-INF/spring/appServlet/servlet-context.xml}', classes = '{}', contextInitializerClasses = '[]', activeProfiles = '{}', propertySourceLocations = '{}', propertySourceProperties = '{}', contextCustomizers = set[[empty]], contextLoader = 'org.springframework.test.context.support.DelegatingSmartContextLoader', parent = [null]]]
[2022-11-29 14:21:19.826] DEBUG
			DefaultContextCache.logStatistics(DefaultContextCache.java:290) - Spring test ApplicationContext cache statistics: [DefaultContextCache@6d91790b size = 1, maxSize = 32, parentContextCount = 0, hitCount = 5, missCount = 1]
[2022-11-29 14:21:19.827] DEBUG
			AbstractDirtiesContextTestExecutionListener.beforeOrAfterTestMethod(AbstractDirtiesContextTestExecutionListener.java:108) - After test method: context [DefaultTestContext@6db9f5a4 testClass = JWebUserDao, testInstance = com.pcwk.ehr.JWebUserDao@57250572, testMethod = idCheck@JWebUserDao, testException = [null], mergedContextConfiguration = [MergedContextConfiguration@5f8edcc5 testClass = JWebUserDao, locations = '{file:src/main/webapp/WEB-INF/spring/root-context.xml, file:src/main/webapp/WEB-INF/spring/appServlet/servlet-context.xml}', classes = '{}', contextInitializerClasses = '[]', activeProfiles = '{}', propertySourceLocations = '{}', propertySourceProperties = '{}', contextCustomizers = set[[empty]], contextLoader = 'org.springframework.test.context.support.DelegatingSmartContextLoader', parent = [null]], attributes = map['org.springframework.test.context.event.ApplicationEventsTestExecutionListener.recordApplicationEvents' -> false]], class annotated with @DirtiesContext [false] with mode [null], method annotated with @DirtiesContext [false] with mode [null].
[2022-11-29 14:21:19.828] DEBUG
			DefaultCacheAwareContextLoaderDelegate.loadContext(DefaultCacheAwareContextLoaderDelegate.java:137) - Retrieved ApplicationContext [201576232] from cache with key [[MergedContextConfiguration@5f8edcc5 testClass = JWebUserDao, locations = '{file:src/main/webapp/WEB-INF/spring/root-context.xml, file:src/main/webapp/WEB-INF/spring/appServlet/servlet-context.xml}', classes = '{}', contextInitializerClasses = '[]', activeProfiles = '{}', propertySourceLocations = '{}', propertySourceProperties = '{}', contextCustomizers = set[[empty]], contextLoader = 'org.springframework.test.context.support.DelegatingSmartContextLoader', parent = [null]]]
[2022-11-29 14:21:19.828] DEBUG
			DefaultContextCache.logStatistics(DefaultContextCache.java:290) - Spring test ApplicationContext cache statistics: [DefaultContextCache@6d91790b size = 1, maxSize = 32, parentContextCount = 0, hitCount = 6, missCount = 1]
[2022-11-29 14:21:19.828] DEBUG
			AbstractDirtiesContextTestExecutionListener.beforeOrAfterTestClass(AbstractDirtiesContextTestExecutionListener.java:143) - After test class: context [DefaultTestContext@6db9f5a4 testClass = JWebUserDao, testInstance = [null], testMethod = [null], testException = [null], mergedContextConfiguration = [MergedContextConfiguration@5f8edcc5 testClass = JWebUserDao, locations = '{file:src/main/webapp/WEB-INF/spring/root-context.xml, file:src/main/webapp/WEB-INF/spring/appServlet/servlet-context.xml}', classes = '{}', contextInitializerClasses = '[]', activeProfiles = '{}', propertySourceLocations = '{}', propertySourceProperties = '{}', contextCustomizers = set[[empty]], contextLoader = 'org.springframework.test.context.support.DelegatingSmartContextLoader', parent = [null]], attributes = map['org.springframework.test.context.event.ApplicationEventsTestExecutionListener.recordApplicationEvents' -> false]], class annotated with @DirtiesContext [false] with mode [null].
[2022-11-29 14:21:19.829] DEBUG
			AbstractApplicationContext.doClose(AbstractApplicationContext.java:1049) - Closing org.springframework.context.support.GenericApplicationContext@c03cf28, started on Tue Nov 29 14:21:18 KST 2022
