[main] cmn.LoggerManger  ( BookDao.java:53)     - 9791163031222,Do it! 지옥에서 온 문서 관리자 깃&깃허브 입문,이고잉 고경희,소프트웨어 공학,2019년 12월 06일,false
[main] cmn.LoggerManger  ( BookDao.java:53)     - 9791162242261,파이썬 웹프로그래밍(실전편):Django(장고)를 활용한 쉽고 빠른 웹 개발,김석훈,소프트웨어 공학 ,미상,false
[main] cmn.LoggerManger  ( BookDao.java:53)     - 1163032212-9791163032212,Do it! HTML+CSS+<b>자바</b>스크립트 웹 표준의 정석,고경희,소프트웨어 공학,미상,false
[main] cmn.LoggerManger  ( BookDao.java:53)     - 9791163031222_001,Do it! 지옥에서 온 문서 관리자 깃&깃허브 입문_001,이고잉 고경희_001,소프트웨어 공학,2019-12-06,true
[main] cmn.LoggerManger  ( BookDao.java:29)     - data : 4
[main] cmn.LoggerManger  ( BookDao.java:32)     - Book [isbn=9791163031222, title=Do it! 지옥에서 온 문서 관리자 깃&깃허브 입문, author=이고잉 고경희, genre=소프트웨어 공학, publicationDate=2019년 12월 06일, isBorrow=false]
[main] cmn.LoggerManger  ( BookDao.java:32)     - Book [isbn=9791162242261, title=파이썬 웹프로그래밍(실전편):Django(장고)를 활용한 쉽고 빠른 웹 개발, author=김석훈, genre=소프트웨어 공학 , publicationDate=미상, isBorrow=false]
[main] cmn.LoggerManger  ( BookDao.java:32)     - Book [isbn=1163032212-9791163032212, title=Do it! HTML+CSS+<b>자바</b>스크립트 웹 표준의 정석, author=고경희, genre=소프트웨어 공학, publicationDate=미상, isBorrow=false]
[main] cmn.LoggerManger  ( BookDao.java:32)     - Book [isbn=9791163031222_001, title=Do it! 지옥에서 온 문서 관리자 깃&깃허브 입문_001, author=이고잉 고경희_001, genre=소프트웨어 공학, publicationDate=2019-12-06, isBorrow=false]
[main] cmn.LoggerManger  ( BookDao.java:188)     - 삭제 데이터: Book [isbn=9791163031222_001, title=Do it! 지옥에서 온 문서 관리자 깃&깃허브 입문_001, author=이고잉 고경희_001, genre=소프트웨어 공학, publicationDate=2019-12-06, isBorrow=false]
[main] cmn.LoggerManger  ( BookDao.java:143)     - isContains : false
[main] cmn.LoggerManger  (BookDaoTest.java:29)     - Book [isbn=9791163031222_001, title=Do it! 지옥에서 온 문서 관리자 깃&깃허브 입문_001, author=이고잉 고경희_001, genre=소프트웨어 공학, publicationDate=2019-12-06, isBorrow=true]
[main] cmn.LoggerManger  (BookDaoTest.java:30)     - 등록 성공
[main] cmn.LoggerManger  (BookDaoTest.java:45)     - Book [isbn=9791163031222, title=Do it! 지옥에서 온 문서 관리자 깃&깃허브 입문, author=이고잉 고경희, genre=소프트웨어 공학, publicationDate=2019년 12월 06일, isBorrow=false]
[main] cmn.LoggerManger  (BookDaoTest.java:45)     - Book [isbn=9791162242261, title=파이썬 웹프로그래밍(실전편):Django(장고)를 활용한 쉽고 빠른 웹 개발, author=김석훈, genre=소프트웨어 공학 , publicationDate=미상, isBorrow=false]
[main] cmn.LoggerManger  (BookDaoTest.java:45)     - Book [isbn=1163032212-9791163032212, title=Do it! HTML+CSS+<b>자바</b>스크립트 웹 표준의 정석, author=고경희, genre=소프트웨어 공학, publicationDate=미상, isBorrow=false]
[main] cmn.LoggerManger  (BookDaoTest.java:45)     - Book [isbn=9791163031222_001, title=Do it! 지옥에서 온 문서 관리자 깃&깃허브 입문_001, author=이고잉 고경희_001, genre=소프트웨어 공학, publicationDate=2019-12-06, isBorrow=true]
[main] cmn.LoggerManger  ( BookDao.java:53)     - 9791163031222,Do it! 지옥에서 온 문서 관리자 깃&깃허브 입문,이고잉 고경희,소프트웨어 공학,2019년 12월 06일,false
[main] cmn.LoggerManger  ( BookDao.java:53)     - 9791162242261,파이썬 웹프로그래밍(실전편):Django(장고)를 활용한 쉽고 빠른 웹 개발,김석훈,소프트웨어 공학 ,미상,false
[main] cmn.LoggerManger  ( BookDao.java:53)     - 1163032212-9791163032212,Do it! HTML+CSS+<b>자바</b>스크립트 웹 표준의 정석,고경희,소프트웨어 공학,미상,false
[main] cmn.LoggerManger  ( BookDao.java:53)     - 9791163031222_001,Do it! 지옥에서 온 문서 관리자 깃&깃허브 입문_001,이고잉 고경희_001,소프트웨어 공학,2019-12-06,true
[main] cmn.LoggerManger  ( BookDao.java:29)     - data : 4
[main] cmn.LoggerManger  ( BookDao.java:32)     - Book [isbn=9791163031222, title=Do it! 지옥에서 온 문서 관리자 깃&깃허브 입문, author=이고잉 고경희, genre=소프트웨어 공학, publicationDate=2019년 12월 06일, isBorrow=false]
[main] cmn.LoggerManger  ( BookDao.java:32)     - Book [isbn=9791162242261, title=파이썬 웹프로그래밍(실전편):Django(장고)를 활용한 쉽고 빠른 웹 개발, author=김석훈, genre=소프트웨어 공학 , publicationDate=미상, isBorrow=false]
[main] cmn.LoggerManger  ( BookDao.java:32)     - Book [isbn=1163032212-9791163032212, title=Do it! HTML+CSS+<b>자바</b>스크립트 웹 표준의 정석, author=고경희, genre=소프트웨어 공학, publicationDate=미상, isBorrow=false]
[main] cmn.LoggerManger  ( BookDao.java:32)     - Book [isbn=9791163031222_001, title=Do it! 지옥에서 온 문서 관리자 깃&깃허브 입문_001, author=이고잉 고경희_001, genre=소프트웨어 공학, publicationDate=2019-12-06, isBorrow=false]
[main] cmn.LoggerManger  ( BookDao.java:188)     - 삭제 데이터: Book [isbn=9791163031222_001, title=Do it! 지옥에서 온 문서 관리자 깃&깃허브 입문_001, author=이고잉 고경희_001, genre=소프트웨어 공학, publicationDate=2019-12-06, isBorrow=false]
[main] cmn.LoggerManger  ( BookDao.java:143)     - isContains : false
[main] cmn.LoggerManger  (BookDaoTest.java:29)     - Book [isbn=9791163031222_001, title=Do it! 지옥에서 온 문서 관리자 깃&깃허브 입문_001, author=이고잉 고경희_001, genre=소프트웨어 공학, publicationDate=2019-12-06, isBorrow=true]
[main] cmn.LoggerManger  (BookDaoTest.java:30)     - 등록 성공
[main] cmn.LoggerManger  ( BookDao.java:53)     - 9791163031222,Do it! 지옥에서 온 문서 관리자 깃&깃허브 입문,이고잉 고경희,소프트웨어 공학,2019년 12월 06일,false
[main] cmn.LoggerManger  ( BookDao.java:53)     - 9791162242261,파이썬 웹프로그래밍(실전편):Django(장고)를 활용한 쉽고 빠른 웹 개발,김석훈,소프트웨어 공학 ,미상,false
[main] cmn.LoggerManger  ( BookDao.java:53)     - 1163032212-9791163032212,Do it! HTML+CSS+<b>자바</b>스크립트 웹 표준의 정석,고경희,소프트웨어 공학,미상,false
[main] cmn.LoggerManger  ( BookDao.java:53)     - 9791163031222_001,Do it! 지옥에서 온 문서 관리자 깃&깃허브 입문_001,이고잉 고경희_001,소프트웨어 공학,2019-12-06,true
[main] cmn.LoggerManger  ( BookDao.java:29)     - data : 4
[main] cmn.LoggerManger  ( BookDao.java:32)     - Book [isbn=9791163031222, title=Do it! 지옥에서 온 문서 관리자 깃&깃허브 입문, author=이고잉 고경희, genre=소프트웨어 공학, publicationDate=2019년 12월 06일, isBorrow=false]
[main] cmn.LoggerManger  ( BookDao.java:32)     - Book [isbn=9791162242261, title=파이썬 웹프로그래밍(실전편):Django(장고)를 활용한 쉽고 빠른 웹 개발, author=김석훈, genre=소프트웨어 공학 , publicationDate=미상, isBorrow=false]
[main] cmn.LoggerManger  ( BookDao.java:32)     - Book [isbn=1163032212-9791163032212, title=Do it! HTML+CSS+<b>자바</b>스크립트 웹 표준의 정석, author=고경희, genre=소프트웨어 공학, publicationDate=미상, isBorrow=false]
[main] cmn.LoggerManger  ( BookDao.java:32)     - Book [isbn=9791163031222_001, title=Do it! 지옥에서 온 문서 관리자 깃&깃허브 입문_001, author=이고잉 고경희_001, genre=소프트웨어 공학, publicationDate=2019-12-06, isBorrow=false]
[main] cmn.LoggerManger  ( BookDao.java:188)     - 삭제 데이터: Book [isbn=9791163031222_001, title=Do it! 지옥에서 온 문서 관리자 깃&깃허브 입문_001, author=이고잉 고경희_001, genre=소프트웨어 공학, publicationDate=2019-12-06, isBorrow=false]
[main] cmn.LoggerManger  ( BookDao.java:143)     - isContains : false
[main] cmn.LoggerManger  (BookDaoTest.java:29)     - Book [isbn=9791163031222_001, title=Do it! 지옥에서 온 문서 관리자 깃&깃허브 입문_001, author=이고잉 고경희_001, genre=소프트웨어 공학, publicationDate=2019-12-06, isBorrow=true]
[main] cmn.LoggerManger  (BookDaoTest.java:30)     - 등록 성공
[main] cmn.LoggerManger  ( BookDao.java:53)     - 9791163031222,Do it! 지옥에서 온 문서 관리자 깃&깃허브 입문,이고잉 고경희,소프트웨어 공학,2019년 12월 06일,false
[main] cmn.LoggerManger  ( BookDao.java:53)     - 9791162242261,파이썬 웹프로그래밍(실전편):Django(장고)를 활용한 쉽고 빠른 웹 개발,김석훈,소프트웨어 공학 ,미상,false
[main] cmn.LoggerManger  ( BookDao.java:53)     - 1163032212-9791163032212,Do it! HTML+CSS+<b>자바</b>스크립트 웹 표준의 정석,고경희,소프트웨어 공학,미상,false
[main] cmn.LoggerManger  ( BookDao.java:53)     - 9791163031222_001,Do it! 지옥에서 온 문서 관리자 깃&깃허브 입문_001,이고잉 고경희_001,소프트웨어 공학,2019-12-06,true
[main] cmn.LoggerManger  ( BookDao.java:29)     - data : 4
[main] cmn.LoggerManger  ( BookDao.java:32)     - Book [isbn=9791163031222, title=Do it! 지옥에서 온 문서 관리자 깃&깃허브 입문, author=이고잉 고경희, genre=소프트웨어 공학, publicationDate=2019년 12월 06일, isBorrow=false]
[main] cmn.LoggerManger  ( BookDao.java:32)     - Book [isbn=9791162242261, title=파이썬 웹프로그래밍(실전편):Django(장고)를 활용한 쉽고 빠른 웹 개발, author=김석훈, genre=소프트웨어 공학 , publicationDate=미상, isBorrow=false]
[main] cmn.LoggerManger  ( BookDao.java:32)     - Book [isbn=1163032212-9791163032212, title=Do it! HTML+CSS+<b>자바</b>스크립트 웹 표준의 정석, author=고경희, genre=소프트웨어 공학, publicationDate=미상, isBorrow=false]
[main] cmn.LoggerManger  ( BookDao.java:32)     - Book [isbn=9791163031222_001, title=Do it! 지옥에서 온 문서 관리자 깃&깃허브 입문_001, author=이고잉 고경희_001, genre=소프트웨어 공학, publicationDate=2019-12-06, isBorrow=false]
[main] cmn.LoggerManger  ( BookDao.java:188)     - 삭제 데이터: Book [isbn=9791163031222_001, title=Do it! 지옥에서 온 문서 관리자 깃&깃허브 입문_001, author=이고잉 고경희_001, genre=소프트웨어 공학, publicationDate=2019-12-06, isBorrow=false]
[main] cmn.LoggerManger  ( BookDao.java:143)     - isContains : false
[main] cmn.LoggerManger  (BookDaoTest.java:29)     - Book [isbn=9791163031222_001, title=Do it! 지옥에서 온 문서 관리자 깃&깃허브 입문_001, author=이고잉 고경희_001, genre=소프트웨어 공학, publicationDate=2019-12-06, isBorrow=true]
[main] cmn.LoggerManger  (BookDaoTest.java:30)     - 등록 성공
[main] cmn.LoggerManger  ( BookDao.java:53)     - 9791163031222,Do it! 지옥에서 온 문서 관리자 깃&깃허브 입문,이고잉 고경희,소프트웨어 공학,2019년 12월 06일,false
[main] cmn.LoggerManger  ( BookDao.java:53)     - 9791162242261,파이썬 웹프로그래밍(실전편):Django(장고)를 활용한 쉽고 빠른 웹 개발,김석훈,소프트웨어 공학 ,미상,false
[main] cmn.LoggerManger  ( BookDao.java:53)     - 1163032212-9791163032212,Do it! HTML+CSS+<b>자바</b>스크립트 웹 표준의 정석,고경희,소프트웨어 공학,미상,false
[main] cmn.LoggerManger  ( BookDao.java:53)     - 9791163031222_001,Do it! 지옥에서 온 문서 관리자 깃&깃허브 입문_001,이고잉 고경희_001,소프트웨어 공학,2019-12-06,true
[main] cmn.LoggerManger  ( BookDao.java:29)     - data : 4
[main] cmn.LoggerManger  ( BookDao.java:32)     - Book [isbn=9791163031222, title=Do it! 지옥에서 온 문서 관리자 깃&깃허브 입문, author=이고잉 고경희, genre=소프트웨어 공학, publicationDate=2019년 12월 06일, isBorrow=false]
[main] cmn.LoggerManger  ( BookDao.java:32)     - Book [isbn=9791162242261, title=파이썬 웹프로그래밍(실전편):Django(장고)를 활용한 쉽고 빠른 웹 개발, author=김석훈, genre=소프트웨어 공학 , publicationDate=미상, isBorrow=false]
[main] cmn.LoggerManger  ( BookDao.java:32)     - Book [isbn=1163032212-9791163032212, title=Do it! HTML+CSS+<b>자바</b>스크립트 웹 표준의 정석, author=고경희, genre=소프트웨어 공학, publicationDate=미상, isBorrow=false]
[main] cmn.LoggerManger  ( BookDao.java:32)     - Book [isbn=9791163031222_001, title=Do it! 지옥에서 온 문서 관리자 깃&깃허브 입문_001, author=이고잉 고경희_001, genre=소프트웨어 공학, publicationDate=2019-12-06, isBorrow=false]
[main] cmn.LoggerManger  ( BookDao.java:188)     - 삭제 데이터: Book [isbn=9791163031222_001, title=Do it! 지옥에서 온 문서 관리자 깃&깃허브 입문_001, author=이고잉 고경희_001, genre=소프트웨어 공학, publicationDate=2019-12-06, isBorrow=false]
[main] cmn.LoggerManger  ( BookDao.java:143)     - isContains : false
[main] cmn.LoggerManger  (BookDaoTest.java:29)     - Book [isbn=9791163031222_001, title=Do it! 지옥에서 온 문서 관리자 깃&깃허브 입문_001, author=이고잉 고경희_001, genre=소프트웨어 공학, publicationDate=2019-12-06, isBorrow=true]
[main] cmn.LoggerManger  (BookDaoTest.java:30)     - 등록 성공
[main] cmn.LoggerManger  ( BookDao.java:53)     - 9791163031222,Do it! 지옥에서 온 문서 관리자 깃&깃허브 입문,이고잉 고경희,소프트웨어 공학,2019년 12월 06일,false
[main] cmn.LoggerManger  ( BookDao.java:53)     - 9791162242261,파이썬 웹프로그래밍(실전편):Django(장고)를 활용한 쉽고 빠른 웹 개발,김석훈,소프트웨어 공학 ,미상,false
[main] cmn.LoggerManger  ( BookDao.java:53)     - 1163032212-9791163032212,Do it! HTML+CSS+<b>자바</b>스크립트 웹 표준의 정석,고경희,소프트웨어 공학,미상,false
[main] cmn.LoggerManger  ( BookDao.java:53)     - 9791163031222_001,Do it! 지옥에서 온 문서 관리자 깃&깃허브 입문_001,이고잉 고경희_001,소프트웨어 공학,2019-12-06,true
[main] cmn.LoggerManger  ( BookDao.java:29)     - data : 4
[main] cmn.LoggerManger  ( BookDao.java:32)     - Book [isbn=9791163031222, title=Do it! 지옥에서 온 문서 관리자 깃&깃허브 입문, author=이고잉 고경희, genre=소프트웨어 공학, publicationDate=2019년 12월 06일, isBorrow=false]
[main] cmn.LoggerManger  ( BookDao.java:32)     - Book [isbn=9791162242261, title=파이썬 웹프로그래밍(실전편):Django(장고)를 활용한 쉽고 빠른 웹 개발, author=김석훈, genre=소프트웨어 공학 , publicationDate=미상, isBorrow=false]
[main] cmn.LoggerManger  ( BookDao.java:32)     - Book [isbn=1163032212-9791163032212, title=Do it! HTML+CSS+<b>자바</b>스크립트 웹 표준의 정석, author=고경희, genre=소프트웨어 공학, publicationDate=미상, isBorrow=false]
[main] cmn.LoggerManger  ( BookDao.java:32)     - Book [isbn=9791163031222_001, title=Do it! 지옥에서 온 문서 관리자 깃&깃허브 입문_001, author=이고잉 고경희_001, genre=소프트웨어 공학, publicationDate=2019-12-06, isBorrow=false]
[main] cmn.LoggerManger  ( BookDao.java:188)     - 삭제 데이터: Book [isbn=9791163031222_001, title=Do it! 지옥에서 온 문서 관리자 깃&깃허브 입문_001, author=이고잉 고경희_001, genre=소프트웨어 공학, publicationDate=2019-12-06, isBorrow=false]
[main] cmn.LoggerManger  ( BookDao.java:143)     - isContains : false
[main] cmn.LoggerManger  (BookDaoTest.java:29)     - Book [isbn=9791163031222_001, title=Do it! 지옥에서 온 문서 관리자 깃&깃허브 입문_001, author=이고잉 고경희_001, genre=소프트웨어 공학, publicationDate=2019-12-06, isBorrow=true]
[main] cmn.LoggerManger  (BookDaoTest.java:30)     - 등록 성공
[main] cmn.LoggerManger  ( BookDao.java:53)     - 9791163031222,Do it! 지옥에서 온 문서 관리자 깃&깃허브 입문,이고잉 고경희,소프트웨어 공학,2019년 12월 06일,false
[main] cmn.LoggerManger  ( BookDao.java:53)     - 9791162242261,파이썬 웹프로그래밍(실전편):Django(장고)를 활용한 쉽고 빠른 웹 개발,김석훈,소프트웨어 공학 ,미상,false
[main] cmn.LoggerManger  ( BookDao.java:53)     - 1163032212-9791163032212,Do it! HTML+CSS+<b>자바</b>스크립트 웹 표준의 정석,고경희,소프트웨어 공학,미상,false
[main] cmn.LoggerManger  ( BookDao.java:53)     - 9791163031222_001,Do it! 지옥에서 온 문서 관리자 깃&깃허브 입문_001,이고잉 고경희_001,소프트웨어 공학,2019-12-06,true
[main] cmn.LoggerManger  ( BookDao.java:29)     - data : 4
[main] cmn.LoggerManger  ( BookDao.java:32)     - Book [isbn=9791163031222, title=Do it! 지옥에서 온 문서 관리자 깃&깃허브 입문, author=이고잉 고경희, genre=소프트웨어 공학, publicationDate=2019년 12월 06일, isBorrow=false]
[main] cmn.LoggerManger  ( BookDao.java:32)     - Book [isbn=9791162242261, title=파이썬 웹프로그래밍(실전편):Django(장고)를 활용한 쉽고 빠른 웹 개발, author=김석훈, genre=소프트웨어 공학 , publicationDate=미상, isBorrow=false]
[main] cmn.LoggerManger  ( BookDao.java:32)     - Book [isbn=1163032212-9791163032212, title=Do it! HTML+CSS+<b>자바</b>스크립트 웹 표준의 정석, author=고경희, genre=소프트웨어 공학, publicationDate=미상, isBorrow=false]
[main] cmn.LoggerManger  ( BookDao.java:32)     - Book [isbn=9791163031222_001, title=Do it! 지옥에서 온 문서 관리자 깃&깃허브 입문_001, author=이고잉 고경희_001, genre=소프트웨어 공학, publicationDate=2019-12-06, isBorrow=false]
[main] cmn.LoggerManger  ( BookDao.java:188)     - 삭제 데이터: Book [isbn=9791163031222_001, title=Do it! 지옥에서 온 문서 관리자 깃&깃허브 입문_001, author=이고잉 고경희_001, genre=소프트웨어 공학, publicationDate=2019-12-06, isBorrow=false]
[main] cmn.LoggerManger  ( BookDao.java:143)     - isContains : false
[main] cmn.LoggerManger  (BookDaoTest.java:29)     - Book [isbn=9791163031222_001, title=Do it! 지옥에서 온 문서 관리자 깃&깃허브 입문_001, author=이고잉 고경희_001, genre=소프트웨어 공학, publicationDate=2019-12-06, isBorrow=true]
[main] cmn.LoggerManger  (BookDaoTest.java:30)     - 등록 성공
[main] cmn.LoggerManger  ( BookDao.java:53)     - 9791163031222,Do it! 지옥에서 온 문서 관리자 깃&깃허브 입문,이고잉 고경희,소프트웨어 공학,2019년 12월 06일,false
[main] cmn.LoggerManger  ( BookDao.java:53)     - 9791162242261,파이썬 웹프로그래밍(실전편):Django(장고)를 활용한 쉽고 빠른 웹 개발,김석훈,소프트웨어 공학 ,미상,false
[main] cmn.LoggerManger  ( BookDao.java:53)     - 1163032212-9791163032212,Do it! HTML+CSS+<b>자바</b>스크립트 웹 표준의 정석,고경희,소프트웨어 공학,미상,false
[main] cmn.LoggerManger  ( BookDao.java:53)     - 9791163031222_001,Do it! 지옥에서 온 문서 관리자 깃&깃허브 입문_001,이고잉 고경희_001,소프트웨어 공학,2019-12-06,true
[main] cmn.LoggerManger  ( BookDao.java:29)     - data : 4
[main] cmn.LoggerManger  ( BookDao.java:32)     - Book [isbn=9791163031222, title=Do it! 지옥에서 온 문서 관리자 깃&깃허브 입문, author=이고잉 고경희, genre=소프트웨어 공학, publicationDate=2019년 12월 06일, isBorrow=false]
[main] cmn.LoggerManger  ( BookDao.java:32)     - Book [isbn=9791162242261, title=파이썬 웹프로그래밍(실전편):Django(장고)를 활용한 쉽고 빠른 웹 개발, author=김석훈, genre=소프트웨어 공학 , publicationDate=미상, isBorrow=false]
[main] cmn.LoggerManger  ( BookDao.java:32)     - Book [isbn=1163032212-9791163032212, title=Do it! HTML+CSS+<b>자바</b>스크립트 웹 표준의 정석, author=고경희, genre=소프트웨어 공학, publicationDate=미상, isBorrow=false]
[main] cmn.LoggerManger  ( BookDao.java:32)     - Book [isbn=9791163031222_001, title=Do it! 지옥에서 온 문서 관리자 깃&깃허브 입문_001, author=이고잉 고경희_001, genre=소프트웨어 공학, publicationDate=2019-12-06, isBorrow=false]
[main] cmn.LoggerManger  ( BookDao.java:188)     - 삭제 데이터: Book [isbn=9791163031222_001, title=Do it! 지옥에서 온 문서 관리자 깃&깃허브 입문_001, author=이고잉 고경희_001, genre=소프트웨어 공학, publicationDate=2019-12-06, isBorrow=false]
[main] cmn.LoggerManger  ( BookDao.java:143)     - isContains : false
[main] cmn.LoggerManger  (BookDaoTest.java:29)     - Book [isbn=9791163031222_001, title=Do it! 지옥에서 온 문서 관리자 깃&깃허브 입문_001, author=이고잉 고경희_001, genre=소프트웨어 공학, publicationDate=2019-12-06, isBorrow=true]
[main] cmn.LoggerManger  (BookDaoTest.java:30)     - 등록 성공
[main] cmn.LoggerManger  ( BookDao.java:53)     - 9791163031222,Do it! 지옥에서 온 문서 관리자 깃&깃허브 입문,이고잉 고경희,소프트웨어 공학,2019년 12월 06일,false
[main] cmn.LoggerManger  ( BookDao.java:53)     - 9791162242261,파이썬 웹프로그래밍(실전편):Django(장고)를 활용한 쉽고 빠른 웹 개발,김석훈,소프트웨어 공학 ,미상,false
[main] cmn.LoggerManger  ( BookDao.java:53)     - 1163032212-9791163032212,Do it! HTML+CSS+<b>자바</b>스크립트 웹 표준의 정석,고경희,소프트웨어 공학,미상,false
[main] cmn.LoggerManger  ( BookDao.java:53)     - 9791163031222_001,Do it! 지옥에서 온 문서 관리자 깃&깃허브 입문_001,이고잉 고경희_001,소프트웨어 공학,2019-12-06,true
[main] cmn.LoggerManger  ( BookDao.java:29)     - data : 4
[main] cmn.LoggerManger  ( BookDao.java:32)     - Book [isbn=9791163031222, title=Do it! 지옥에서 온 문서 관리자 깃&깃허브 입문, author=이고잉 고경희, genre=소프트웨어 공학, publicationDate=2019년 12월 06일, isBorrow=false]
[main] cmn.LoggerManger  ( BookDao.java:32)     - Book [isbn=9791162242261, title=파이썬 웹프로그래밍(실전편):Django(장고)를 활용한 쉽고 빠른 웹 개발, author=김석훈, genre=소프트웨어 공학 , publicationDate=미상, isBorrow=false]
[main] cmn.LoggerManger  ( BookDao.java:32)     - Book [isbn=1163032212-9791163032212, title=Do it! HTML+CSS+<b>자바</b>스크립트 웹 표준의 정석, author=고경희, genre=소프트웨어 공학, publicationDate=미상, isBorrow=false]
[main] cmn.LoggerManger  ( BookDao.java:32)     - Book [isbn=9791163031222_001, title=Do it! 지옥에서 온 문서 관리자 깃&깃허브 입문_001, author=이고잉 고경희_001, genre=소프트웨어 공학, publicationDate=2019-12-06, isBorrow=false]
[main] cmn.LoggerManger  ( BookDao.java:188)     - 삭제 데이터: Book [isbn=9791163031222_001, title=Do it! 지옥에서 온 문서 관리자 깃&깃허브 입문_001, author=이고잉 고경희_001, genre=소프트웨어 공학, publicationDate=2019-12-06, isBorrow=false]
[main] cmn.LoggerManger  ( BookDao.java:143)     - isContains : false
[main] cmn.LoggerManger  (BookDaoTest.java:29)     - Book [isbn=9791163031222_001, title=Do it! 지옥에서 온 문서 관리자 깃&깃허브 입문_001, author=이고잉 고경희_001, genre=소프트웨어 공학, publicationDate=2019-12-06, isBorrow=true]
[main] cmn.LoggerManger  (BookDaoTest.java:30)     - 등록 성공
[main] cmn.LoggerManger  ( BookDao.java:53)     - 9791163031222,Do it! 지옥에서 온 문서 관리자 깃&깃허브 입문,이고잉 고경희,소프트웨어 공학,2019년 12월 06일,false
[main] cmn.LoggerManger  ( BookDao.java:53)     - 9791162242261,파이썬 웹프로그래밍(실전편):Django(장고)를 활용한 쉽고 빠른 웹 개발,김석훈,소프트웨어 공학 ,미상,false
[main] cmn.LoggerManger  ( BookDao.java:53)     - 1163032212-9791163032212,Do it! HTML+CSS+<b>자바</b>스크립트 웹 표준의 정석,고경희,소프트웨어 공학,미상,false
[main] cmn.LoggerManger  ( BookDao.java:53)     - 9791163031222_001,Do it! 지옥에서 온 문서 관리자 깃&깃허브 입문_001,이고잉 고경희_001,소프트웨어 공학,2019-12-06,true
[main] cmn.LoggerManger  ( BookDao.java:29)     - data : 4
[main] cmn.LoggerManger  ( BookDao.java:32)     - Book [isbn=9791163031222, title=Do it! 지옥에서 온 문서 관리자 깃&깃허브 입문, author=이고잉 고경희, genre=소프트웨어 공학, publicationDate=2019년 12월 06일, isBorrow=false]
[main] cmn.LoggerManger  ( BookDao.java:32)     - Book [isbn=9791162242261, title=파이썬 웹프로그래밍(실전편):Django(장고)를 활용한 쉽고 빠른 웹 개발, author=김석훈, genre=소프트웨어 공학 , publicationDate=미상, isBorrow=false]
[main] cmn.LoggerManger  ( BookDao.java:32)     - Book [isbn=1163032212-9791163032212, title=Do it! HTML+CSS+<b>자바</b>스크립트 웹 표준의 정석, author=고경희, genre=소프트웨어 공학, publicationDate=미상, isBorrow=false]
[main] cmn.LoggerManger  ( BookDao.java:32)     - Book [isbn=9791163031222_001, title=Do it! 지옥에서 온 문서 관리자 깃&깃허브 입문_001, author=이고잉 고경희_001, genre=소프트웨어 공학, publicationDate=2019-12-06, isBorrow=false]
[main] cmn.LoggerManger  ( BookDao.java:188)     - 삭제 데이터: Book [isbn=9791163031222_001, title=Do it! 지옥에서 온 문서 관리자 깃&깃허브 입문_001, author=이고잉 고경희_001, genre=소프트웨어 공학, publicationDate=2019-12-06, isBorrow=false]
[main] cmn.LoggerManger  ( BookDao.java:143)     - isContains : false
[main] cmn.LoggerManger  (BookDaoTest.java:29)     - Book [isbn=9791163031222_001, title=Do it! 지옥에서 온 문서 관리자 깃&깃허브 입문_001, author=이고잉 고경희_001, genre=소프트웨어 공학, publicationDate=2019-12-06, isBorrow=true]
[main] cmn.LoggerManger  (BookDaoTest.java:30)     - 등록 성공
[main] cmn.LoggerManger  ( BookDao.java:53)     - 9791163031222,Do it! 지옥에서 온 문서 관리자 깃&깃허브 입문,이고잉 고경희,소프트웨어 공학,2019년 12월 06일,false
[main] cmn.LoggerManger  ( BookDao.java:53)     - 9791162242261,파이썬 웹프로그래밍(실전편):Django(장고)를 활용한 쉽고 빠른 웹 개발,김석훈,소프트웨어 공학 ,미상,false
[main] cmn.LoggerManger  ( BookDao.java:53)     - 1163032212-9791163032212,Do it! HTML+CSS+<b>자바</b>스크립트 웹 표준의 정석,고경희,소프트웨어 공학,미상,false
[main] cmn.LoggerManger  ( BookDao.java:53)     - 9791163031222_001,Do it! 지옥에서 온 문서 관리자 깃&깃허브 입문_001,이고잉 고경희_001,소프트웨어 공학,2019-12-06,true
[main] cmn.LoggerManger  ( BookDao.java:29)     - data : 4
[main] cmn.LoggerManger  ( BookDao.java:32)     - Book [isbn=9791163031222, title=Do it! 지옥에서 온 문서 관리자 깃&깃허브 입문, author=이고잉 고경희, genre=소프트웨어 공학, publicationDate=2019년 12월 06일, isBorrow=false]
[main] cmn.LoggerManger  ( BookDao.java:32)     - Book [isbn=9791162242261, title=파이썬 웹프로그래밍(실전편):Django(장고)를 활용한 쉽고 빠른 웹 개발, author=김석훈, genre=소프트웨어 공학 , publicationDate=미상, isBorrow=false]
[main] cmn.LoggerManger  ( BookDao.java:32)     - Book [isbn=1163032212-9791163032212, title=Do it! HTML+CSS+<b>자바</b>스크립트 웹 표준의 정석, author=고경희, genre=소프트웨어 공학, publicationDate=미상, isBorrow=false]
[main] cmn.LoggerManger  ( BookDao.java:32)     - Book [isbn=9791163031222_001, title=Do it! 지옥에서 온 문서 관리자 깃&깃허브 입문_001, author=이고잉 고경희_001, genre=소프트웨어 공학, publicationDate=2019-12-06, isBorrow=false]
[main] cmn.LoggerManger  ( BookDao.java:188)     - 삭제 데이터: Book [isbn=9791163031222_001, title=Do it! 지옥에서 온 문서 관리자 깃&깃허브 입문_001, author=이고잉 고경희_001, genre=소프트웨어 공학, publicationDate=2019-12-06, isBorrow=false]
[main] cmn.LoggerManger  ( BookDao.java:143)     - isContains : false
[main] cmn.LoggerManger  (BookDaoTest.java:29)     - Book [isbn=9791163031222_001, title=Do it! 지옥에서 온 문서 관리자 깃&깃허브 입문_001, author=이고잉 고경희_001, genre=소프트웨어 공학, publicationDate=2019-12-06, isBorrow=true]
[main] cmn.LoggerManger  (BookDaoTest.java:30)     - 등록 성공
[main] cmn.LoggerManger  (BookDaoTest.java:97)     - book : Book [isbn=9791163031222, title=Do it! 지옥에서 온 문서 관리자 깃&깃허브 입문, author=이고잉 고경희, genre=소프트웨어 공학, publicationDate=2019년 12월 06일, isBorrow=false]
[main] cmn.LoggerManger  (BookDaoTest.java:97)     - book : Book [isbn=9791163031222_001, title=Do it! 지옥에서 온 문서 관리자 깃&깃허브 입문_001, author=이고잉 고경희_001, genre=소프트웨어 공학, publicationDate=2019-12-06, isBorrow=true]
[main] cmn.LoggerManger  ( BookDao.java:53)     - 9791163031222,Do it! 지옥에서 온 문서 관리자 깃&깃허브 입문,이고잉 고경희,소프트웨어 공학,2019년 12월 06일,false
[main] cmn.LoggerManger  ( BookDao.java:53)     - 9791162242261,파이썬 웹프로그래밍(실전편):Django(장고)를 활용한 쉽고 빠른 웹 개발,김석훈,소프트웨어 공학 ,미상,false
[main] cmn.LoggerManger  ( BookDao.java:53)     - 1163032212-9791163032212,Do it! HTML+CSS+<b>자바</b>스크립트 웹 표준의 정석,고경희,소프트웨어 공학,미상,false
[main] cmn.LoggerManger  ( BookDao.java:53)     - 9791163031222_001,Do it! 지옥에서 온 문서 관리자 깃&깃허브 입문_001,이고잉 고경희_001,소프트웨어 공학,2019-12-06,true
[main] cmn.LoggerManger  ( BookDao.java:29)     - data : 4
[main] cmn.LoggerManger  ( BookDao.java:32)     - Book [isbn=9791163031222, title=Do it! 지옥에서 온 문서 관리자 깃&깃허브 입문, author=이고잉 고경희, genre=소프트웨어 공학, publicationDate=2019년 12월 06일, isBorrow=false]
[main] cmn.LoggerManger  ( BookDao.java:32)     - Book [isbn=9791162242261, title=파이썬 웹프로그래밍(실전편):Django(장고)를 활용한 쉽고 빠른 웹 개발, author=김석훈, genre=소프트웨어 공학 , publicationDate=미상, isBorrow=false]
[main] cmn.LoggerManger  ( BookDao.java:32)     - Book [isbn=1163032212-9791163032212, title=Do it! HTML+CSS+<b>자바</b>스크립트 웹 표준의 정석, author=고경희, genre=소프트웨어 공학, publicationDate=미상, isBorrow=false]
[main] cmn.LoggerManger  ( BookDao.java:32)     - Book [isbn=9791163031222_001, title=Do it! 지옥에서 온 문서 관리자 깃&깃허브 입문_001, author=이고잉 고경희_001, genre=소프트웨어 공학, publicationDate=2019-12-06, isBorrow=false]
[main] cmn.LoggerManger  ( BookDao.java:190)     - 삭제 데이터: Book [isbn=9791163031222_001, title=Do it! 지옥에서 온 문서 관리자 깃&깃허브 입문_001, author=이고잉 고경희_001, genre=소프트웨어 공학, publicationDate=2019-12-06, isBorrow=false]
[main] cmn.LoggerManger  ( BookDao.java:143)     - isContains : false
[main] cmn.LoggerManger  (BookDaoTest.java:29)     - Book [isbn=9791163031222_001, title=Do it! 지옥에서 온 문서 관리자 깃&깃허브 입문_001, author=이고잉 고경희_001, genre=소프트웨어 공학, publicationDate=2019-12-06, isBorrow=true]
[main] cmn.LoggerManger  (BookDaoTest.java:30)     - 등록 성공
[main] cmn.LoggerManger  ( BookDao.java:160)     - false
[main] cmn.LoggerManger  ( BookDao.java:160)     - false
[main] cmn.LoggerManger  ( BookDao.java:160)     - false
[main] cmn.LoggerManger  ( BookDao.java:160)     - false
[main] cmn.LoggerManger  (BookDaoTest.java:97)     - book : Book [isbn=9791163031222, title=Do it! 지옥에서 온 문서 관리자 깃&깃허브 입문, author=이고잉 고경희, genre=소프트웨어 공학, publicationDate=2019년 12월 06일, isBorrow=false]
[main] cmn.LoggerManger  (BookDaoTest.java:97)     - book : Book [isbn=9791163031222_001, title=Do it! 지옥에서 온 문서 관리자 깃&깃허브 입문_001, author=이고잉 고경희_001, genre=소프트웨어 공학, publicationDate=2019-12-06, isBorrow=true]
[main] cmn.LoggerManger  ( BookDao.java:53)     - 9791163031222,Do it! 지옥에서 온 문서 관리자 깃&깃허브 입문,이고잉 고경희,소프트웨어 공학,2019년 12월 06일,false
[main] cmn.LoggerManger  ( BookDao.java:53)     - 9791162242261,파이썬 웹프로그래밍(실전편):Django(장고)를 활용한 쉽고 빠른 웹 개발,김석훈,소프트웨어 공학 ,미상,false
[main] cmn.LoggerManger  ( BookDao.java:53)     - 1163032212-9791163032212,Do it! HTML+CSS+<b>자바</b>스크립트 웹 표준의 정석,고경희,소프트웨어 공학,미상,false
[main] cmn.LoggerManger  ( BookDao.java:53)     - 9791163031222_001,Do it! 지옥에서 온 문서 관리자 깃&깃허브 입문_001,이고잉 고경희_001,소프트웨어 공학,2019-12-06,true
[main] cmn.LoggerManger  ( BookDao.java:29)     - data : 4
[main] cmn.LoggerManger  ( BookDao.java:32)     - Book [isbn=9791163031222, title=Do it! 지옥에서 온 문서 관리자 깃&깃허브 입문, author=이고잉 고경희, genre=소프트웨어 공학, publicationDate=2019년 12월 06일, isBorrow=false]
[main] cmn.LoggerManger  ( BookDao.java:32)     - Book [isbn=9791162242261, title=파이썬 웹프로그래밍(실전편):Django(장고)를 활용한 쉽고 빠른 웹 개발, author=김석훈, genre=소프트웨어 공학 , publicationDate=미상, isBorrow=false]
[main] cmn.LoggerManger  ( BookDao.java:32)     - Book [isbn=1163032212-9791163032212, title=Do it! HTML+CSS+<b>자바</b>스크립트 웹 표준의 정석, author=고경희, genre=소프트웨어 공학, publicationDate=미상, isBorrow=false]
[main] cmn.LoggerManger  ( BookDao.java:32)     - Book [isbn=9791163031222_001, title=Do it! 지옥에서 온 문서 관리자 깃&깃허브 입문_001, author=이고잉 고경희_001, genre=소프트웨어 공학, publicationDate=2019-12-06, isBorrow=false]
[main] cmn.LoggerManger  ( BookDao.java:190)     - 삭제 데이터: Book [isbn=9791163031222_001, title=Do it! 지옥에서 온 문서 관리자 깃&깃허브 입문_001, author=이고잉 고경희_001, genre=소프트웨어 공학, publicationDate=2019-12-06, isBorrow=false]
[main] cmn.LoggerManger  ( BookDao.java:143)     - isContains : false
[main] cmn.LoggerManger  (BookDaoTest.java:29)     - Book [isbn=9791163031222_001, title=Do it! 지옥에서 온 문서 관리자 깃&깃허브 입문_001, author=이고잉 고경희_001, genre=소프트웨어 공학, publicationDate=2019-12-06, isBorrow=true]
[main] cmn.LoggerManger  (BookDaoTest.java:30)     - 등록 성공
[main] cmn.LoggerManger  ( BookDao.java:160)     - false
[main] cmn.LoggerManger  ( BookDao.java:160)     - false
[main] cmn.LoggerManger  ( BookDao.java:160)     - false
[main] cmn.LoggerManger  ( BookDao.java:160)     - false
[main] cmn.LoggerManger  ( BookDao.java:53)     - 9791163031222,Do it! 지옥에서 온 문서 관리자 깃&깃허브 입문,이고잉 고경희,소프트웨어 공학,2019년 12월 06일,false
[main] cmn.LoggerManger  ( BookDao.java:53)     - 9791162242261,파이썬 웹프로그래밍(실전편):Django(장고)를 활용한 쉽고 빠른 웹 개발,김석훈,소프트웨어 공학 ,미상,false
[main] cmn.LoggerManger  ( BookDao.java:53)     - 1163032212-9791163032212,Do it! HTML+CSS+<b>자바</b>스크립트 웹 표준의 정석,고경희,소프트웨어 공학,미상,false
[main] cmn.LoggerManger  ( BookDao.java:53)     - 9791163031222_001,Do it! 지옥에서 온 문서 관리자 깃&깃허브 입문_001,이고잉 고경희_001,소프트웨어 공학,2019-12-06,true
[main] cmn.LoggerManger  ( BookDao.java:29)     - data : 4
[main] cmn.LoggerManger  ( BookDao.java:32)     - Book [isbn=9791163031222, title=Do it! 지옥에서 온 문서 관리자 깃&깃허브 입문, author=이고잉 고경희, genre=소프트웨어 공학, publicationDate=2019년 12월 06일, isBorrow=false]
[main] cmn.LoggerManger  ( BookDao.java:32)     - Book [isbn=9791162242261, title=파이썬 웹프로그래밍(실전편):Django(장고)를 활용한 쉽고 빠른 웹 개발, author=김석훈, genre=소프트웨어 공학 , publicationDate=미상, isBorrow=false]
[main] cmn.LoggerManger  ( BookDao.java:32)     - Book [isbn=1163032212-9791163032212, title=Do it! HTML+CSS+<b>자바</b>스크립트 웹 표준의 정석, author=고경희, genre=소프트웨어 공학, publicationDate=미상, isBorrow=false]
[main] cmn.LoggerManger  ( BookDao.java:32)     - Book [isbn=9791163031222_001, title=Do it! 지옥에서 온 문서 관리자 깃&깃허브 입문_001, author=이고잉 고경희_001, genre=소프트웨어 공학, publicationDate=2019-12-06, isBorrow=false]
[main] cmn.LoggerManger  ( BookDao.java:194)     - 삭제 데이터: Book [isbn=9791163031222_001, title=Do it! 지옥에서 온 문서 관리자 깃&깃허브 입문_001, author=이고잉 고경희_001, genre=소프트웨어 공학, publicationDate=2019-12-06, isBorrow=false]
[main] cmn.LoggerManger  ( BookDao.java:143)     - isContains : false
[main] cmn.LoggerManger  (BookDaoTest.java:29)     - Book [isbn=9791163031222_001, title=Do it! 지옥에서 온 문서 관리자 깃&깃허브 입문_001, author=이고잉 고경희_001, genre=소프트웨어 공학, publicationDate=2019-12-06, isBorrow=true]
[main] cmn.LoggerManger  (BookDaoTest.java:30)     - 등록 성공
[main] cmn.LoggerManger  ( BookDao.java:160)     - true
[main] cmn.LoggerManger  ( BookDao.java:160)     - false
[main] cmn.LoggerManger  ( BookDao.java:160)     - false
[main] cmn.LoggerManger  ( BookDao.java:160)     - true
[main] cmn.LoggerManger  (BookDaoTest.java:97)     - book : Book [isbn=9791163031222, title=Do it! 지옥에서 온 문서 관리자 깃&깃허브 입문, author=이고잉 고경희, genre=소프트웨어 공학, publicationDate=2019년 12월 06일, isBorrow=false]
[main] cmn.LoggerManger  (BookDaoTest.java:97)     - book : Book [isbn=9791163031222_001, title=Do it! 지옥에서 온 문서 관리자 깃&깃허브 입문_001, author=이고잉 고경희_001, genre=소프트웨어 공학, publicationDate=2019-12-06, isBorrow=true]
[main] cmn.LoggerManger  ( BookDao.java:55)     - 9791163031222,Do it! 지옥에서 온 문서 관리자 깃&깃허브 입문,이고잉 고경희,소프트웨어 공학,2019년 12월 06일,false
[main] cmn.LoggerManger  ( BookDao.java:55)     - 9791162242261,파이썬 웹프로그래밍(실전편):Django(장고)를 활용한 쉽고 빠른 웹 개발,김석훈,소프트웨어 공학 ,미상,false
[main] cmn.LoggerManger  ( BookDao.java:55)     - 1163032212-9791163032212,Do it! HTML+CSS+<b>자바</b>스크립트 웹 표준의 정석,고경희,소프트웨어 공학,미상,false
[main] cmn.LoggerManger  ( BookDao.java:55)     - 9791163031222_001,Do it! 지옥에서 온 문서 관리자 깃&깃허브 입문_001,이고잉 고경희_001,소프트웨어 공학,2019-12-06,true
[main] cmn.LoggerManger  ( BookDao.java:31)     - data : 4
[main] cmn.LoggerManger  ( BookDao.java:34)     - Book [isbn=9791163031222, title=Do it! 지옥에서 온 문서 관리자 깃&깃허브 입문, author=이고잉 고경희, genre=소프트웨어 공학, publicationDate=2019년 12월 06일, isBorrow=false]
[main] cmn.LoggerManger  ( BookDao.java:34)     - Book [isbn=9791162242261, title=파이썬 웹프로그래밍(실전편):Django(장고)를 활용한 쉽고 빠른 웹 개발, author=김석훈, genre=소프트웨어 공학 , publicationDate=미상, isBorrow=false]
[main] cmn.LoggerManger  ( BookDao.java:34)     - Book [isbn=1163032212-9791163032212, title=Do it! HTML+CSS+<b>자바</b>스크립트 웹 표준의 정석, author=고경희, genre=소프트웨어 공학, publicationDate=미상, isBorrow=false]
[main] cmn.LoggerManger  ( BookDao.java:34)     - Book [isbn=9791163031222_001, title=Do it! 지옥에서 온 문서 관리자 깃&깃허브 입문_001, author=이고잉 고경희_001, genre=소프트웨어 공학, publicationDate=2019-12-06, isBorrow=false]
[main] cmn.LoggerManger  ( BookDao.java:217)     - 삭제 데이터: Book [isbn=9791163031222_001, title=Do it! 지옥에서 온 문서 관리자 깃&깃허브 입문_001, author=이고잉 고경희_001, genre=소프트웨어 공학, publicationDate=2019-12-06, isBorrow=false]
[main] cmn.LoggerManger  ( BookDao.java:145)     - isContains : false
[main] cmn.LoggerManger  (BookDaoTest.java:29)     - Book [isbn=9791163031222_001, title=Do it! 지옥에서 온 문서 관리자 깃&깃허브 입문_001, author=이고잉 고경희_001, genre=소프트웨어 공학, publicationDate=2019-12-06, isBorrow=true]
[main] cmn.LoggerManger  (BookDaoTest.java:30)     - 등록 성공
[main] cmn.LoggerManger  ( BookDao.java:165)     - false
[main] cmn.LoggerManger  ( BookDao.java:165)     - false
[main] cmn.LoggerManger  ( BookDao.java:165)     - false
[main] cmn.LoggerManger  ( BookDao.java:165)     - false
[main] cmn.LoggerManger  ( BookDao.java:53)     - 9791163031222,Do it! 지옥에서 온 문서 관리자 깃&깃허브 입문,이고잉 고경희,소프트웨어 공학,2019년 12월 06일,false
[main] cmn.LoggerManger  ( BookDao.java:53)     - 9791162242261,파이썬 웹프로그래밍(실전편):Django(장고)를 활용한 쉽고 빠른 웹 개발,김석훈,소프트웨어 공학 ,미상,false
[main] cmn.LoggerManger  ( BookDao.java:53)     - 1163032212-9791163032212,Do it! HTML+CSS+<b>자바</b>스크립트 웹 표준의 정석,고경희,소프트웨어 공학,미상,false
[main] cmn.LoggerManger  ( BookDao.java:53)     - 9791163031222_001,Do it! 지옥에서 온 문서 관리자 깃&깃허브 입문_001,이고잉 고경희_001,소프트웨어 공학,2019-12-06,true
[main] cmn.LoggerManger  ( BookDao.java:29)     - data : 4
[main] cmn.LoggerManger  ( BookDao.java:32)     - Book [isbn=9791163031222, title=Do it! 지옥에서 온 문서 관리자 깃&깃허브 입문, author=이고잉 고경희, genre=소프트웨어 공학, publicationDate=2019년 12월 06일, isBorrow=false]
[main] cmn.LoggerManger  ( BookDao.java:32)     - Book [isbn=9791162242261, title=파이썬 웹프로그래밍(실전편):Django(장고)를 활용한 쉽고 빠른 웹 개발, author=김석훈, genre=소프트웨어 공학 , publicationDate=미상, isBorrow=false]
[main] cmn.LoggerManger  ( BookDao.java:32)     - Book [isbn=1163032212-9791163032212, title=Do it! HTML+CSS+<b>자바</b>스크립트 웹 표준의 정석, author=고경희, genre=소프트웨어 공학, publicationDate=미상, isBorrow=false]
[main] cmn.LoggerManger  ( BookDao.java:32)     - Book [isbn=9791163031222_001, title=Do it! 지옥에서 온 문서 관리자 깃&깃허브 입문_001, author=이고잉 고경희_001, genre=소프트웨어 공학, publicationDate=2019-12-06, isBorrow=false]
[main] cmn.LoggerManger  ( BookDao.java:215)     - 삭제 데이터: Book [isbn=9791163031222_001, title=Do it! 지옥에서 온 문서 관리자 깃&깃허브 입문_001, author=이고잉 고경희_001, genre=소프트웨어 공학, publicationDate=2019-12-06, isBorrow=false]
[main] cmn.LoggerManger  ( BookDao.java:143)     - isContains : false
[main] cmn.LoggerManger  (BookDaoTest.java:29)     - Book [isbn=9791163031222_001, title=Do it! 지옥에서 온 문서 관리자 깃&깃허브 입문_001, author=이고잉 고경희_001, genre=소프트웨어 공학, publicationDate=2019-12-06, isBorrow=true]
[main] cmn.LoggerManger  (BookDaoTest.java:30)     - 등록 성공
[main] cmn.LoggerManger  ( BookDao.java:53)     - 9791163031222,Do it! 지옥에서 온 문서 관리자 깃&깃허브 입문,이고잉 고경희,소프트웨어 공학,2019년 12월 06일,false
[main] cmn.LoggerManger  ( BookDao.java:53)     - 9791162242261,파이썬 웹프로그래밍(실전편):Django(장고)를 활용한 쉽고 빠른 웹 개발,김석훈,소프트웨어 공학 ,미상,false
[main] cmn.LoggerManger  ( BookDao.java:53)     - 1163032212-9791163032212,Do it! HTML+CSS+<b>자바</b>스크립트 웹 표준의 정석,고경희,소프트웨어 공학,미상,false
[main] cmn.LoggerManger  ( BookDao.java:53)     - 9791163031222_001,Do it! 지옥에서 온 문서 관리자 깃&깃허브 입문_001,이고잉 고경희_001,소프트웨어 공학,2019-12-06,true
[main] cmn.LoggerManger  ( BookDao.java:29)     - data : 4
[main] cmn.LoggerManger  ( BookDao.java:32)     - Book [isbn=9791163031222, title=Do it! 지옥에서 온 문서 관리자 깃&깃허브 입문, author=이고잉 고경희, genre=소프트웨어 공학, publicationDate=2019년 12월 06일, isBorrow=false]
[main] cmn.LoggerManger  ( BookDao.java:32)     - Book [isbn=9791162242261, title=파이썬 웹프로그래밍(실전편):Django(장고)를 활용한 쉽고 빠른 웹 개발, author=김석훈, genre=소프트웨어 공학 , publicationDate=미상, isBorrow=false]
[main] cmn.LoggerManger  ( BookDao.java:32)     - Book [isbn=1163032212-9791163032212, title=Do it! HTML+CSS+<b>자바</b>스크립트 웹 표준의 정석, author=고경희, genre=소프트웨어 공학, publicationDate=미상, isBorrow=false]
[main] cmn.LoggerManger  ( BookDao.java:32)     - Book [isbn=9791163031222_001, title=Do it! 지옥에서 온 문서 관리자 깃&깃허브 입문_001, author=이고잉 고경희_001, genre=소프트웨어 공학, publicationDate=2019-12-06, isBorrow=false]
[main] cmn.LoggerManger  ( BookDao.java:216)     - 삭제 데이터: Book [isbn=9791163031222_001, title=Do it! 지옥에서 온 문서 관리자 깃&깃허브 입문_001, author=이고잉 고경희_001, genre=소프트웨어 공학, publicationDate=2019-12-06, isBorrow=false]
[main] cmn.LoggerManger  ( BookDao.java:143)     - isContains : false
[main] cmn.LoggerManger  (BookDaoTest.java:29)     - Book [isbn=9791163031222_001, title=Do it! 지옥에서 온 문서 관리자 깃&깃허브 입문_001, author=이고잉 고경희_001, genre=소프트웨어 공학, publicationDate=2019-12-06, isBorrow=true]
[main] cmn.LoggerManger  (BookDaoTest.java:30)     - 등록 성공
[main] cmn.LoggerManger  (BookDaoTest.java:97)     - book : Book [isbn=9791162242261, title=파이썬 웹프로그래밍(실전편):Django(장고)를 활용한 쉽고 빠른 웹 개발, author=김석훈, genre=소프트웨어 공학 , publicationDate=미상, isBorrow=false]
[main] cmn.LoggerManger  ( BookDao.java:53)     - 9791163031222,Do it! 지옥에서 온 문서 관리자 깃&깃허브 입문,이고잉 고경희,소프트웨어 공학,2019년 12월 06일,false
[main] cmn.LoggerManger  ( BookDao.java:53)     - 9791162242261,파이썬 웹프로그래밍(실전편):Django(장고)를 활용한 쉽고 빠른 웹 개발,김석훈,소프트웨어 공학 ,미상,false
[main] cmn.LoggerManger  ( BookDao.java:53)     - 1163032212-9791163032212,Do it! HTML+CSS+<b>자바</b>스크립트 웹 표준의 정석,고경희,소프트웨어 공학,미상,false
[main] cmn.LoggerManger  ( BookDao.java:29)     - data : 3
[main] cmn.LoggerManger  ( BookDao.java:32)     - Book [isbn=9791163031222, title=Do it! 지옥에서 온 문서 관리자 깃&깃허브 입문, author=이고잉 고경희, genre=소프트웨어 공학, publicationDate=2019년 12월 06일, isBorrow=false]
[main] cmn.LoggerManger  ( BookDao.java:32)     - Book [isbn=9791162242261, title=파이썬 웹프로그래밍(실전편):Django(장고)를 활용한 쉽고 빠른 웹 개발, author=김석훈, genre=소프트웨어 공학 , publicationDate=미상, isBorrow=false]
[main] cmn.LoggerManger  ( BookDao.java:32)     - Book [isbn=1163032212-9791163032212, title=Do it! HTML+CSS+<b>자바</b>스크립트 웹 표준의 정석, author=고경희, genre=소프트웨어 공학, publicationDate=미상, isBorrow=false]
[main] cmn.LoggerManger  ( BookDao.java:143)     - isContains : false
[main] cmn.LoggerManger  (BookDaoTest.java:29)     - Book [isbn=9791163031222_001, title=Do it! 지옥에서 온 문서 관리자 깃&깃허브 입문_001, author=이고잉 고경희_001, genre=소프트웨어 공학, publicationDate=2019-12-06, isBorrow=true]
[main] cmn.LoggerManger  (BookDaoTest.java:30)     - 등록 성공
[main] cmn.LoggerManger  (BookDaoTest.java:97)     - book : Book [isbn=9791162242261, title=파이썬 웹프로그래밍(실전편):Django(장고)를 활용한 쉽고 빠른 웹 개발, author=김석훈, genre=소프트웨어 공학 , publicationDate=미상, isBorrow=false]
[main] cmn.LoggerManger  ( BookDao.java:53)     - 9791163031222,Do it! 지옥에서 온 문서 관리자 깃&깃허브 입문,이고잉 고경희,소프트웨어 공학,2019년 12월 06일,false
[main] cmn.LoggerManger  ( BookDao.java:53)     - 9791162242261,파이썬 웹프로그래밍(실전편):Django(장고)를 활용한 쉽고 빠른 웹 개발,김석훈,소프트웨어 공학 ,미상,false
[main] cmn.LoggerManger  ( BookDao.java:53)     - 1163032212-9791163032212,Do it! HTML+CSS+<b>자바</b>스크립트 웹 표준의 정석,고경희,소프트웨어 공학,미상,false
[main] cmn.LoggerManger  ( BookDao.java:53)     - 9791163031222_001,Do it! 지옥에서 온 문서 관리자 깃&깃허브 입문_001,이고잉 고경희_001,소프트웨어 공학,2019-12-06,true
[main] cmn.LoggerManger  ( BookDao.java:29)     - data : 4
[main] cmn.LoggerManger  ( BookDao.java:32)     - Book [isbn=9791163031222, title=Do it! 지옥에서 온 문서 관리자 깃&깃허브 입문, author=이고잉 고경희, genre=소프트웨어 공학, publicationDate=2019년 12월 06일, isBorrow=false]
[main] cmn.LoggerManger  ( BookDao.java:32)     - Book [isbn=9791162242261, title=파이썬 웹프로그래밍(실전편):Django(장고)를 활용한 쉽고 빠른 웹 개발, author=김석훈, genre=소프트웨어 공학 , publicationDate=미상, isBorrow=false]
[main] cmn.LoggerManger  ( BookDao.java:32)     - Book [isbn=1163032212-9791163032212, title=Do it! HTML+CSS+<b>자바</b>스크립트 웹 표준의 정석, author=고경희, genre=소프트웨어 공학, publicationDate=미상, isBorrow=false]
[main] cmn.LoggerManger  ( BookDao.java:32)     - Book [isbn=9791163031222_001, title=Do it! 지옥에서 온 문서 관리자 깃&깃허브 입문_001, author=이고잉 고경희_001, genre=소프트웨어 공학, publicationDate=2019-12-06, isBorrow=false]
[main] cmn.LoggerManger  ( BookDao.java:216)     - 삭제 데이터: Book [isbn=9791163031222_001, title=Do it! 지옥에서 온 문서 관리자 깃&깃허브 입문_001, author=이고잉 고경희_001, genre=소프트웨어 공학, publicationDate=2019-12-06, isBorrow=false]
[main] cmn.LoggerManger  (BookDaoTest.java:97)     - book : Book [isbn=9791162242261, title=파이썬 웹프로그래밍(실전편):Django(장고)를 활용한 쉽고 빠른 웹 개발, author=김석훈, genre=소프트웨어 공학 , publicationDate=미상, isBorrow=false]
[main] cmn.LoggerManger  ( BookDao.java:53)     - 9791163031222,Do it! 지옥에서 온 문서 관리자 깃&깃허브 입문,이고잉 고경희,소프트웨어 공학,2019년 12월 06일,false
[main] cmn.LoggerManger  ( BookDao.java:53)     - 9791162242261,파이썬 웹프로그래밍(실전편):Django(장고)를 활용한 쉽고 빠른 웹 개발,김석훈,소프트웨어 공학 ,미상,false
[main] cmn.LoggerManger  ( BookDao.java:53)     - 1163032212-9791163032212,Do it! HTML+CSS+<b>자바</b>스크립트 웹 표준의 정석,고경희,소프트웨어 공학,미상,false
[main] cmn.LoggerManger  ( BookDao.java:29)     - data : 3
[main] cmn.LoggerManger  ( BookDao.java:32)     - Book [isbn=9791163031222, title=Do it! 지옥에서 온 문서 관리자 깃&깃허브 입문, author=이고잉 고경희, genre=소프트웨어 공학, publicationDate=2019년 12월 06일, isBorrow=false]
[main] cmn.LoggerManger  ( BookDao.java:32)     - Book [isbn=9791162242261, title=파이썬 웹프로그래밍(실전편):Django(장고)를 활용한 쉽고 빠른 웹 개발, author=김석훈, genre=소프트웨어 공학 , publicationDate=미상, isBorrow=false]
[main] cmn.LoggerManger  ( BookDao.java:32)     - Book [isbn=1163032212-9791163032212, title=Do it! HTML+CSS+<b>자바</b>스크립트 웹 표준의 정석, author=고경희, genre=소프트웨어 공학, publicationDate=미상, isBorrow=false]
[main] cmn.LoggerManger  (BookDaoTest.java:97)     - book : Book [isbn=9791162242261, title=파이썬 웹프로그래밍(실전편):Django(장고)를 활용한 쉽고 빠른 웹 개발, author=김석훈, genre=소프트웨어 공학 , publicationDate=미상, isBorrow=false]
[main] cmn.LoggerManger  ( BookDao.java:53)     - 9791163031222,Do it! 지옥에서 온 문서 관리자 깃&깃허브 입문,이고잉 고경희,소프트웨어 공학,2019년 12월 06일,false
[main] cmn.LoggerManger  ( BookDao.java:53)     - 9791162242261,파이썬 웹프로그래밍(실전편):Django(장고)를 활용한 쉽고 빠른 웹 개발,김석훈,소프트웨어 공학 ,미상,false
[main] cmn.LoggerManger  ( BookDao.java:53)     - 1163032212-9791163032212,Do it! HTML+CSS+<b>자바</b>스크립트 웹 표준의 정석,고경희,소프트웨어 공학,미상,false
[main] cmn.LoggerManger  ( BookDao.java:29)     - data : 3
[main] cmn.LoggerManger  ( BookDao.java:32)     - Book [isbn=9791163031222, title=Do it! 지옥에서 온 문서 관리자 깃&깃허브 입문, author=이고잉 고경희, genre=소프트웨어 공학, publicationDate=2019년 12월 06일, isBorrow=false]
[main] cmn.LoggerManger  ( BookDao.java:32)     - Book [isbn=9791162242261, title=파이썬 웹프로그래밍(실전편):Django(장고)를 활용한 쉽고 빠른 웹 개발, author=김석훈, genre=소프트웨어 공학 , publicationDate=미상, isBorrow=false]
[main] cmn.LoggerManger  ( BookDao.java:32)     - Book [isbn=1163032212-9791163032212, title=Do it! HTML+CSS+<b>자바</b>스크립트 웹 표준의 정석, author=고경희, genre=소프트웨어 공학, publicationDate=미상, isBorrow=false]
[main] cmn.LoggerManger  ( BookDao.java:53)     - 9791163031222,Do it! 지옥에서 온 문서 관리자 깃&깃허브 입문,이고잉 고경희,소프트웨어 공학,2019년 12월 06일,false
[main] cmn.LoggerManger  ( BookDao.java:53)     - 9791162242261,파이썬 웹프로그래밍(실전편):Django(장고)를 활용한 쉽고 빠른 웹 개발,김석훈,소프트웨어 공학 ,미상,false
[main] cmn.LoggerManger  ( BookDao.java:53)     - 1163032212-9791163032212,Do it! HTML+CSS+<b>자바</b>스크립트 웹 표준의 정석,고경희,소프트웨어 공학,미상,false
[main] cmn.LoggerManger  ( BookDao.java:29)     - data : 3
[main] cmn.LoggerManger  ( BookDao.java:32)     - Book [isbn=9791163031222, title=Do it! 지옥에서 온 문서 관리자 깃&깃허브 입문, author=이고잉 고경희, genre=소프트웨어 공학, publicationDate=2019년 12월 06일, isBorrow=false]
[main] cmn.LoggerManger  ( BookDao.java:32)     - Book [isbn=9791162242261, title=파이썬 웹프로그래밍(실전편):Django(장고)를 활용한 쉽고 빠른 웹 개발, author=김석훈, genre=소프트웨어 공학 , publicationDate=미상, isBorrow=false]
[main] cmn.LoggerManger  ( BookDao.java:32)     - Book [isbn=1163032212-9791163032212, title=Do it! HTML+CSS+<b>자바</b>스크립트 웹 표준의 정석, author=고경희, genre=소프트웨어 공학, publicationDate=미상, isBorrow=false]
[main] cmn.LoggerManger  ( BookDao.java:53)     - 9791163031222,Do it! 지옥에서 온 문서 관리자 깃&깃허브 입문,이고잉 고경희,소프트웨어 공학,2019년 12월 06일,false
[main] cmn.LoggerManger  ( BookDao.java:53)     - 9791162242261,파이썬 웹프로그래밍(실전편):Django(장고)를 활용한 쉽고 빠른 웹 개발,김석훈,소프트웨어 공학 ,미상,false
[main] cmn.LoggerManger  ( BookDao.java:53)     - 1163032212-9791163032212,Do it! HTML+CSS+<b>자바</b>스크립트 웹 표준의 정석,고경희,소프트웨어 공학,미상,false
[main] cmn.LoggerManger  ( BookDao.java:29)     - data : 3
[main] cmn.LoggerManger  ( BookDao.java:32)     - Book [isbn=9791163031222, title=Do it! 지옥에서 온 문서 관리자 깃&깃허브 입문, author=이고잉 고경희, genre=소프트웨어 공학, publicationDate=2019년 12월 06일, isBorrow=false]
[main] cmn.LoggerManger  ( BookDao.java:32)     - Book [isbn=9791162242261, title=파이썬 웹프로그래밍(실전편):Django(장고)를 활용한 쉽고 빠른 웹 개발, author=김석훈, genre=소프트웨어 공학 , publicationDate=미상, isBorrow=false]
[main] cmn.LoggerManger  ( BookDao.java:32)     - Book [isbn=1163032212-9791163032212, title=Do it! HTML+CSS+<b>자바</b>스크립트 웹 표준의 정석, author=고경희, genre=소프트웨어 공학, publicationDate=미상, isBorrow=false]
[main] cmn.LoggerManger  (BookDaoTest.java:141)     - 저장건수 : 3
[main] cmn.LoggerManger  (BookDaoTest.java:141)     - 저장건수 : 3
[main] cmn.LoggerManger  (BookDaoTest.java:141)     - 저장건수 : 3
[main] cmn.LoggerManger  ( BookDao.java:53)     - 9791163031222,Do it! 지옥에서 온 문서 관리자 깃&깃허브 입문,이고잉 고경희,소프트웨어 공학,2019년 12월 06일,false
[main] cmn.LoggerManger  ( BookDao.java:53)     - 9791162242261,파이썬 웹프로그래밍(실전편):Django(장고)를 활용한 쉽고 빠른 웹 개발,김석훈,소프트웨어 공학 ,미상,false
[main] cmn.LoggerManger  ( BookDao.java:53)     - 1163032212-9791163032212,Do it! HTML+CSS+<b>자바</b>스크립트 웹 표준의 정석,고경희,소프트웨어 공학,미상,false
[main] cmn.LoggerManger  ( BookDao.java:29)     - data : 3
[main] cmn.LoggerManger  ( BookDao.java:32)     - Book [isbn=9791163031222, title=Do it! 지옥에서 온 문서 관리자 깃&깃허브 입문, author=이고잉 고경희, genre=소프트웨어 공학, publicationDate=2019년 12월 06일, isBorrow=false]
[main] cmn.LoggerManger  ( BookDao.java:32)     - Book [isbn=9791162242261, title=파이썬 웹프로그래밍(실전편):Django(장고)를 활용한 쉽고 빠른 웹 개발, author=김석훈, genre=소프트웨어 공학 , publicationDate=미상, isBorrow=false]
[main] cmn.LoggerManger  ( BookDao.java:32)     - Book [isbn=1163032212-9791163032212, title=Do it! HTML+CSS+<b>자바</b>스크립트 웹 표준의 정석, author=고경희, genre=소프트웨어 공학, publicationDate=미상, isBorrow=false]
[main] cmn.LoggerManger  (BookDaoTest.java:141)     - 저장건수 : 3
[main] cmn.LoggerManger  (BookDaoTest.java:141)     - 저장건수 : 3
[main] cmn.LoggerManger  (BookDaoTest.java:141)     - 저장건수 : 3
[main] cmn.LoggerManger  (BookDaoTest.java:141)     - 저장건수 : 3
[main] cmn.LoggerManger  (BookDaoTest.java:141)     - 저장건수 : 3
[main] cmn.LoggerManger  (BookDaoTest.java:141)     - 저장건수 : 3
[main] cmn.LoggerManger  (BookDaoTest.java:141)     - 저장건수 : 3
[main] cmn.LoggerManger  ( BookDao.java:53)     - 9791163031222,Do it! 지옥에서 온 문서 관리자 깃&깃허브 입문,이고잉 고경희,소프트웨어 공학,2019년 12월 06일,false
[main] cmn.LoggerManger  ( BookDao.java:53)     - 9791162242261,파이썬 웹프로그래밍(실전편):Django(장고)를 활용한 쉽고 빠른 웹 개발,김석훈,소프트웨어 공학 ,미상,false
[main] cmn.LoggerManger  ( BookDao.java:53)     - 1163032212-9791163032212,Do it! HTML+CSS+<b>자바</b>스크립트 웹 표준의 정석,고경희,소프트웨어 공학,미상,false
[main] cmn.LoggerManger  ( BookDao.java:29)     - data : 3
[main] cmn.LoggerManger  ( BookDao.java:32)     - Book [isbn=9791163031222, title=Do it! 지옥에서 온 문서 관리자 깃&깃허브 입문, author=이고잉 고경희, genre=소프트웨어 공학, publicationDate=2019년 12월 06일, isBorrow=false]
[main] cmn.LoggerManger  ( BookDao.java:32)     - Book [isbn=9791162242261, title=파이썬 웹프로그래밍(실전편):Django(장고)를 활용한 쉽고 빠른 웹 개발, author=김석훈, genre=소프트웨어 공학 , publicationDate=미상, isBorrow=false]
[main] cmn.LoggerManger  ( BookDao.java:32)     - Book [isbn=1163032212-9791163032212, title=Do it! HTML+CSS+<b>자바</b>스크립트 웹 표준의 정석, author=고경희, genre=소프트웨어 공학, publicationDate=미상, isBorrow=false]
[main] cmn.LoggerManger  (BookDaoTest.java:143)     - 저장건수 : 3
[main] cmn.LoggerManger  (BookDaoTest.java:148)     - ===================================================
[main] cmn.LoggerManger  (BookDaoTest.java:149)     - =프로그램 종료=========================================
[main] cmn.LoggerManger  (BookDaoTest.java:150)     - ===================================================
[main] cmn.LoggerManger  ( BookDao.java:53)     - 9791163031222,Do it! 지옥에서 온 문서 관리자 깃&깃허브 입문,이고잉 고경희,소프트웨어 공학,2019년 12월 06일,false
[main] cmn.LoggerManger  ( BookDao.java:53)     - 9791162242261,파이썬 웹프로그래밍(실전편):Django(장고)를 활용한 쉽고 빠른 웹 개발,김석훈,소프트웨어 공학 ,미상,false
[main] cmn.LoggerManger  ( BookDao.java:53)     - 1163032212-9791163032212,Do it! HTML+CSS+<b>자바</b>스크립트 웹 표준의 정석,고경희,소프트웨어 공학,미상,false
[main] cmn.LoggerManger  ( BookDao.java:29)     - data : 3
[main] cmn.LoggerManger  ( BookDao.java:32)     - Book [isbn=9791163031222, title=Do it! 지옥에서 온 문서 관리자 깃&깃허브 입문, author=이고잉 고경희, genre=소프트웨어 공학, publicationDate=2019년 12월 06일, isBorrow=false]
[main] cmn.LoggerManger  ( BookDao.java:32)     - Book [isbn=9791162242261, title=파이썬 웹프로그래밍(실전편):Django(장고)를 활용한 쉽고 빠른 웹 개발, author=김석훈, genre=소프트웨어 공학 , publicationDate=미상, isBorrow=false]
[main] cmn.LoggerManger  ( BookDao.java:32)     - Book [isbn=1163032212-9791163032212, title=Do it! HTML+CSS+<b>자바</b>스크립트 웹 표준의 정석, author=고경희, genre=소프트웨어 공학, publicationDate=미상, isBorrow=false]
[main] cmn.LoggerManger  ( BookDao.java:143)     - isContains : false
[main] cmn.LoggerManger  (BookDaoTest.java:163)     - Book [isbn=9791163031222_003, title=Do it! 지옥에서 온 문서 관리자 깃&깃허브 입문_003, author=이고잉 고경희_003, genre=소프트웨어 공학, publicationDate=2019-12-06, isBorrow=false] 등록 되었습니다.
[main] cmn.LoggerManger  (BookDaoTest.java:171)     - 저장건수 : 4
[main] cmn.LoggerManger  (BookDaoTest.java:176)     - ===================================================
[main] cmn.LoggerManger  (BookDaoTest.java:177)     - =프로그램 종료=========================================
[main] cmn.LoggerManger  (BookDaoTest.java:178)     - ===================================================
[main] cmn.LoggerManger  ( BookDao.java:53)     - 9791163031222,Do it! 지옥에서 온 문서 관리자 깃&깃허브 입문,이고잉 고경희,소프트웨어 공학,2019년 12월 06일,false
[main] cmn.LoggerManger  ( BookDao.java:53)     - 9791162242261,파이썬 웹프로그래밍(실전편):Django(장고)를 활용한 쉽고 빠른 웹 개발,김석훈,소프트웨어 공학 ,미상,false
[main] cmn.LoggerManger  ( BookDao.java:53)     - 1163032212-9791163032212,Do it! HTML+CSS+<b>자바</b>스크립트 웹 표준의 정석,고경희,소프트웨어 공학,미상,false
[main] cmn.LoggerManger  ( BookDao.java:53)     - 9791163031222_003,Do it! 지옥에서 온 문서 관리자 깃&깃허브 입문_003,이고잉 고경희_003,소프트웨어 공학,2019-12-06,false
[main] cmn.LoggerManger  ( BookDao.java:29)     - data : 4
[main] cmn.LoggerManger  ( BookDao.java:32)     - Book [isbn=9791163031222, title=Do it! 지옥에서 온 문서 관리자 깃&깃허브 입문, author=이고잉 고경희, genre=소프트웨어 공학, publicationDate=2019년 12월 06일, isBorrow=false]
[main] cmn.LoggerManger  ( BookDao.java:32)     - Book [isbn=9791162242261, title=파이썬 웹프로그래밍(실전편):Django(장고)를 활용한 쉽고 빠른 웹 개발, author=김석훈, genre=소프트웨어 공학 , publicationDate=미상, isBorrow=false]
[main] cmn.LoggerManger  ( BookDao.java:32)     - Book [isbn=1163032212-9791163032212, title=Do it! HTML+CSS+<b>자바</b>스크립트 웹 표준의 정석, author=고경희, genre=소프트웨어 공학, publicationDate=미상, isBorrow=false]
[main] cmn.LoggerManger  ( BookDao.java:32)     - Book [isbn=9791163031222_003, title=Do it! 지옥에서 온 문서 관리자 깃&깃허브 입문_003, author=이고잉 고경희_003, genre=소프트웨어 공학, publicationDate=2019-12-06, isBorrow=false]
[main] cmn.LoggerManger  (BookDaoTest.java:178)     - 9791163031222_001 삭제 실패.
[main] cmn.LoggerManger  ( BookDao.java:216)     - 삭제 데이터: Book [isbn=9791163031222_003, title=Do it! 지옥에서 온 문서 관리자 깃&깃허브 입문_003, author=이고잉 고경희_003, genre=소프트웨어 공학, publicationDate=2019-12-06, isBorrow=false]
[main] cmn.LoggerManger  (BookDaoTest.java:176)     - 9791163031222_003 삭제 되었습니다.
[main] cmn.LoggerManger  (BookDaoTest.java:185)     - 저장건수 : 3
[main] cmn.LoggerManger  (BookDaoTest.java:190)     - ===================================================
[main] cmn.LoggerManger  (BookDaoTest.java:191)     - =프로그램 종료=========================================
[main] cmn.LoggerManger  (BookDaoTest.java:192)     - ===================================================
[main] cmn.LoggerManger  ( BookDao.java:53)     - 9791163031222,Do it! 지옥에서 온 문서 관리자 깃&깃허브 입문,이고잉 고경희,소프트웨어 공학,2019년 12월 06일,false
[main] cmn.LoggerManger  ( BookDao.java:53)     - 9791162242261,파이썬 웹프로그래밍(실전편):Django(장고)를 활용한 쉽고 빠른 웹 개발,김석훈,소프트웨어 공학 ,미상,false
[main] cmn.LoggerManger  ( BookDao.java:53)     - 1163032212-9791163032212,Do it! HTML+CSS+<b>자바</b>스크립트 웹 표준의 정석,고경희,소프트웨어 공학,미상,false
[main] cmn.LoggerManger  ( BookDao.java:29)     - data : 3
[main] cmn.LoggerManger  ( BookDao.java:32)     - Book [isbn=9791163031222, title=Do it! 지옥에서 온 문서 관리자 깃&깃허브 입문, author=이고잉 고경희, genre=소프트웨어 공학, publicationDate=2019년 12월 06일, isBorrow=false]
[main] cmn.LoggerManger  ( BookDao.java:32)     - Book [isbn=9791162242261, title=파이썬 웹프로그래밍(실전편):Django(장고)를 활용한 쉽고 빠른 웹 개발, author=김석훈, genre=소프트웨어 공학 , publicationDate=미상, isBorrow=false]
[main] cmn.LoggerManger  ( BookDao.java:32)     - Book [isbn=1163032212-9791163032212, title=Do it! HTML+CSS+<b>자바</b>스크립트 웹 표준의 정석, author=고경희, genre=소프트웨어 공학, publicationDate=미상, isBorrow=false]
[main] cmn.LoggerManger  (BookDaoTest.java:191)     - Book [isbn=9791162242261, title=파이썬 웹프로그래밍(실전편):Django(장고)를 활용한 쉽고 빠른 웹 개발, author=김석훈, genre=소프트웨어 공학 , publicationDate=미상, isBorrow=false] 조회 되었습니다
[main] cmn.LoggerManger  (BookDaoTest.java:199)     - 저장건수 : 3
[main] cmn.LoggerManger  (BookDaoTest.java:204)     - ===================================================
[main] cmn.LoggerManger  (BookDaoTest.java:205)     - =프로그램 종료=========================================
[main] cmn.LoggerManger  (BookDaoTest.java:206)     - ===================================================
[main] cmn.LoggerManger  ( BookDao.java:53)     - 9791163031222,Do it! 지옥에서 온 문서 관리자 깃&깃허브 입문,이고잉 고경희,소프트웨어 공학,2019년 12월 06일,false
[main] cmn.LoggerManger  ( BookDao.java:53)     - 9791162242261,파이썬 웹프로그래밍(실전편):Django(장고)를 활용한 쉽고 빠른 웹 개발,김석훈,소프트웨어 공학 ,미상,false
[main] cmn.LoggerManger  ( BookDao.java:53)     - 1163032212-9791163032212,Do it! HTML+CSS+<b>자바</b>스크립트 웹 표준의 정석,고경희,소프트웨어 공학,미상,false
[main] cmn.LoggerManger  ( BookDao.java:53)     - 9791163031222_003,Do it! 지옥에서 온 문서 관리자 깃&깃허브 입문_003,이고잉 고경희_003,소프트웨어 공학,2019-12-06,0
[main] cmn.LoggerManger  ( BookDao.java:29)     - data : 4
[main] cmn.LoggerManger  ( BookDao.java:32)     - Book [isbn=9791163031222, title=Do it! 지옥에서 온 문서 관리자 깃&깃허브 입문, author=이고잉 고경희, genre=소프트웨어 공학, publicationDate=2019년 12월 06일, isBorrow=false]
[main] cmn.LoggerManger  ( BookDao.java:32)     - Book [isbn=9791162242261, title=파이썬 웹프로그래밍(실전편):Django(장고)를 활용한 쉽고 빠른 웹 개발, author=김석훈, genre=소프트웨어 공학 , publicationDate=미상, isBorrow=false]
[main] cmn.LoggerManger  ( BookDao.java:32)     - Book [isbn=1163032212-9791163032212, title=Do it! HTML+CSS+<b>자바</b>스크립트 웹 표준의 정석, author=고경희, genre=소프트웨어 공학, publicationDate=미상, isBorrow=false]
[main] cmn.LoggerManger  ( BookDao.java:32)     - Book [isbn=9791163031222_003, title=Do it! 지옥에서 온 문서 관리자 깃&깃허브 입문_003, author=이고잉 고경희_003, genre=소프트웨어 공학, publicationDate=2019-12-06, isBorrow=false]
[main] cmn.LoggerManger  (BookDaoTest.java:180)     - 수정 실패.
[main] cmn.LoggerManger  ( BookDao.java:53)     - 9791163031222,Do it! 지옥에서 온 문서 관리자 깃&깃허브 입문,이고잉 고경희,소프트웨어 공학,2019년 12월 06일,false
[main] cmn.LoggerManger  ( BookDao.java:53)     - 9791162242261,파이썬 웹프로그래밍(실전편):Django(장고)를 활용한 쉽고 빠른 웹 개발,김석훈,소프트웨어 공학 ,미상,false
[main] cmn.LoggerManger  ( BookDao.java:53)     - 1163032212-9791163032212,Do it! HTML+CSS+<b>자바</b>스크립트 웹 표준의 정석,고경희,소프트웨어 공학,미상,false
[main] cmn.LoggerManger  ( BookDao.java:53)     - 9791163031222_003,Do it! 지옥에서 온 문서 관리자 깃&깃허브 입문_003,이고잉 고경희_003,소프트웨어 공학,2019-12-06,0
[main] cmn.LoggerManger  ( BookDao.java:29)     - data : 4
[main] cmn.LoggerManger  ( BookDao.java:32)     - Book [isbn=9791163031222, title=Do it! 지옥에서 온 문서 관리자 깃&깃허브 입문, author=이고잉 고경희, genre=소프트웨어 공학, publicationDate=2019년 12월 06일, isBorrow=false]
[main] cmn.LoggerManger  ( BookDao.java:32)     - Book [isbn=9791162242261, title=파이썬 웹프로그래밍(실전편):Django(장고)를 활용한 쉽고 빠른 웹 개발, author=김석훈, genre=소프트웨어 공학 , publicationDate=미상, isBorrow=false]
[main] cmn.LoggerManger  ( BookDao.java:32)     - Book [isbn=1163032212-9791163032212, title=Do it! HTML+CSS+<b>자바</b>스크립트 웹 표준의 정석, author=고경희, genre=소프트웨어 공학, publicationDate=미상, isBorrow=false]
[main] cmn.LoggerManger  ( BookDao.java:32)     - Book [isbn=9791163031222_003, title=Do it! 지옥에서 온 문서 관리자 깃&깃허브 입문_003, author=이고잉 고경희_003, genre=소프트웨어 공학, publicationDate=2019-12-06, isBorrow=false]
[main] cmn.LoggerManger  ( BookDao.java:216)     - 삭제 데이터: Book [isbn=9791163031222_003, title=Do it! 지옥에서 온 문서 관리자 깃&깃허브 입문_003, author=이고잉 고경희_003, genre=소프트웨어 공학, publicationDate=2019-12-06, isBorrow=false]
[main] cmn.LoggerManger  ( BookDao.java:143)     - isContains : false
[main] cmn.LoggerManger  (BookDaoTest.java:178)     - 수정 되었습니다.
[main] cmn.LoggerManger  (BookDaoTest.java:215)     - 저장건수 : 4
[main] cmn.LoggerManger  (BookDaoTest.java:220)     - ===================================================
[main] cmn.LoggerManger  (BookDaoTest.java:221)     - =프로그램 종료=========================================
[main] cmn.LoggerManger  (BookDaoTest.java:222)     - ===================================================
[main] cmn.LoggerManger  ( BookDao.java:53)     - 9791163031222,Do it! 지옥에서 온 문서 관리자 깃&깃허브 입문,이고잉 고경희,소프트웨어 공학,2019년 12월 06일,false
[main] cmn.LoggerManger  ( BookDao.java:53)     - 9791162242261,파이썬 웹프로그래밍(실전편):Django(장고)를 활용한 쉽고 빠른 웹 개발,김석훈,소프트웨어 공학 ,미상,false
[main] cmn.LoggerManger  ( BookDao.java:53)     - 1163032212-9791163032212,Do it! HTML+CSS+<b>자바</b>스크립트 웹 표준의 정석,고경희,소프트웨어 공학,미상,false
[main] cmn.LoggerManger  ( BookDao.java:53)     - 9791163031222_003,Do it! 지옥에서 온 문서 관리자 깃&깃허브 입문_003,이고잉 고경희_003,소프트웨어 공학,2019-12-06,false
[main] cmn.LoggerManger  ( BookDao.java:29)     - data : 4
[main] cmn.LoggerManger  ( BookDao.java:32)     - Book [isbn=9791163031222, title=Do it! 지옥에서 온 문서 관리자 깃&깃허브 입문, author=이고잉 고경희, genre=소프트웨어 공학, publicationDate=2019년 12월 06일, isBorrow=false]
[main] cmn.LoggerManger  ( BookDao.java:32)     - Book [isbn=9791162242261, title=파이썬 웹프로그래밍(실전편):Django(장고)를 활용한 쉽고 빠른 웹 개발, author=김석훈, genre=소프트웨어 공학 , publicationDate=미상, isBorrow=false]
[main] cmn.LoggerManger  ( BookDao.java:32)     - Book [isbn=1163032212-9791163032212, title=Do it! HTML+CSS+<b>자바</b>스크립트 웹 표준의 정석, author=고경희, genre=소프트웨어 공학, publicationDate=미상, isBorrow=false]
[main] cmn.LoggerManger  ( BookDao.java:32)     - Book [isbn=9791163031222_003, title=Do it! 지옥에서 온 문서 관리자 깃&깃허브 입문_003, author=이고잉 고경희_003, genre=소프트웨어 공학, publicationDate=2019-12-06, isBorrow=false]
[main] cmn.LoggerManger  ( BookDao.java:216)     - 삭제 데이터: Book [isbn=9791163031222_003, title=Do it! 지옥에서 온 문서 관리자 깃&깃허브 입문_003, author=이고잉 고경희_003, genre=소프트웨어 공학, publicationDate=2019-12-06, isBorrow=false]
[main] cmn.LoggerManger  ( BookDao.java:143)     - isContains : false
[main] cmn.LoggerManger  (BookDaoTest.java:178)     - 수정 되었습니다.
[main] cmn.LoggerManger  (BookDaoTest.java:215)     - 저장건수 : 4
[main] cmn.LoggerManger  (BookDaoTest.java:220)     - ===================================================
[main] cmn.LoggerManger  (BookDaoTest.java:221)     - =프로그램 종료=========================================
[main] cmn.LoggerManger  (BookDaoTest.java:222)     - ===================================================
[main] cmn.LoggerManger  ( BookDao.java:53)     - 9791163031222,Do it! 지옥에서 온 문서 관리자 깃&깃허브 입문,이고잉 고경희,소프트웨어 공학,2019년 12월 06일,false
[main] cmn.LoggerManger  ( BookDao.java:53)     - 9791162242261,파이썬 웹프로그래밍(실전편):Django(장고)를 활용한 쉽고 빠른 웹 개발,김석훈,소프트웨어 공학 ,미상,false
[main] cmn.LoggerManger  ( BookDao.java:53)     - 1163032212-9791163032212,Do it! HTML+CSS+<b>자바</b>스크립트 웹 표준의 정석,고경희,소프트웨어 공학,미상,false
[main] cmn.LoggerManger  ( BookDao.java:53)     - 9791163031222_003,Do it! 지옥에서 온 문서 관리자 깃&깃허브 입문_003_U,이고잉 고경희_003_U,소프트웨어 공학,2019-12-06,false
[main] cmn.LoggerManger  ( BookDao.java:29)     - data : 4
[main] cmn.LoggerManger  ( BookDao.java:32)     - Book [isbn=9791163031222, title=Do it! 지옥에서 온 문서 관리자 깃&깃허브 입문, author=이고잉 고경희, genre=소프트웨어 공학, publicationDate=2019년 12월 06일, isBorrow=false]
[main] cmn.LoggerManger  ( BookDao.java:32)     - Book [isbn=9791162242261, title=파이썬 웹프로그래밍(실전편):Django(장고)를 활용한 쉽고 빠른 웹 개발, author=김석훈, genre=소프트웨어 공학 , publicationDate=미상, isBorrow=false]
[main] cmn.LoggerManger  ( BookDao.java:32)     - Book [isbn=1163032212-9791163032212, title=Do it! HTML+CSS+<b>자바</b>스크립트 웹 표준의 정석, author=고경희, genre=소프트웨어 공학, publicationDate=미상, isBorrow=false]
[main] cmn.LoggerManger  ( BookDao.java:32)     - Book [isbn=9791163031222_003, title=Do it! 지옥에서 온 문서 관리자 깃&깃허브 입문_003_U, author=이고잉 고경희_003_U, genre=소프트웨어 공학, publicationDate=2019-12-06, isBorrow=false]
[main] cmn.LoggerManger  ( BookDao.java:53)     - 9791163031222,Do it! 지옥에서 온 문서 관리자 깃&깃허브 입문,이고잉 고경희,소프트웨어 공학,2019년 12월 06일,false
[main] cmn.LoggerManger  ( BookDao.java:53)     - 9791162242261,파이썬 웹프로그래밍(실전편):Django(장고)를 활용한 쉽고 빠른 웹 개발,김석훈,소프트웨어 공학 ,미상,false
[main] cmn.LoggerManger  ( BookDao.java:53)     - 1163032212-9791163032212,Do it! HTML+CSS+<b>자바</b>스크립트 웹 표준의 정석,고경희,소프트웨어 공학,미상,false
[main] cmn.LoggerManger  ( BookDao.java:53)     - 9791163031222_003,Do it! 지옥에서 온 문서 관리자 깃&깃허브 입문_003_U,이고잉 고경희_003_U,소프트웨어 공학,2019-12-06,false
[main] cmn.LoggerManger  ( BookDao.java:29)     - data : 4
[main] cmn.LoggerManger  ( BookDao.java:32)     - Book [isbn=9791163031222, title=Do it! 지옥에서 온 문서 관리자 깃&깃허브 입문, author=이고잉 고경희, genre=소프트웨어 공학, publicationDate=2019년 12월 06일, isBorrow=false]
[main] cmn.LoggerManger  ( BookDao.java:32)     - Book [isbn=9791162242261, title=파이썬 웹프로그래밍(실전편):Django(장고)를 활용한 쉽고 빠른 웹 개발, author=김석훈, genre=소프트웨어 공학 , publicationDate=미상, isBorrow=false]
[main] cmn.LoggerManger  ( BookDao.java:32)     - Book [isbn=1163032212-9791163032212, title=Do it! HTML+CSS+<b>자바</b>스크립트 웹 표준의 정석, author=고경희, genre=소프트웨어 공학, publicationDate=미상, isBorrow=false]
[main] cmn.LoggerManger  ( BookDao.java:32)     - Book [isbn=9791163031222_003, title=Do it! 지옥에서 온 문서 관리자 깃&깃허브 입문_003_U, author=이고잉 고경희_003_U, genre=소프트웨어 공학, publicationDate=2019-12-06, isBorrow=false]
[main] cmn.LoggerManger  ( BookDao.java:53)     - 9791163031222,Do it! 지옥에서 온 문서 관리자 깃&깃허브 입문,이고잉 고경희,소프트웨어 공학,2019년 12월 06일,false
[main] cmn.LoggerManger  ( BookDao.java:53)     - 9791162242261,파이썬 웹프로그래밍(실전편):Django(장고)를 활용한 쉽고 빠른 웹 개발,김석훈,소프트웨어 공학 ,미상,false
[main] cmn.LoggerManger  ( BookDao.java:53)     - 1163032212-9791163032212,Do it! HTML+CSS+<b>자바</b>스크립트 웹 표준의 정석,고경희,소프트웨어 공학,미상,false
[main] cmn.LoggerManger  ( BookDao.java:53)     - 9791163031222_003,Do it! 지옥에서 온 문서 관리자 깃&깃허브 입문_003_U,이고잉 고경희_003_U,소프트웨어 공학,2019-12-06,false
[main] cmn.LoggerManger  ( BookDao.java:29)     - data : 4
[main] cmn.LoggerManger  ( BookDao.java:32)     - Book [isbn=9791163031222, title=Do it! 지옥에서 온 문서 관리자 깃&깃허브 입문, author=이고잉 고경희, genre=소프트웨어 공학, publicationDate=2019년 12월 06일, isBorrow=false]
[main] cmn.LoggerManger  ( BookDao.java:32)     - Book [isbn=9791162242261, title=파이썬 웹프로그래밍(실전편):Django(장고)를 활용한 쉽고 빠른 웹 개발, author=김석훈, genre=소프트웨어 공학 , publicationDate=미상, isBorrow=false]
[main] cmn.LoggerManger  ( BookDao.java:32)     - Book [isbn=1163032212-9791163032212, title=Do it! HTML+CSS+<b>자바</b>스크립트 웹 표준의 정석, author=고경희, genre=소프트웨어 공학, publicationDate=미상, isBorrow=false]
[main] cmn.LoggerManger  ( BookDao.java:32)     - Book [isbn=9791163031222_003, title=Do it! 지옥에서 온 문서 관리자 깃&깃허브 입문_003_U, author=이고잉 고경희_003_U, genre=소프트웨어 공학, publicationDate=2019-12-06, isBorrow=false]
[main] cmn.LoggerManger  (BookDaoTest.java:242)     - 저장건수 : 4
[main] cmn.LoggerManger  (BookDaoTest.java:247)     - ===================================================
[main] cmn.LoggerManger  (BookDaoTest.java:248)     - =프로그램 종료=========================================
[main] cmn.LoggerManger  (BookDaoTest.java:249)     - ===================================================
