[2022-11-09 12:13:26.941] DEBUG UserDaoTest.<init>(UserDaoTest.java:23) - ====================
[2022-11-09 12:13:26.945] DEBUG UserDaoTest.<init>(UserDaoTest.java:24) - =context=org.springframework.context.annotation.AnnotationConfigApplicationContext@123f1134, started on Wed Nov 09 12:13:26 KST 2022
[2022-11-09 12:13:26.945] DEBUG UserDaoTest.<init>(UserDaoTest.java:25) - =dao=com.pcwk.ehr.UserDao@76a4ebf2
[2022-11-09 12:13:26.945] DEBUG UserDaoTest.<init>(UserDaoTest.java:26) - ====================
[2022-11-09 12:13:27.386] DEBUG NConnectionMaker.makeConnection(NConnectionMaker.java:22) - =====================================
[2022-11-09 12:13:27.386] DEBUG NConnectionMaker.makeConnection(NConnectionMaker.java:23) - =Connection = oracle.jdbc.driver.T4CConnection@3eb91815
[2022-11-09 12:13:27.386] DEBUG NConnectionMaker.makeConnection(NConnectionMaker.java:24) - =====================================
[2022-11-09 12:13:27.386] DEBUG UserDao.add(UserDao.java:88) - 1. sql log 
INSERT INTO hr_member ( 
    u_id,               
    name,               
    passwd              
) VALUES (              
    ?,                  
    ?,                  
    ?                   
)                       

[2022-11-09 12:13:27.387] DEBUG UserDao.add(UserDao.java:89) - 2. param log 
UserVO [uId=p11, name=이상무11, passWd=4321]
[2022-11-09 12:13:27.450] DEBUG UserDao.add(UserDao.java:98) - 3. flag: 1
[2022-11-09 12:13:27.452] DEBUG UserDao.add(UserDao.java:103) - 1. DRIVER loading 성공
[2022-11-09 12:13:27.452] DEBUG UserDao.add(UserDao.java:104) - 2. Connection 성공: oracle.jdbc.driver.T4CConnection@3eb91815
[2022-11-09 12:13:27.452] DEBUG UserDaoTest.add(UserDaoTest.java:35) - 등록 성공
[2022-11-09 12:13:27.452] DEBUG UserDaoTest.add(UserDaoTest.java:39) - =============================================
[2022-11-09 12:13:27.487] DEBUG NConnectionMaker.makeConnection(NConnectionMaker.java:22) - =====================================
[2022-11-09 12:13:27.487] DEBUG NConnectionMaker.makeConnection(NConnectionMaker.java:23) - =Connection = oracle.jdbc.driver.T4CConnection@5cbe877d
[2022-11-09 12:13:27.488] DEBUG NConnectionMaker.makeConnection(NConnectionMaker.java:24) - =====================================
[2022-11-09 12:13:27.488] DEBUG UserDao.get(UserDao.java:44) - 1. sql log 
SELECT u_id,   
       name,   
       passwd  
FROM HR_MEMBER 
WHERE u_id = ? 

[2022-11-09 12:13:27.488] DEBUG UserDao.get(UserDao.java:45) - 2. param log 
p11
[2022-11-09 12:13:27.527] DEBUG UserDao.get(UserDao.java:58) - 3. userVO: UserVO [uId=p11, name=이상무11, passWd=4321]
[2022-11-09 12:13:27.528] DEBUG UserDaoTest.add(UserDaoTest.java:43) - 조회 성공
[2022-11-09 12:44:22.133] DEBUG SingleToneMain.main(SingleToneMain.java:17) - =====================
[2022-11-09 12:44:22.135] DEBUG SingleToneMain.main(SingleToneMain.java:18) - =userDao01=com.pcwk.ehr.UserDao@3f200884
[2022-11-09 12:44:22.135] DEBUG SingleToneMain.main(SingleToneMain.java:19) - =userDao02=com.pcwk.ehr.UserDao@4d339552
[2022-11-09 12:44:22.135] DEBUG SingleToneMain.main(SingleToneMain.java:20) - =====================
[2022-11-09 12:46:36.050] DEBUG SingleToneMain.main(SingleToneMain.java:19) - =====================
[2022-11-09 12:46:36.052] DEBUG SingleToneMain.main(SingleToneMain.java:20) - =userDao01=com.pcwk.ehr.UserDao@971d0d8
[2022-11-09 12:46:36.052] DEBUG SingleToneMain.main(SingleToneMain.java:21) - =userDao02=com.pcwk.ehr.UserDao@51931956
[2022-11-09 12:46:36.052] DEBUG SingleToneMain.main(SingleToneMain.java:22) - =====================
[2022-11-09 12:46:36.243] DEBUG SingleToneMain.main(SingleToneMain.java:30) - =====================
[2022-11-09 12:46:36.243] DEBUG SingleToneMain.main(SingleToneMain.java:31) - =userDao03=com.pcwk.ehr.UserDao@6e9175d8
[2022-11-09 12:46:36.243] DEBUG SingleToneMain.main(SingleToneMain.java:32) - =userDao04=com.pcwk.ehr.UserDao@6e9175d8
[2022-11-09 12:46:36.243] DEBUG SingleToneMain.main(SingleToneMain.java:33) - =====================
