[2022-11-24 15:50:02.240] DEBUG
			DefaultCacheAwareContextLoaderDelegate.loadContext(DefaultCacheAwareContextLoaderDelegate.java:137) - Retrieved ApplicationContext [1864869682] from cache with key [[WebMergedContextConfiguration@313b2ea6 testClass = JWebUserController, locations = '{file:src/main/webapp/WEB-INF/spring/root-context.xml, file:src/main/webapp/WEB-INF/spring/appServlet/servlet-context.xml}', classes = '{}', contextInitializerClasses = '[]', activeProfiles = '{}', propertySourceLocations = '{}', propertySourceProperties = '{}', contextCustomizers = set[[empty]], resourceBasePath = 'src/main/webapp', contextLoader = 'org.springframework.test.context.web.WebDelegatingSmartContextLoader', parent = [null]]]
[2022-11-24 15:50:02.258] DEBUG
			DefaultContextCache.logStatistics(DefaultContextCache.java:290) - Spring test ApplicationContext cache statistics: [DefaultContextCache@4bdcaf36 size = 1, maxSize = 32, parentContextCount = 0, hitCount = 1, missCount = 1]
[2022-11-24 15:50:02.260] DEBUG
			DefaultCacheAwareContextLoaderDelegate.loadContext(DefaultCacheAwareContextLoaderDelegate.java:137) - Retrieved ApplicationContext [1864869682] from cache with key [[WebMergedContextConfiguration@313b2ea6 testClass = JWebUserController, locations = '{file:src/main/webapp/WEB-INF/spring/root-context.xml, file:src/main/webapp/WEB-INF/spring/appServlet/servlet-context.xml}', classes = '{}', contextInitializerClasses = '[]', activeProfiles = '{}', propertySourceLocations = '{}', propertySourceProperties = '{}', contextCustomizers = set[[empty]], resourceBasePath = 'src/main/webapp', contextLoader = 'org.springframework.test.context.web.WebDelegatingSmartContextLoader', parent = [null]]]
[2022-11-24 15:50:02.261] DEBUG
			DefaultContextCache.logStatistics(DefaultContextCache.java:290) - Spring test ApplicationContext cache statistics: [DefaultContextCache@4bdcaf36 size = 1, maxSize = 32, parentContextCount = 0, hitCount = 2, missCount = 1]
[2022-11-24 15:50:02.275] DEBUG
			AbstractDirtiesContextTestExecutionListener.beforeOrAfterTestMethod(AbstractDirtiesContextTestExecutionListener.java:108) - Before test method: context [DefaultTestContext@6a2b953e testClass = JWebUserController, testInstance = com.pcwk.ehr.JWebUserController@847f3e7, testMethod = beans@JWebUserController, testException = [null], mergedContextConfiguration = [WebMergedContextConfiguration@313b2ea6 testClass = JWebUserController, locations = '{file:src/main/webapp/WEB-INF/spring/root-context.xml, file:src/main/webapp/WEB-INF/spring/appServlet/servlet-context.xml}', classes = '{}', contextInitializerClasses = '[]', activeProfiles = '{}', propertySourceLocations = '{}', propertySourceProperties = '{}', contextCustomizers = set[[empty]], resourceBasePath = 'src/main/webapp', contextLoader = 'org.springframework.test.context.web.WebDelegatingSmartContextLoader', parent = [null]], attributes = map['org.springframework.test.context.web.ServletTestExecutionListener.populatedRequestContextHolder' -> true, 'org.springframework.test.context.web.ServletTestExecutionListener.resetRequestContextHolder' -> true, 'org.springframework.test.context.event.ApplicationEventsTestExecutionListener.recordApplicationEvents' -> false]], class annotated with @DirtiesContext [false] with mode [null], method annotated with @DirtiesContext [false] with mode [null].
[2022-11-24 15:50:02.283] DEBUG
			DefaultCacheAwareContextLoaderDelegate.loadContext(DefaultCacheAwareContextLoaderDelegate.java:137) - Retrieved ApplicationContext [1864869682] from cache with key [[WebMergedContextConfiguration@313b2ea6 testClass = JWebUserController, locations = '{file:src/main/webapp/WEB-INF/spring/root-context.xml, file:src/main/webapp/WEB-INF/spring/appServlet/servlet-context.xml}', classes = '{}', contextInitializerClasses = '[]', activeProfiles = '{}', propertySourceLocations = '{}', propertySourceProperties = '{}', contextCustomizers = set[[empty]], resourceBasePath = 'src/main/webapp', contextLoader = 'org.springframework.test.context.web.WebDelegatingSmartContextLoader', parent = [null]]]
[2022-11-24 15:50:02.283] DEBUG
			DefaultContextCache.logStatistics(DefaultContextCache.java:290) - Spring test ApplicationContext cache statistics: [DefaultContextCache@4bdcaf36 size = 1, maxSize = 32, parentContextCount = 0, hitCount = 3, missCount = 1]
[2022-11-24 15:50:02.308] INFO 
			MockServletContext.log(MockServletContext.java:455) - Initializing Spring TestDispatcherServlet ''
[2022-11-24 15:50:02.309] INFO 
			FrameworkServlet.initServletBean(FrameworkServlet.java:525) - Initializing Servlet ''
[2022-11-24 15:50:02.312] DEBUG
			DispatcherServlet.initLocaleResolver(DispatcherServlet.java:544) - Detected AcceptHeaderLocaleResolver
[2022-11-24 15:50:02.313] DEBUG
			DispatcherServlet.initThemeResolver(DispatcherServlet.java:569) - Detected FixedThemeResolver
[2022-11-24 15:50:02.314] DEBUG
			DispatcherServlet.initRequestToViewNameTranslator(DispatcherServlet.java:719) - Detected org.springframework.web.servlet.view.DefaultRequestToViewNameTranslator@76b224cd
[2022-11-24 15:50:02.315] DEBUG
			DispatcherServlet.initFlashMapManager(DispatcherServlet.java:783) - Detected org.springframework.web.servlet.support.SessionFlashMapManager@77ee25f1
[2022-11-24 15:50:02.315] DEBUG
			FrameworkServlet.initServletBean(FrameworkServlet.java:542) - enableLoggingRequestDetails='false': request parameters and headers will be masked to prevent unsafe logging of potentially sensitive data
[2022-11-24 15:50:02.315] INFO 
			FrameworkServlet.initServletBean(FrameworkServlet.java:547) - Completed initialization in 5 ms
[2022-11-24 15:50:02.318] DEBUG
			DefaultCacheAwareContextLoaderDelegate.loadContext(DefaultCacheAwareContextLoaderDelegate.java:137) - Retrieved ApplicationContext [1864869682] from cache with key [[WebMergedContextConfiguration@313b2ea6 testClass = JWebUserController, locations = '{file:src/main/webapp/WEB-INF/spring/root-context.xml, file:src/main/webapp/WEB-INF/spring/appServlet/servlet-context.xml}', classes = '{}', contextInitializerClasses = '[]', activeProfiles = '{}', propertySourceLocations = '{}', propertySourceProperties = '{}', contextCustomizers = set[[empty]], resourceBasePath = 'src/main/webapp', contextLoader = 'org.springframework.test.context.web.WebDelegatingSmartContextLoader', parent = [null]]]
[2022-11-24 15:50:02.318] DEBUG
			DefaultContextCache.logStatistics(DefaultContextCache.java:290) - Spring test ApplicationContext cache statistics: [DefaultContextCache@4bdcaf36 size = 1, maxSize = 32, parentContextCount = 0, hitCount = 4, missCount = 1]
[2022-11-24 15:50:02.318] DEBUG
			JWebUserController.beans(JWebUserController.java:100) - ┌───────────────────────────────────────────┐
[2022-11-24 15:50:02.323] DEBUG
			JWebUserController.beans(JWebUserController.java:101) - │=webApplicationContext= : org.springframework.web.context.support.GenericWebApplicationContext@6f27a732, started on Thu Nov 24 15:50:01 KST 2022
[2022-11-24 15:50:02.323] DEBUG
			JWebUserController.beans(JWebUserController.java:102) - │=mockMvc= : org.springframework.test.web.servlet.MockMvc@2ca6546f
[2022-11-24 15:50:02.323] DEBUG
			JWebUserController.beans(JWebUserController.java:103) - └───────────────────────────────────────────┘
[2022-11-24 15:50:02.325] DEBUG
			DefaultCacheAwareContextLoaderDelegate.loadContext(DefaultCacheAwareContextLoaderDelegate.java:137) - Retrieved ApplicationContext [1864869682] from cache with key [[WebMergedContextConfiguration@313b2ea6 testClass = JWebUserController, locations = '{file:src/main/webapp/WEB-INF/spring/root-context.xml, file:src/main/webapp/WEB-INF/spring/appServlet/servlet-context.xml}', classes = '{}', contextInitializerClasses = '[]', activeProfiles = '{}', propertySourceLocations = '{}', propertySourceProperties = '{}', contextCustomizers = set[[empty]], resourceBasePath = 'src/main/webapp', contextLoader = 'org.springframework.test.context.web.WebDelegatingSmartContextLoader', parent = [null]]]
[2022-11-24 15:50:02.325] DEBUG
			DefaultContextCache.logStatistics(DefaultContextCache.java:290) - Spring test ApplicationContext cache statistics: [DefaultContextCache@4bdcaf36 size = 1, maxSize = 32, parentContextCount = 0, hitCount = 5, missCount = 1]
[2022-11-24 15:50:02.330] DEBUG
			DefaultCacheAwareContextLoaderDelegate.loadContext(DefaultCacheAwareContextLoaderDelegate.java:137) - Retrieved ApplicationContext [1864869682] from cache with key [[WebMergedContextConfiguration@313b2ea6 testClass = JWebUserController, locations = '{file:src/main/webapp/WEB-INF/spring/root-context.xml, file:src/main/webapp/WEB-INF/spring/appServlet/servlet-context.xml}', classes = '{}', contextInitializerClasses = '[]', activeProfiles = '{}', propertySourceLocations = '{}', propertySourceProperties = '{}', contextCustomizers = set[[empty]], resourceBasePath = 'src/main/webapp', contextLoader = 'org.springframework.test.context.web.WebDelegatingSmartContextLoader', parent = [null]]]
[2022-11-24 15:50:02.330] DEBUG
			DefaultContextCache.logStatistics(DefaultContextCache.java:290) - Spring test ApplicationContext cache statistics: [DefaultContextCache@4bdcaf36 size = 1, maxSize = 32, parentContextCount = 0, hitCount = 6, missCount = 1]
[2022-11-24 15:50:02.330] DEBUG
			AbstractDirtiesContextTestExecutionListener.beforeOrAfterTestMethod(AbstractDirtiesContextTestExecutionListener.java:108) - After test method: context [DefaultTestContext@6a2b953e testClass = JWebUserController, testInstance = com.pcwk.ehr.JWebUserController@847f3e7, testMethod = beans@JWebUserController, testException = [null], mergedContextConfiguration = [WebMergedContextConfiguration@313b2ea6 testClass = JWebUserController, locations = '{file:src/main/webapp/WEB-INF/spring/root-context.xml, file:src/main/webapp/WEB-INF/spring/appServlet/servlet-context.xml}', classes = '{}', contextInitializerClasses = '[]', activeProfiles = '{}', propertySourceLocations = '{}', propertySourceProperties = '{}', contextCustomizers = set[[empty]], resourceBasePath = 'src/main/webapp', contextLoader = 'org.springframework.test.context.web.WebDelegatingSmartContextLoader', parent = [null]], attributes = map['org.springframework.test.context.web.ServletTestExecutionListener.populatedRequestContextHolder' -> true, 'org.springframework.test.context.web.ServletTestExecutionListener.resetRequestContextHolder' -> true, 'org.springframework.test.context.event.ApplicationEventsTestExecutionListener.recordApplicationEvents' -> false]], class annotated with @DirtiesContext [false] with mode [null], method annotated with @DirtiesContext [false] with mode [null].
[2022-11-24 15:50:02.331] DEBUG
			ServletTestExecutionListener.afterTestMethod(ServletTestExecutionListener.java:166) - Resetting RequestContextHolder for test context [DefaultTestContext@6a2b953e testClass = JWebUserController, testInstance = com.pcwk.ehr.JWebUserController@847f3e7, testMethod = beans@JWebUserController, testException = [null], mergedContextConfiguration = [WebMergedContextConfiguration@313b2ea6 testClass = JWebUserController, locations = '{file:src/main/webapp/WEB-INF/spring/root-context.xml, file:src/main/webapp/WEB-INF/spring/appServlet/servlet-context.xml}', classes = '{}', contextInitializerClasses = '[]', activeProfiles = '{}', propertySourceLocations = '{}', propertySourceProperties = '{}', contextCustomizers = set[[empty]], resourceBasePath = 'src/main/webapp', contextLoader = 'org.springframework.test.context.web.WebDelegatingSmartContextLoader', parent = [null]], attributes = map['org.springframework.test.context.web.ServletTestExecutionListener.populatedRequestContextHolder' -> true, 'org.springframework.test.context.web.ServletTestExecutionListener.resetRequestContextHolder' -> true, 'org.springframework.test.context.event.ApplicationEventsTestExecutionListener.recordApplicationEvents' -> false]].
[2022-11-24 15:50:02.332] DEBUG
			ProfileValueUtils.retrieveProfileValueSource(ProfileValueUtils.java:70) - Retrieved @ProfileValueSourceConfiguration [null] for test class [com.pcwk.ehr.JWebUserController]
[2022-11-24 15:50:02.332] DEBUG
			ProfileValueUtils.retrieveProfileValueSource(ProfileValueUtils.java:83) - Retrieved ProfileValueSource type [class org.springframework.test.annotation.SystemProfileValueSource] for class [com.pcwk.ehr.JWebUserController]
[2022-11-24 15:50:02.332] DEBUG
			DefaultCacheAwareContextLoaderDelegate.loadContext(DefaultCacheAwareContextLoaderDelegate.java:137) - Retrieved ApplicationContext [1864869682] from cache with key [[WebMergedContextConfiguration@313b2ea6 testClass = JWebUserController, locations = '{file:src/main/webapp/WEB-INF/spring/root-context.xml, file:src/main/webapp/WEB-INF/spring/appServlet/servlet-context.xml}', classes = '{}', contextInitializerClasses = '[]', activeProfiles = '{}', propertySourceLocations = '{}', propertySourceProperties = '{}', contextCustomizers = set[[empty]], resourceBasePath = 'src/main/webapp', contextLoader = 'org.springframework.test.context.web.WebDelegatingSmartContextLoader', parent = [null]]]
[2022-11-24 15:50:02.333] DEBUG
			DefaultContextCache.logStatistics(DefaultContextCache.java:290) - Spring test ApplicationContext cache statistics: [DefaultContextCache@4bdcaf36 size = 1, maxSize = 32, parentContextCount = 0, hitCount = 7, missCount = 1]
[2022-11-24 15:50:02.333] DEBUG
			ServletTestExecutionListener.setUpRequestContextIfNecessary(ServletTestExecutionListener.java:200) - Setting up MockHttpServletRequest, MockHttpServletResponse, ServletWebRequest, and RequestContextHolder for test context [DefaultTestContext@6a2b953e testClass = JWebUserController, testInstance = com.pcwk.ehr.JWebUserController@5bfc257, testMethod = [null], testException = [null], mergedContextConfiguration = [WebMergedContextConfiguration@313b2ea6 testClass = JWebUserController, locations = '{file:src/main/webapp/WEB-INF/spring/root-context.xml, file:src/main/webapp/WEB-INF/spring/appServlet/servlet-context.xml}', classes = '{}', contextInitializerClasses = '[]', activeProfiles = '{}', propertySourceLocations = '{}', propertySourceProperties = '{}', contextCustomizers = set[[empty]], resourceBasePath = 'src/main/webapp', contextLoader = 'org.springframework.test.context.web.WebDelegatingSmartContextLoader', parent = [null]], attributes = map['org.springframework.test.context.event.ApplicationEventsTestExecutionListener.recordApplicationEvents' -> false, 'org.springframework.test.context.support.DependencyInjectionTestExecutionListener.reinjectDependencies' -> true]].
[2022-11-24 15:50:02.333] DEBUG
			DependencyInjectionTestExecutionListener.prepareTestInstance(DependencyInjectionTestExecutionListener.java:81) - Performing dependency injection for test context [[DefaultTestContext@6a2b953e testClass = JWebUserController, testInstance = com.pcwk.ehr.JWebUserController@5bfc257, testMethod = [null], testException = [null], mergedContextConfiguration = [WebMergedContextConfiguration@313b2ea6 testClass = JWebUserController, locations = '{file:src/main/webapp/WEB-INF/spring/root-context.xml, file:src/main/webapp/WEB-INF/spring/appServlet/servlet-context.xml}', classes = '{}', contextInitializerClasses = '[]', activeProfiles = '{}', propertySourceLocations = '{}', propertySourceProperties = '{}', contextCustomizers = set[[empty]], resourceBasePath = 'src/main/webapp', contextLoader = 'org.springframework.test.context.web.WebDelegatingSmartContextLoader', parent = [null]], attributes = map['org.springframework.test.context.web.ServletTestExecutionListener.populatedRequestContextHolder' -> true, 'org.springframework.test.context.web.ServletTestExecutionListener.resetRequestContextHolder' -> true, 'org.springframework.test.context.event.ApplicationEventsTestExecutionListener.recordApplicationEvents' -> false, 'org.springframework.test.context.support.DependencyInjectionTestExecutionListener.reinjectDependencies' -> true]]].
[2022-11-24 15:50:02.333] DEBUG
			DefaultCacheAwareContextLoaderDelegate.loadContext(DefaultCacheAwareContextLoaderDelegate.java:137) - Retrieved ApplicationContext [1864869682] from cache with key [[WebMergedContextConfiguration@313b2ea6 testClass = JWebUserController, locations = '{file:src/main/webapp/WEB-INF/spring/root-context.xml, file:src/main/webapp/WEB-INF/spring/appServlet/servlet-context.xml}', classes = '{}', contextInitializerClasses = '[]', activeProfiles = '{}', propertySourceLocations = '{}', propertySourceProperties = '{}', contextCustomizers = set[[empty]], resourceBasePath = 'src/main/webapp', contextLoader = 'org.springframework.test.context.web.WebDelegatingSmartContextLoader', parent = [null]]]
[2022-11-24 15:50:02.333] DEBUG
			DefaultContextCache.logStatistics(DefaultContextCache.java:290) - Spring test ApplicationContext cache statistics: [DefaultContextCache@4bdcaf36 size = 1, maxSize = 32, parentContextCount = 0, hitCount = 8, missCount = 1]
[2022-11-24 15:50:02.334] DEBUG
			DefaultCacheAwareContextLoaderDelegate.loadContext(DefaultCacheAwareContextLoaderDelegate.java:137) - Retrieved ApplicationContext [1864869682] from cache with key [[WebMergedContextConfiguration@313b2ea6 testClass = JWebUserController, locations = '{file:src/main/webapp/WEB-INF/spring/root-context.xml, file:src/main/webapp/WEB-INF/spring/appServlet/servlet-context.xml}', classes = '{}', contextInitializerClasses = '[]', activeProfiles = '{}', propertySourceLocations = '{}', propertySourceProperties = '{}', contextCustomizers = set[[empty]], resourceBasePath = 'src/main/webapp', contextLoader = 'org.springframework.test.context.web.WebDelegatingSmartContextLoader', parent = [null]]]
[2022-11-24 15:50:02.334] DEBUG
			DefaultContextCache.logStatistics(DefaultContextCache.java:290) - Spring test ApplicationContext cache statistics: [DefaultContextCache@4bdcaf36 size = 1, maxSize = 32, parentContextCount = 0, hitCount = 9, missCount = 1]
[2022-11-24 15:50:02.335] DEBUG
			AbstractDirtiesContextTestExecutionListener.beforeOrAfterTestMethod(AbstractDirtiesContextTestExecutionListener.java:108) - Before test method: context [DefaultTestContext@6a2b953e testClass = JWebUserController, testInstance = com.pcwk.ehr.JWebUserController@5bfc257, testMethod = doDelete@JWebUserController, testException = [null], mergedContextConfiguration = [WebMergedContextConfiguration@313b2ea6 testClass = JWebUserController, locations = '{file:src/main/webapp/WEB-INF/spring/root-context.xml, file:src/main/webapp/WEB-INF/spring/appServlet/servlet-context.xml}', classes = '{}', contextInitializerClasses = '[]', activeProfiles = '{}', propertySourceLocations = '{}', propertySourceProperties = '{}', contextCustomizers = set[[empty]], resourceBasePath = 'src/main/webapp', contextLoader = 'org.springframework.test.context.web.WebDelegatingSmartContextLoader', parent = [null]], attributes = map['org.springframework.test.context.web.ServletTestExecutionListener.populatedRequestContextHolder' -> true, 'org.springframework.test.context.web.ServletTestExecutionListener.resetRequestContextHolder' -> true, 'org.springframework.test.context.event.ApplicationEventsTestExecutionListener.recordApplicationEvents' -> false]], class annotated with @DirtiesContext [false] with mode [null], method annotated with @DirtiesContext [false] with mode [null].
[2022-11-24 15:50:02.336] DEBUG
			DefaultCacheAwareContextLoaderDelegate.loadContext(DefaultCacheAwareContextLoaderDelegate.java:137) - Retrieved ApplicationContext [1864869682] from cache with key [[WebMergedContextConfiguration@313b2ea6 testClass = JWebUserController, locations = '{file:src/main/webapp/WEB-INF/spring/root-context.xml, file:src/main/webapp/WEB-INF/spring/appServlet/servlet-context.xml}', classes = '{}', contextInitializerClasses = '[]', activeProfiles = '{}', propertySourceLocations = '{}', propertySourceProperties = '{}', contextCustomizers = set[[empty]], resourceBasePath = 'src/main/webapp', contextLoader = 'org.springframework.test.context.web.WebDelegatingSmartContextLoader', parent = [null]]]
[2022-11-24 15:50:02.336] DEBUG
			DefaultContextCache.logStatistics(DefaultContextCache.java:290) - Spring test ApplicationContext cache statistics: [DefaultContextCache@4bdcaf36 size = 1, maxSize = 32, parentContextCount = 0, hitCount = 10, missCount = 1]
[2022-11-24 15:50:02.336] INFO 
			MockServletContext.log(MockServletContext.java:455) - Initializing Spring TestDispatcherServlet ''
[2022-11-24 15:50:02.336] INFO 
			FrameworkServlet.initServletBean(FrameworkServlet.java:525) - Initializing Servlet ''
[2022-11-24 15:50:02.336] DEBUG
			DispatcherServlet.initLocaleResolver(DispatcherServlet.java:544) - Detected AcceptHeaderLocaleResolver
[2022-11-24 15:50:02.336] DEBUG
			DispatcherServlet.initThemeResolver(DispatcherServlet.java:569) - Detected FixedThemeResolver
[2022-11-24 15:50:02.337] DEBUG
			DispatcherServlet.initRequestToViewNameTranslator(DispatcherServlet.java:719) - Detected org.springframework.web.servlet.view.DefaultRequestToViewNameTranslator@76b224cd
[2022-11-24 15:50:02.338] DEBUG
			DispatcherServlet.initFlashMapManager(DispatcherServlet.java:783) - Detected org.springframework.web.servlet.support.SessionFlashMapManager@77ee25f1
[2022-11-24 15:50:02.338] DEBUG
			FrameworkServlet.initServletBean(FrameworkServlet.java:542) - enableLoggingRequestDetails='false': request parameters and headers will be masked to prevent unsafe logging of potentially sensitive data
[2022-11-24 15:50:02.338] INFO 
			FrameworkServlet.initServletBean(FrameworkServlet.java:547) - Completed initialization in 2 ms
[2022-11-24 15:50:02.339] DEBUG
			DefaultCacheAwareContextLoaderDelegate.loadContext(DefaultCacheAwareContextLoaderDelegate.java:137) - Retrieved ApplicationContext [1864869682] from cache with key [[WebMergedContextConfiguration@313b2ea6 testClass = JWebUserController, locations = '{file:src/main/webapp/WEB-INF/spring/root-context.xml, file:src/main/webapp/WEB-INF/spring/appServlet/servlet-context.xml}', classes = '{}', contextInitializerClasses = '[]', activeProfiles = '{}', propertySourceLocations = '{}', propertySourceProperties = '{}', contextCustomizers = set[[empty]], resourceBasePath = 'src/main/webapp', contextLoader = 'org.springframework.test.context.web.WebDelegatingSmartContextLoader', parent = [null]]]
[2022-11-24 15:50:02.339] DEBUG
			DefaultContextCache.logStatistics(DefaultContextCache.java:290) - Spring test ApplicationContext cache statistics: [DefaultContextCache@4bdcaf36 size = 1, maxSize = 32, parentContextCount = 0, hitCount = 11, missCount = 1]
[2022-11-24 15:50:02.373] DEBUG
			LogFormatUtils.traceDebug(LogFormatUtils.java:119) - GET "/user/doDelete.do", parameters={masked}
[2022-11-24 15:50:02.424] DEBUG
			UserController.doDelete(UserController.java:52) - ┌──────────────────────────────────┐
[2022-11-24 15:50:02.425] DEBUG
			UserController.doDelete(UserController.java:54) - │=uId= : p11_01
[2022-11-24 15:50:02.425] DEBUG
			UserController.doDelete(UserController.java:59) - │=inpuVO= : UserVO [uId=p11_01, name=null, passwd=null, level=null, login=0, recommend=0, email=null, regDt=null, intLevel=0]
[2022-11-24 15:50:02.434] DEBUG
			AbstractPlatformTransactionManager.getTransaction(AbstractPlatformTransactionManager.java:370) - Creating new transaction with name [com.pcwk.ehr.user.service.UserServiceImpl.doDelete]: PROPAGATION_REQUIRED,ISOLATION_DEFAULT,readOnly
[2022-11-24 15:50:02.908] INFO 
			Log4j2SpyLogDelegator.connectionModified(Log4j2SpyLogDelegator.java:365) -  org.apache.commons.dbcp.DriverConnectionFactory.createConnection(DriverConnectionFactory.java:38)
1. Connection opened. {executed in 466ms} 
open connections:  1 (1)
[2022-11-24 15:50:02.909] INFO 
			Log4j2SpyLogDelegator.methodReturned(Log4j2SpyLogDelegator.java:197) -  org.apache.commons.dbcp.DriverConnectionFactory.createConnection(DriverConnectionFactory.java:38)
1. Connection.new Connection returned 
[2022-11-24 15:50:02.909] INFO 
			Log4j2SpyLogDelegator.methodReturned(Log4j2SpyLogDelegator.java:197) -  org.apache.commons.dbcp.PoolableConnectionFactory.initializeConnection(PoolableConnectionFactory.java:597)
1. Connection.isClosed() returned false
[2022-11-24 15:50:02.911] INFO 
			Log4j2SpyLogDelegator.methodReturned(Log4j2SpyLogDelegator.java:197) -  org.apache.commons.dbcp.DelegatingConnection.getAutoCommit(DelegatingConnection.java:337)
1. Connection.getAutoCommit() returned true
[2022-11-24 15:50:02.911] INFO 
			Log4j2SpyLogDelegator.methodReturned(Log4j2SpyLogDelegator.java:197) -  org.apache.commons.dbcp.DelegatingConnection.isClosed(DelegatingConnection.java:386)
1. Connection.isClosed() returned false
[2022-11-24 15:50:02.911] INFO 
			Log4j2SpyLogDelegator.methodReturned(Log4j2SpyLogDelegator.java:197) -  org.apache.commons.dbcp.DelegatingConnection.getAutoCommit(DelegatingConnection.java:337)
1. Connection.getAutoCommit() returned true
[2022-11-24 15:50:02.911] INFO 
			Log4j2SpyLogDelegator.methodReturned(Log4j2SpyLogDelegator.java:197) -  org.apache.commons.dbcp.DelegatingConnection.clearWarnings(DelegatingConnection.java:331)
1. Connection.clearWarnings() returned 
[2022-11-24 15:50:02.912] INFO 
			Log4j2SpyLogDelegator.methodReturned(Log4j2SpyLogDelegator.java:197) -  org.apache.commons.dbcp.DelegatingConnection.getAutoCommit(DelegatingConnection.java:337)
1. Connection.getAutoCommit() returned true
[2022-11-24 15:50:02.914] INFO 
			Log4j2SpyLogDelegator.connectionModified(Log4j2SpyLogDelegator.java:365) -  org.apache.commons.dbcp.DelegatingConnection.close(DelegatingConnection.java:247)
1. Connection closed. {executed in 2ms} 
open connections:  none
[2022-11-24 15:50:02.914] INFO 
			Log4j2SpyLogDelegator.methodReturned(Log4j2SpyLogDelegator.java:197) -  org.apache.commons.dbcp.DelegatingConnection.close(DelegatingConnection.java:247)
1. Connection.close() returned 
[2022-11-24 15:50:02.958] INFO 
			Log4j2SpyLogDelegator.connectionModified(Log4j2SpyLogDelegator.java:365) -  org.apache.commons.dbcp.DriverConnectionFactory.createConnection(DriverConnectionFactory.java:38)
2. Connection opened. {executed in 43ms} 
open connections:  2 (1)
[2022-11-24 15:50:02.959] INFO 
			Log4j2SpyLogDelegator.methodReturned(Log4j2SpyLogDelegator.java:197) -  org.apache.commons.dbcp.DriverConnectionFactory.createConnection(DriverConnectionFactory.java:38)
2. Connection.new Connection returned 
[2022-11-24 15:50:02.959] INFO 
			Log4j2SpyLogDelegator.methodReturned(Log4j2SpyLogDelegator.java:197) -  org.apache.commons.dbcp.PoolableConnectionFactory.initializeConnection(PoolableConnectionFactory.java:597)
2. Connection.isClosed() returned false
[2022-11-24 15:50:02.960] INFO 
			Log4j2SpyLogDelegator.methodReturned(Log4j2SpyLogDelegator.java:197) -  org.apache.commons.dbcp.DelegatingConnection.getAutoCommit(DelegatingConnection.java:337)
2. Connection.getAutoCommit() returned true
[2022-11-24 15:50:02.961] INFO 
			Log4j2SpyLogDelegator.methodReturned(Log4j2SpyLogDelegator.java:197) -  org.apache.commons.dbcp.DelegatingConnection.toString(DelegatingConnection.java:114)
2. Connection.isClosed() returned false
[2022-11-24 15:50:02.961] INFO 
			Log4j2SpyLogDelegator.methodReturned(Log4j2SpyLogDelegator.java:197) -  org.apache.commons.dbcp.DelegatingConnection.toString(DelegatingConnection.java:118)
2. Connection.getMetaData() returned oracle.jdbc.driver.OracleDatabaseMetaData@2009f9b0
[2022-11-24 15:50:02.961] DEBUG
			DataSourceTransactionManager.doBegin(DataSourceTransactionManager.java:267) - Acquired Connection [jdbc:oracle:thin:@192.168.3.101:1521:XE, UserName=SPRING, Oracle JDBC driver] for JDBC transaction
[2022-11-24 15:50:02.964] INFO 
			Log4j2SpyLogDelegator.methodReturned(Log4j2SpyLogDelegator.java:197) -  org.apache.commons.dbcp.DelegatingConnection.toString(DelegatingConnection.java:114)
2. Connection.isClosed() returned false
[2022-11-24 15:50:02.964] INFO 
			Log4j2SpyLogDelegator.methodReturned(Log4j2SpyLogDelegator.java:197) -  org.apache.commons.dbcp.DelegatingConnection.toString(DelegatingConnection.java:118)
2. Connection.getMetaData() returned oracle.jdbc.driver.OracleDatabaseMetaData@2009f9b0
[2022-11-24 15:50:02.964] DEBUG
			DataSourceUtils.prepareConnectionForTransaction(DataSourceUtils.java:187) - Setting JDBC Connection [jdbc:oracle:thin:@192.168.3.101:1521:XE, UserName=SPRING, Oracle JDBC driver] read-only
[2022-11-24 15:50:02.964] INFO 
			Log4j2SpyLogDelegator.methodReturned(Log4j2SpyLogDelegator.java:197) -  org.apache.commons.dbcp.DelegatingConnection.setReadOnly(DelegatingConnection.java:377)
2. Connection.setReadOnly(true) returned 
[2022-11-24 15:50:02.965] INFO 
			Log4j2SpyLogDelegator.methodReturned(Log4j2SpyLogDelegator.java:197) -  org.apache.commons.dbcp.DelegatingConnection.getAutoCommit(DelegatingConnection.java:337)
2. Connection.getAutoCommit() returned true
[2022-11-24 15:50:02.965] INFO 
			Log4j2SpyLogDelegator.methodReturned(Log4j2SpyLogDelegator.java:197) -  org.apache.commons.dbcp.DelegatingConnection.toString(DelegatingConnection.java:114)
2. Connection.isClosed() returned false
[2022-11-24 15:50:02.965] INFO 
			Log4j2SpyLogDelegator.methodReturned(Log4j2SpyLogDelegator.java:197) -  org.apache.commons.dbcp.DelegatingConnection.toString(DelegatingConnection.java:118)
2. Connection.getMetaData() returned oracle.jdbc.driver.OracleDatabaseMetaData@2009f9b0
[2022-11-24 15:50:02.965] DEBUG
			DataSourceTransactionManager.doBegin(DataSourceTransactionManager.java:285) - Switching JDBC Connection [jdbc:oracle:thin:@192.168.3.101:1521:XE, UserName=SPRING, Oracle JDBC driver] to manual commit
[2022-11-24 15:50:02.966] INFO 
			Log4j2SpyLogDelegator.methodReturned(Log4j2SpyLogDelegator.java:197) -  org.apache.commons.dbcp.DelegatingConnection.setAutoCommit(DelegatingConnection.java:371)
2. Connection.setAutoCommit(false) returned 
[2022-11-24 15:50:02.968] DEBUG
			PerformanceAroundAdvice.performanceAdvice(PerformanceAroundAdvice.java:15) - ┌───────────────────────────────────────────┐
[2022-11-24 15:50:02.969] DEBUG
			UserDaoImpl.doDelete(UserDaoImpl.java:54) - ┌───────────────────────────────────┐
[2022-11-24 15:50:02.969] DEBUG
			UserDaoImpl.doDelete(UserDaoImpl.java:55) - │param : UserVO [uId=p11_01, name=null, passwd=null, level=null, login=0, recommend=0, email=null, regDt=null, intLevel=0]
[2022-11-24 15:50:02.970] DEBUG
			UserDaoImpl.doDelete(UserDaoImpl.java:58) - │statement : com.pcwk.ehr.user.doDelete
[2022-11-24 15:50:02.978] INFO 
			Log4j2SpyLogDelegator.methodReturned(Log4j2SpyLogDelegator.java:197) -  org.apache.commons.dbcp.DelegatingConnection.getAutoCommit(DelegatingConnection.java:337)
2. Connection.getAutoCommit() returned false
[2022-11-24 15:50:02.979] INFO 
			Log4j2SpyLogDelegator.methodReturned(Log4j2SpyLogDelegator.java:197) -  org.apache.commons.dbcp.DelegatingConnection.toString(DelegatingConnection.java:114)
2. Connection.isClosed() returned false
[2022-11-24 15:50:02.979] INFO 
			Log4j2SpyLogDelegator.methodReturned(Log4j2SpyLogDelegator.java:197) -  org.apache.commons.dbcp.DelegatingConnection.toString(DelegatingConnection.java:118)
2. Connection.getMetaData() returned oracle.jdbc.driver.OracleDatabaseMetaData@2009f9b0
[2022-11-24 15:50:03.054] INFO 
			Log4j2SpyLogDelegator.methodReturned(Log4j2SpyLogDelegator.java:197) -  org.apache.commons.dbcp.DelegatingConnection.prepareStatement(DelegatingConnection.java:281)
2. PreparedStatement.new PreparedStatement returned 
[2022-11-24 15:50:03.054] INFO 
			Log4j2SpyLogDelegator.methodReturned(Log4j2SpyLogDelegator.java:197) -  org.apache.commons.dbcp.DelegatingConnection.prepareStatement(DelegatingConnection.java:281)
2. Connection.prepareStatement(DELETE FROM HR_MEMBER
    WHERE u_id = ?) returned net.sf.log4jdbc.sql.jdbcapi.PreparedStatementSpy@718dbd79
[2022-11-24 15:50:03.064] INFO 
			Log4j2SpyLogDelegator.methodReturned(Log4j2SpyLogDelegator.java:197) -  org.apache.commons.dbcp.DelegatingPreparedStatement.setString(DelegatingPreparedStatement.java:135)
2. PreparedStatement.setString(1, "p11_01") returned 
[2022-11-24 15:50:03.067] INFO 
			Log4j2SpyLogDelegator.sqlTimingOccurred(Log4j2SpyLogDelegator.java:243) -  org.apache.commons.dbcp.DelegatingPreparedStatement.execute(DelegatingPreparedStatement.java:172)
2. DELETE FROM HR_MEMBER WHERE u_id = 'p11_01'  {executed in 3 ms}
[2022-11-24 15:50:03.068] INFO 
			Log4j2SpyLogDelegator.methodReturned(Log4j2SpyLogDelegator.java:197) -  org.apache.commons.dbcp.DelegatingPreparedStatement.execute(DelegatingPreparedStatement.java:172)
2. PreparedStatement.execute() returned false
[2022-11-24 15:50:03.069] INFO 
			Log4j2SpyLogDelegator.methodReturned(Log4j2SpyLogDelegator.java:197) -  org.apache.commons.dbcp.DelegatingStatement.getUpdateCount(DelegatingStatement.java:267)
2. PreparedStatement.getUpdateCount() returned 0
[2022-11-24 15:50:03.070] INFO 
			Log4j2SpyLogDelegator.methodReturned(Log4j2SpyLogDelegator.java:197) -  org.apache.commons.dbcp.DelegatingStatement.close(DelegatingStatement.java:168)
2. PreparedStatement.close() returned 
[2022-11-24 15:50:03.071] DEBUG
			UserDaoImpl.doDelete(UserDaoImpl.java:61) - │flag : 0
[2022-11-24 15:50:03.071] DEBUG
			UserDaoImpl.doDelete(UserDaoImpl.java:62) - └───────────────────────────────────┘
[2022-11-24 15:50:03.071] DEBUG
			PerformanceAroundAdvice.performanceAdvice(PerformanceAroundAdvice.java:23) - │method: doDelete
[2022-11-24 15:50:03.071] DEBUG
			PerformanceAroundAdvice.performanceAdvice(PerformanceAroundAdvice.java:24) - │101(ms)초
[2022-11-24 15:50:03.071] DEBUG
			PerformanceAroundAdvice.performanceAdvice(PerformanceAroundAdvice.java:25) - └───────────────────────────────────────────┘
[2022-11-24 15:50:03.072] DEBUG
			AbstractPlatformTransactionManager.processCommit(AbstractPlatformTransactionManager.java:740) - Initiating transaction commit
[2022-11-24 15:50:03.072] INFO 
			Log4j2SpyLogDelegator.methodReturned(Log4j2SpyLogDelegator.java:197) -  org.apache.commons.dbcp.DelegatingConnection.toString(DelegatingConnection.java:114)
2. Connection.isClosed() returned false
[2022-11-24 15:50:03.072] INFO 
			Log4j2SpyLogDelegator.methodReturned(Log4j2SpyLogDelegator.java:197) -  org.apache.commons.dbcp.DelegatingConnection.toString(DelegatingConnection.java:118)
2. Connection.getMetaData() returned oracle.jdbc.driver.OracleDatabaseMetaData@2009f9b0
[2022-11-24 15:50:03.073] DEBUG
			DataSourceTransactionManager.doCommit(DataSourceTransactionManager.java:330) - Committing JDBC transaction on Connection [jdbc:oracle:thin:@192.168.3.101:1521:XE, UserName=SPRING, Oracle JDBC driver]
[2022-11-24 15:50:03.073] INFO 
			Log4j2SpyLogDelegator.methodReturned(Log4j2SpyLogDelegator.java:197) -  org.apache.commons.dbcp.DelegatingConnection.commit(DelegatingConnection.java:334)
2. Connection.commit() returned 
[2022-11-24 15:50:03.074] INFO 
			Log4j2SpyLogDelegator.methodReturned(Log4j2SpyLogDelegator.java:197) -  org.apache.commons.dbcp.DelegatingConnection.setAutoCommit(DelegatingConnection.java:371)
2. Connection.setAutoCommit(true) returned 
[2022-11-24 15:50:03.074] INFO 
			Log4j2SpyLogDelegator.methodReturned(Log4j2SpyLogDelegator.java:197) -  org.apache.commons.dbcp.DelegatingConnection.toString(DelegatingConnection.java:114)
2. Connection.isClosed() returned false
[2022-11-24 15:50:03.074] INFO 
			Log4j2SpyLogDelegator.methodReturned(Log4j2SpyLogDelegator.java:197) -  org.apache.commons.dbcp.DelegatingConnection.toString(DelegatingConnection.java:118)
2. Connection.getMetaData() returned oracle.jdbc.driver.OracleDatabaseMetaData@2009f9b0
[2022-11-24 15:50:03.075] DEBUG
			DataSourceUtils.resetConnectionAfterTransaction(DataSourceUtils.java:251) - Resetting read-only flag of JDBC Connection [jdbc:oracle:thin:@192.168.3.101:1521:XE, UserName=SPRING, Oracle JDBC driver]
[2022-11-24 15:50:03.075] INFO 
			Log4j2SpyLogDelegator.methodReturned(Log4j2SpyLogDelegator.java:197) -  org.apache.commons.dbcp.DelegatingConnection.setReadOnly(DelegatingConnection.java:377)
2. Connection.setReadOnly(false) returned 
[2022-11-24 15:50:03.075] INFO 
			Log4j2SpyLogDelegator.methodReturned(Log4j2SpyLogDelegator.java:197) -  org.apache.commons.dbcp.DelegatingConnection.toString(DelegatingConnection.java:114)
2. Connection.isClosed() returned false
[2022-11-24 15:50:03.075] INFO 
			Log4j2SpyLogDelegator.methodReturned(Log4j2SpyLogDelegator.java:197) -  org.apache.commons.dbcp.DelegatingConnection.toString(DelegatingConnection.java:118)
2. Connection.getMetaData() returned oracle.jdbc.driver.OracleDatabaseMetaData@2009f9b0
[2022-11-24 15:50:03.075] DEBUG
			DataSourceTransactionManager.doCleanupAfterCompletion(DataSourceTransactionManager.java:389) - Releasing JDBC Connection [jdbc:oracle:thin:@192.168.3.101:1521:XE, UserName=SPRING, Oracle JDBC driver] after transaction
[2022-11-24 15:50:03.076] INFO 
			Log4j2SpyLogDelegator.methodReturned(Log4j2SpyLogDelegator.java:197) -  org.apache.commons.dbcp.PoolableConnection.close(PoolableConnection.java:72)
2. Connection.isClosed() returned false
[2022-11-24 15:50:03.076] INFO 
			Log4j2SpyLogDelegator.methodReturned(Log4j2SpyLogDelegator.java:197) -  org.apache.commons.dbcp.DelegatingConnection.getAutoCommit(DelegatingConnection.java:337)
2. Connection.getAutoCommit() returned true
[2022-11-24 15:50:03.076] INFO 
			Log4j2SpyLogDelegator.methodReturned(Log4j2SpyLogDelegator.java:197) -  org.apache.commons.dbcp.DelegatingConnection.clearWarnings(DelegatingConnection.java:331)
2. Connection.clearWarnings() returned 
[2022-11-24 15:50:03.076] INFO 
			Log4j2SpyLogDelegator.methodReturned(Log4j2SpyLogDelegator.java:197) -  org.apache.commons.dbcp.DelegatingConnection.getAutoCommit(DelegatingConnection.java:337)
2. Connection.getAutoCommit() returned true
[2022-11-24 15:50:03.077] DEBUG
			UserController.doDelete(UserController.java:62) - │=flag= : 0
[2022-11-24 15:50:03.077] DEBUG
			UserController.doDelete(UserController.java:63) - └──────────────────────────────────┘
[2022-11-24 15:50:03.083] DEBUG
			FrameworkServlet.logResult(FrameworkServlet.java:1131) - Completed 200 OK
[2022-11-24 15:50:03.088] DEBUG
			JWebUserController.doDelete(JWebUserController.java:78) - ┌───────────────────────────────────────────┐
[2022-11-24 15:50:03.089] DEBUG
			JWebUserController.doDelete(JWebUserController.java:79) - │=responseResult= : 999999
[2022-11-24 15:50:03.089] DEBUG
			JWebUserController.doDelete(JWebUserController.java:80) - └───────────────────────────────────────────┘
[2022-11-24 15:50:03.089] DEBUG
			DefaultCacheAwareContextLoaderDelegate.loadContext(DefaultCacheAwareContextLoaderDelegate.java:137) - Retrieved ApplicationContext [1864869682] from cache with key [[WebMergedContextConfiguration@313b2ea6 testClass = JWebUserController, locations = '{file:src/main/webapp/WEB-INF/spring/root-context.xml, file:src/main/webapp/WEB-INF/spring/appServlet/servlet-context.xml}', classes = '{}', contextInitializerClasses = '[]', activeProfiles = '{}', propertySourceLocations = '{}', propertySourceProperties = '{}', contextCustomizers = set[[empty]], resourceBasePath = 'src/main/webapp', contextLoader = 'org.springframework.test.context.web.WebDelegatingSmartContextLoader', parent = [null]]]
[2022-11-24 15:50:03.089] DEBUG
			DefaultContextCache.logStatistics(DefaultContextCache.java:290) - Spring test ApplicationContext cache statistics: [DefaultContextCache@4bdcaf36 size = 1, maxSize = 32, parentContextCount = 0, hitCount = 12, missCount = 1]
[2022-11-24 15:50:03.089] DEBUG
			DefaultCacheAwareContextLoaderDelegate.loadContext(DefaultCacheAwareContextLoaderDelegate.java:137) - Retrieved ApplicationContext [1864869682] from cache with key [[WebMergedContextConfiguration@313b2ea6 testClass = JWebUserController, locations = '{file:src/main/webapp/WEB-INF/spring/root-context.xml, file:src/main/webapp/WEB-INF/spring/appServlet/servlet-context.xml}', classes = '{}', contextInitializerClasses = '[]', activeProfiles = '{}', propertySourceLocations = '{}', propertySourceProperties = '{}', contextCustomizers = set[[empty]], resourceBasePath = 'src/main/webapp', contextLoader = 'org.springframework.test.context.web.WebDelegatingSmartContextLoader', parent = [null]]]
[2022-11-24 15:50:03.089] DEBUG
			DefaultContextCache.logStatistics(DefaultContextCache.java:290) - Spring test ApplicationContext cache statistics: [DefaultContextCache@4bdcaf36 size = 1, maxSize = 32, parentContextCount = 0, hitCount = 13, missCount = 1]
[2022-11-24 15:50:03.089] DEBUG
			AbstractDirtiesContextTestExecutionListener.beforeOrAfterTestMethod(AbstractDirtiesContextTestExecutionListener.java:108) - After test method: context [DefaultTestContext@6a2b953e testClass = JWebUserController, testInstance = com.pcwk.ehr.JWebUserController@5bfc257, testMethod = doDelete@JWebUserController, testException = [null], mergedContextConfiguration = [WebMergedContextConfiguration@313b2ea6 testClass = JWebUserController, locations = '{file:src/main/webapp/WEB-INF/spring/root-context.xml, file:src/main/webapp/WEB-INF/spring/appServlet/servlet-context.xml}', classes = '{}', contextInitializerClasses = '[]', activeProfiles = '{}', propertySourceLocations = '{}', propertySourceProperties = '{}', contextCustomizers = set[[empty]], resourceBasePath = 'src/main/webapp', contextLoader = 'org.springframework.test.context.web.WebDelegatingSmartContextLoader', parent = [null]], attributes = map['org.springframework.test.context.web.ServletTestExecutionListener.populatedRequestContextHolder' -> true, 'org.springframework.test.context.web.ServletTestExecutionListener.resetRequestContextHolder' -> true, 'org.springframework.test.context.event.ApplicationEventsTestExecutionListener.recordApplicationEvents' -> false]], class annotated with @DirtiesContext [false] with mode [null], method annotated with @DirtiesContext [false] with mode [null].
[2022-11-24 15:50:03.090] DEBUG
			ServletTestExecutionListener.afterTestMethod(ServletTestExecutionListener.java:166) - Resetting RequestContextHolder for test context [DefaultTestContext@6a2b953e testClass = JWebUserController, testInstance = com.pcwk.ehr.JWebUserController@5bfc257, testMethod = doDelete@JWebUserController, testException = [null], mergedContextConfiguration = [WebMergedContextConfiguration@313b2ea6 testClass = JWebUserController, locations = '{file:src/main/webapp/WEB-INF/spring/root-context.xml, file:src/main/webapp/WEB-INF/spring/appServlet/servlet-context.xml}', classes = '{}', contextInitializerClasses = '[]', activeProfiles = '{}', propertySourceLocations = '{}', propertySourceProperties = '{}', contextCustomizers = set[[empty]], resourceBasePath = 'src/main/webapp', contextLoader = 'org.springframework.test.context.web.WebDelegatingSmartContextLoader', parent = [null]], attributes = map['org.springframework.test.context.web.ServletTestExecutionListener.populatedRequestContextHolder' -> true, 'org.springframework.test.context.web.ServletTestExecutionListener.resetRequestContextHolder' -> true, 'org.springframework.test.context.event.ApplicationEventsTestExecutionListener.recordApplicationEvents' -> false]].
[2022-11-24 15:50:03.091] DEBUG
			DefaultCacheAwareContextLoaderDelegate.loadContext(DefaultCacheAwareContextLoaderDelegate.java:137) - Retrieved ApplicationContext [1864869682] from cache with key [[WebMergedContextConfiguration@313b2ea6 testClass = JWebUserController, locations = '{file:src/main/webapp/WEB-INF/spring/root-context.xml, file:src/main/webapp/WEB-INF/spring/appServlet/servlet-context.xml}', classes = '{}', contextInitializerClasses = '[]', activeProfiles = '{}', propertySourceLocations = '{}', propertySourceProperties = '{}', contextCustomizers = set[[empty]], resourceBasePath = 'src/main/webapp', contextLoader = 'org.springframework.test.context.web.WebDelegatingSmartContextLoader', parent = [null]]]
[2022-11-24 15:50:03.091] DEBUG
			DefaultContextCache.logStatistics(DefaultContextCache.java:290) - Spring test ApplicationContext cache statistics: [DefaultContextCache@4bdcaf36 size = 1, maxSize = 32, parentContextCount = 0, hitCount = 14, missCount = 1]
[2022-11-24 15:50:03.092] DEBUG
			AbstractDirtiesContextTestExecutionListener.beforeOrAfterTestClass(AbstractDirtiesContextTestExecutionListener.java:143) - After test class: context [DefaultTestContext@6a2b953e testClass = JWebUserController, testInstance = [null], testMethod = [null], testException = [null], mergedContextConfiguration = [WebMergedContextConfiguration@313b2ea6 testClass = JWebUserController, locations = '{file:src/main/webapp/WEB-INF/spring/root-context.xml, file:src/main/webapp/WEB-INF/spring/appServlet/servlet-context.xml}', classes = '{}', contextInitializerClasses = '[]', activeProfiles = '{}', propertySourceLocations = '{}', propertySourceProperties = '{}', contextCustomizers = set[[empty]], resourceBasePath = 'src/main/webapp', contextLoader = 'org.springframework.test.context.web.WebDelegatingSmartContextLoader', parent = [null]], attributes = map['org.springframework.test.context.event.ApplicationEventsTestExecutionListener.recordApplicationEvents' -> false, 'org.springframework.test.context.support.DependencyInjectionTestExecutionListener.reinjectDependencies' -> true]], class annotated with @DirtiesContext [false] with mode [null].
