[2022-11-24 11:04:05.901] INFO 
			Log4j2SpyLogDelegator.methodReturned(Log4j2SpyLogDelegator.java:197) -  org.apache.commons.dbcp.DelegatingPreparedStatement.setInt(DelegatingPreparedStatement.java:120)
2. PreparedStatement.setInt(5, 10) returned 
[2022-11-24 11:04:05.920] INFO 
			Log4j2SpyLogDelegator.methodReturned(Log4j2SpyLogDelegator.java:197) -  org.apache.commons.dbcp.DelegatingPreparedStatement.setInt(DelegatingPreparedStatement.java:120)
2. PreparedStatement.setInt(6, 1) returned 
[2022-11-24 11:04:05.921] INFO 
			Log4j2SpyLogDelegator.methodReturned(Log4j2SpyLogDelegator.java:197) -  org.apache.commons.dbcp.DelegatingPreparedStatement.setString(DelegatingPreparedStatement.java:135)
2. PreparedStatement.setString(7, "p11") returned 
[2022-11-24 11:04:05.962] INFO 
			Log4j2SpyLogDelegator.sqlTimingOccurred(Log4j2SpyLogDelegator.java:243) -  org.apache.commons.dbcp.DelegatingPreparedStatement.execute(DelegatingPreparedStatement.java:172)
2. --페이징 SELECT A.*,B.* FROM ( SELECT tt1.RNUM as num, tt1.u_id as "uId", tt1.name, tt1.passwd, 
tt1.u_level as intLevel, tt1.login, tt1.recommend, tt1.email, DECODE(TO_CHAR(SYSDATE, 'YYYY-MM-DD'), 
TO_CHAR(TT1.reg_dt, 'YYYY-MM-DD'), TO_CHAR(TT1.reg_dt, 'HH24:MI'), TO_CHAR(TT1.reg_dt, 'YYYY-MM-DD')) 
as regDt FROM( SELECT ROWNUM AS RNUM, t1.* FROM (select * from hr_member --WHERE 조건(검색구분:''(전체),10(u_id),20(name),30(email), 
검색어) WHERE u_id LIKE 'p11' ||'%' ORDER BY reg_dt )T1 --종료 번호 WHERE ROWNUM <= 10 *(1 - 1)+10 
)TT1 --시작 번호 WHERE RNUM >= 10 *(1 - 1)+1 )A CROSS JOIN ( SELECT COUNT(*) totalCnt FROM hr_member 
WHERE u_id LIKE 'p11' ||'%' )B  {executed in 40 ms}
[2022-11-24 11:04:05.962] INFO 
			Log4j2SpyLogDelegator.methodReturned(Log4j2SpyLogDelegator.java:197) -  org.apache.commons.dbcp.DelegatingPreparedStatement.execute(DelegatingPreparedStatement.java:172)
2. PreparedStatement.execute() returned true
[2022-11-24 11:04:05.969] INFO 
			Log4j2SpyLogDelegator.methodReturned(Log4j2SpyLogDelegator.java:197) -  org.apache.commons.dbcp.DelegatingStatement.getResultSet(DelegatingStatement.java:219)
2. ResultSet.new ResultSet returned 
[2022-11-24 11:04:05.970] INFO 
			Log4j2SpyLogDelegator.methodReturned(Log4j2SpyLogDelegator.java:197) -  org.apache.commons.dbcp.DelegatingStatement.getResultSet(DelegatingStatement.java:219)
2. PreparedStatement.getResultSet() returned net.sf.log4jdbc.sql.jdbcapi.ResultSetSpy@58860997
[2022-11-24 11:04:05.976] INFO 
			Log4j2SpyLogDelegator.methodReturned(Log4j2SpyLogDelegator.java:197) -  org.apache.commons.dbcp.DelegatingResultSet.getMetaData(DelegatingResultSet.java:322)
2. ResultSet.getMetaData() returned oracle.jdbc.driver.OracleResultSetMetaData@4e1ce44
[2022-11-24 11:04:05.976] INFO 
			Log4j2SpyLogDelegator.methodReturned(Log4j2SpyLogDelegator.java:197) -  org.apache.commons.dbcp.DelegatingResultSet.getType(DelegatingResultSet.java:394)
2. ResultSet.getType() returned 1003
[2022-11-24 11:04:05.978] INFO 
			Log4j2SpyLogDelegator.methodReturned(Log4j2SpyLogDelegator.java:197) -  org.apache.commons.dbcp.DelegatingResultSet.isClosed(DelegatingResultSet.java:688)
2. ResultSet.isClosed() returned false
[2022-11-24 11:04:05.978] INFO 
			Log4j2SpyLogDelegator.methodReturned(Log4j2SpyLogDelegator.java:197) -  org.apache.commons.dbcp.DelegatingResultSet.next(DelegatingResultSet.java:207)
2. ResultSet.next() returned true
[2022-11-24 11:04:05.979] INFO 
			Log4j2SpyLogDelegator.methodReturned(Log4j2SpyLogDelegator.java:197) -  org.apache.commons.dbcp.DelegatingResultSet.getInt(DelegatingResultSet.java:275)
2. ResultSet.getInt(NUM) returned 1
[2022-11-24 11:04:05.979] INFO 
			Log4j2SpyLogDelegator.methodReturned(Log4j2SpyLogDelegator.java:197) -  org.apache.commons.dbcp.DelegatingResultSet.getString(DelegatingResultSet.java:263)
2. ResultSet.getString(uId) returned p11_01
[2022-11-24 11:04:05.979] INFO 
			Log4j2SpyLogDelegator.methodReturned(Log4j2SpyLogDelegator.java:197) -  org.apache.commons.dbcp.DelegatingResultSet.getString(DelegatingResultSet.java:263)
2. ResultSet.getString(NAME) returned 마마무11_01
[2022-11-24 11:04:05.979] INFO 
			Log4j2SpyLogDelegator.methodReturned(Log4j2SpyLogDelegator.java:197) -  org.apache.commons.dbcp.DelegatingResultSet.getString(DelegatingResultSet.java:263)
2. ResultSet.getString(PASSWD) returned 4321
[2022-11-24 11:04:05.979] INFO 
			Log4j2SpyLogDelegator.methodReturned(Log4j2SpyLogDelegator.java:197) -  org.apache.commons.dbcp.DelegatingResultSet.getInt(DelegatingResultSet.java:275)
2. ResultSet.getInt(INTLEVEL) returned 1
[2022-11-24 11:04:05.980] INFO 
			Log4j2SpyLogDelegator.methodReturned(Log4j2SpyLogDelegator.java:197) -  org.apache.commons.dbcp.DelegatingResultSet.getInt(DelegatingResultSet.java:275)
2. ResultSet.getInt(LOGIN) returned 1
[2022-11-24 11:04:05.980] INFO 
			Log4j2SpyLogDelegator.methodReturned(Log4j2SpyLogDelegator.java:197) -  org.apache.commons.dbcp.DelegatingResultSet.getInt(DelegatingResultSet.java:275)
2. ResultSet.getInt(RECOMMEND) returned 0
[2022-11-24 11:04:05.980] INFO 
			Log4j2SpyLogDelegator.methodReturned(Log4j2SpyLogDelegator.java:197) -  org.apache.commons.dbcp.DelegatingResultSet.wasNull(DelegatingResultSet.java:210)
2. ResultSet.wasNull() returned false
[2022-11-24 11:04:05.981] INFO 
			Log4j2SpyLogDelegator.methodReturned(Log4j2SpyLogDelegator.java:197) -  org.apache.commons.dbcp.DelegatingResultSet.getString(DelegatingResultSet.java:263)
2. ResultSet.getString(EMAIL) returned jci1203@naver.com
[2022-11-24 11:04:05.981] INFO 
			Log4j2SpyLogDelegator.methodReturned(Log4j2SpyLogDelegator.java:197) -  org.apache.commons.dbcp.DelegatingResultSet.getString(DelegatingResultSet.java:263)
2. ResultSet.getString(REGDT) returned 11:04
[2022-11-24 11:04:05.982] INFO 
			Log4j2SpyLogDelegator.methodReturned(Log4j2SpyLogDelegator.java:197) -  org.apache.commons.dbcp.DelegatingResultSet.getInt(DelegatingResultSet.java:275)
2. ResultSet.getInt(TOTALCNT) returned 5
[2022-11-24 11:04:05.982] INFO 
			Log4j2SpyLogDelegator.methodReturned(Log4j2SpyLogDelegator.java:197) -  org.apache.commons.dbcp.DelegatingResultSet.isClosed(DelegatingResultSet.java:688)
2. ResultSet.isClosed() returned false
[2022-11-24 11:04:05.982] INFO 
			Log4j2SpyLogDelegator.methodReturned(Log4j2SpyLogDelegator.java:197) -  org.apache.commons.dbcp.DelegatingResultSet.next(DelegatingResultSet.java:207)
2. ResultSet.next() returned true
[2022-11-24 11:04:05.982] INFO 
			Log4j2SpyLogDelegator.methodReturned(Log4j2SpyLogDelegator.java:197) -  org.apache.commons.dbcp.DelegatingResultSet.getInt(DelegatingResultSet.java:275)
2. ResultSet.getInt(NUM) returned 2
[2022-11-24 11:04:05.983] INFO 
			Log4j2SpyLogDelegator.methodReturned(Log4j2SpyLogDelegator.java:197) -  org.apache.commons.dbcp.DelegatingResultSet.getString(DelegatingResultSet.java:263)
2. ResultSet.getString(uId) returned p11_02
[2022-11-24 11:04:05.983] INFO 
			Log4j2SpyLogDelegator.methodReturned(Log4j2SpyLogDelegator.java:197) -  org.apache.commons.dbcp.DelegatingResultSet.getString(DelegatingResultSet.java:263)
2. ResultSet.getString(NAME) returned 마마무11_02
[2022-11-24 11:04:05.983] INFO 
			Log4j2SpyLogDelegator.methodReturned(Log4j2SpyLogDelegator.java:197) -  org.apache.commons.dbcp.DelegatingResultSet.getString(DelegatingResultSet.java:263)
2. ResultSet.getString(PASSWD) returned 4321
[2022-11-24 11:04:05.984] INFO 
			Log4j2SpyLogDelegator.methodReturned(Log4j2SpyLogDelegator.java:197) -  org.apache.commons.dbcp.DelegatingResultSet.getInt(DelegatingResultSet.java:275)
2. ResultSet.getInt(INTLEVEL) returned 2
[2022-11-24 11:04:05.984] INFO 
			Log4j2SpyLogDelegator.methodReturned(Log4j2SpyLogDelegator.java:197) -  org.apache.commons.dbcp.DelegatingResultSet.getInt(DelegatingResultSet.java:275)
2. ResultSet.getInt(LOGIN) returned 50
[2022-11-24 11:04:05.984] INFO 
			Log4j2SpyLogDelegator.methodReturned(Log4j2SpyLogDelegator.java:197) -  org.apache.commons.dbcp.DelegatingResultSet.getInt(DelegatingResultSet.java:275)
2. ResultSet.getInt(RECOMMEND) returned 2
[2022-11-24 11:04:05.984] INFO 
			Log4j2SpyLogDelegator.methodReturned(Log4j2SpyLogDelegator.java:197) -  org.apache.commons.dbcp.DelegatingResultSet.getString(DelegatingResultSet.java:263)
2. ResultSet.getString(EMAIL) returned ckddls13@gmail.com
[2022-11-24 11:04:05.985] INFO 
			Log4j2SpyLogDelegator.methodReturned(Log4j2SpyLogDelegator.java:197) -  org.apache.commons.dbcp.DelegatingResultSet.getString(DelegatingResultSet.java:263)
2. ResultSet.getString(REGDT) returned 11:04
[2022-11-24 11:04:05.985] INFO 
			Log4j2SpyLogDelegator.methodReturned(Log4j2SpyLogDelegator.java:197) -  org.apache.commons.dbcp.DelegatingResultSet.getInt(DelegatingResultSet.java:275)
2. ResultSet.getInt(TOTALCNT) returned 5
[2022-11-24 11:04:05.985] INFO 
			Log4j2SpyLogDelegator.methodReturned(Log4j2SpyLogDelegator.java:197) -  org.apache.commons.dbcp.DelegatingResultSet.isClosed(DelegatingResultSet.java:688)
2. ResultSet.isClosed() returned false
[2022-11-24 11:04:05.986] INFO 
			Log4j2SpyLogDelegator.methodReturned(Log4j2SpyLogDelegator.java:197) -  org.apache.commons.dbcp.DelegatingResultSet.next(DelegatingResultSet.java:207)
2. ResultSet.next() returned true
[2022-11-24 11:04:05.986] INFO 
			Log4j2SpyLogDelegator.methodReturned(Log4j2SpyLogDelegator.java:197) -  org.apache.commons.dbcp.DelegatingResultSet.getInt(DelegatingResultSet.java:275)
2. ResultSet.getInt(NUM) returned 3
[2022-11-24 11:04:05.986] INFO 
			Log4j2SpyLogDelegator.methodReturned(Log4j2SpyLogDelegator.java:197) -  org.apache.commons.dbcp.DelegatingResultSet.getString(DelegatingResultSet.java:263)
2. ResultSet.getString(uId) returned p11_03
[2022-11-24 11:04:05.986] INFO 
			Log4j2SpyLogDelegator.methodReturned(Log4j2SpyLogDelegator.java:197) -  org.apache.commons.dbcp.DelegatingResultSet.getString(DelegatingResultSet.java:263)
2. ResultSet.getString(NAME) returned 마마무11_03
[2022-11-24 11:04:05.987] INFO 
			Log4j2SpyLogDelegator.methodReturned(Log4j2SpyLogDelegator.java:197) -  org.apache.commons.dbcp.DelegatingResultSet.getString(DelegatingResultSet.java:263)
2. ResultSet.getString(PASSWD) returned 4321
[2022-11-24 11:04:05.987] INFO 
			Log4j2SpyLogDelegator.methodReturned(Log4j2SpyLogDelegator.java:197) -  org.apache.commons.dbcp.DelegatingResultSet.getInt(DelegatingResultSet.java:275)
2. ResultSet.getInt(INTLEVEL) returned 3
[2022-11-24 11:04:05.987] INFO 
			Log4j2SpyLogDelegator.methodReturned(Log4j2SpyLogDelegator.java:197) -  org.apache.commons.dbcp.DelegatingResultSet.getInt(DelegatingResultSet.java:275)
2. ResultSet.getInt(LOGIN) returned 100
[2022-11-24 11:04:05.987] INFO 
			Log4j2SpyLogDelegator.methodReturned(Log4j2SpyLogDelegator.java:197) -  org.apache.commons.dbcp.DelegatingResultSet.getInt(DelegatingResultSet.java:275)
2. ResultSet.getInt(RECOMMEND) returned 31
[2022-11-24 11:04:05.988] INFO 
			Log4j2SpyLogDelegator.methodReturned(Log4j2SpyLogDelegator.java:197) -  org.apache.commons.dbcp.DelegatingResultSet.getString(DelegatingResultSet.java:263)
2. ResultSet.getString(EMAIL) returned ckddls13@gmail.com
[2022-11-24 11:04:05.988] INFO 
			Log4j2SpyLogDelegator.methodReturned(Log4j2SpyLogDelegator.java:197) -  org.apache.commons.dbcp.DelegatingResultSet.getString(DelegatingResultSet.java:263)
2. ResultSet.getString(REGDT) returned 11:04
[2022-11-24 11:04:05.988] INFO 
			Log4j2SpyLogDelegator.methodReturned(Log4j2SpyLogDelegator.java:197) -  org.apache.commons.dbcp.DelegatingResultSet.getInt(DelegatingResultSet.java:275)
2. ResultSet.getInt(TOTALCNT) returned 5
[2022-11-24 11:04:05.989] INFO 
			Log4j2SpyLogDelegator.methodReturned(Log4j2SpyLogDelegator.java:197) -  org.apache.commons.dbcp.DelegatingResultSet.isClosed(DelegatingResultSet.java:688)
2. ResultSet.isClosed() returned false
[2022-11-24 11:04:05.989] INFO 
			Log4j2SpyLogDelegator.methodReturned(Log4j2SpyLogDelegator.java:197) -  org.apache.commons.dbcp.DelegatingResultSet.next(DelegatingResultSet.java:207)
2. ResultSet.next() returned true
[2022-11-24 11:04:05.989] INFO 
			Log4j2SpyLogDelegator.methodReturned(Log4j2SpyLogDelegator.java:197) -  org.apache.commons.dbcp.DelegatingResultSet.getInt(DelegatingResultSet.java:275)
2. ResultSet.getInt(NUM) returned 4
[2022-11-24 11:04:05.990] INFO 
			Log4j2SpyLogDelegator.methodReturned(Log4j2SpyLogDelegator.java:197) -  org.apache.commons.dbcp.DelegatingResultSet.getString(DelegatingResultSet.java:263)
2. ResultSet.getString(uId) returned p11_04
[2022-11-24 11:04:05.990] INFO 
			Log4j2SpyLogDelegator.methodReturned(Log4j2SpyLogDelegator.java:197) -  org.apache.commons.dbcp.DelegatingResultSet.getString(DelegatingResultSet.java:263)
2. ResultSet.getString(NAME) returned 마마무11_04
[2022-11-24 11:04:05.990] INFO 
			Log4j2SpyLogDelegator.methodReturned(Log4j2SpyLogDelegator.java:197) -  org.apache.commons.dbcp.DelegatingResultSet.getString(DelegatingResultSet.java:263)
2. ResultSet.getString(PASSWD) returned 4321
[2022-11-24 11:04:05.990] INFO 
			Log4j2SpyLogDelegator.methodReturned(Log4j2SpyLogDelegator.java:197) -  org.apache.commons.dbcp.DelegatingResultSet.getInt(DelegatingResultSet.java:275)
2. ResultSet.getInt(INTLEVEL) returned 3
[2022-11-24 11:04:05.991] INFO 
			Log4j2SpyLogDelegator.methodReturned(Log4j2SpyLogDelegator.java:197) -  org.apache.commons.dbcp.DelegatingResultSet.getInt(DelegatingResultSet.java:275)
2. ResultSet.getInt(LOGIN) returned 100
[2022-11-24 11:04:05.991] INFO 
			Log4j2SpyLogDelegator.methodReturned(Log4j2SpyLogDelegator.java:197) -  org.apache.commons.dbcp.DelegatingResultSet.getInt(DelegatingResultSet.java:275)
2. ResultSet.getInt(RECOMMEND) returned 31
[2022-11-24 11:04:05.991] INFO 
			Log4j2SpyLogDelegator.methodReturned(Log4j2SpyLogDelegator.java:197) -  org.apache.commons.dbcp.DelegatingResultSet.getString(DelegatingResultSet.java:263)
2. ResultSet.getString(EMAIL) returned ckddls13@gmail.com
[2022-11-24 11:04:05.991] INFO 
			Log4j2SpyLogDelegator.methodReturned(Log4j2SpyLogDelegator.java:197) -  org.apache.commons.dbcp.DelegatingResultSet.getString(DelegatingResultSet.java:263)
2. ResultSet.getString(REGDT) returned 11:04
[2022-11-24 11:04:05.991] INFO 
			Log4j2SpyLogDelegator.methodReturned(Log4j2SpyLogDelegator.java:197) -  org.apache.commons.dbcp.DelegatingResultSet.getInt(DelegatingResultSet.java:275)
2. ResultSet.getInt(TOTALCNT) returned 5
[2022-11-24 11:04:05.992] INFO 
			Log4j2SpyLogDelegator.methodReturned(Log4j2SpyLogDelegator.java:197) -  org.apache.commons.dbcp.DelegatingResultSet.isClosed(DelegatingResultSet.java:688)
2. ResultSet.isClosed() returned false
[2022-11-24 11:04:05.992] INFO 
			Log4j2SpyLogDelegator.methodReturned(Log4j2SpyLogDelegator.java:197) -  org.apache.commons.dbcp.DelegatingResultSet.next(DelegatingResultSet.java:207)
2. ResultSet.next() returned true
[2022-11-24 11:04:05.992] INFO 
			Log4j2SpyLogDelegator.methodReturned(Log4j2SpyLogDelegator.java:197) -  org.apache.commons.dbcp.DelegatingResultSet.getInt(DelegatingResultSet.java:275)
2. ResultSet.getInt(NUM) returned 5
[2022-11-24 11:04:05.992] INFO 
			Log4j2SpyLogDelegator.methodReturned(Log4j2SpyLogDelegator.java:197) -  org.apache.commons.dbcp.DelegatingResultSet.getString(DelegatingResultSet.java:263)
2. ResultSet.getString(uId) returned p11_05
[2022-11-24 11:04:05.993] INFO 
			Log4j2SpyLogDelegator.methodReturned(Log4j2SpyLogDelegator.java:197) -  org.apache.commons.dbcp.DelegatingResultSet.getString(DelegatingResultSet.java:263)
2. ResultSet.getString(NAME) returned 마마무11_05
[2022-11-24 11:04:05.993] INFO 
			Log4j2SpyLogDelegator.methodReturned(Log4j2SpyLogDelegator.java:197) -  org.apache.commons.dbcp.DelegatingResultSet.getString(DelegatingResultSet.java:263)
2. ResultSet.getString(PASSWD) returned 4321
[2022-11-24 11:04:05.993] INFO 
			Log4j2SpyLogDelegator.methodReturned(Log4j2SpyLogDelegator.java:197) -  org.apache.commons.dbcp.DelegatingResultSet.getInt(DelegatingResultSet.java:275)
2. ResultSet.getInt(INTLEVEL) returned 3
[2022-11-24 11:04:05.993] INFO 
			Log4j2SpyLogDelegator.methodReturned(Log4j2SpyLogDelegator.java:197) -  org.apache.commons.dbcp.DelegatingResultSet.getInt(DelegatingResultSet.java:275)
2. ResultSet.getInt(LOGIN) returned 100
[2022-11-24 11:04:05.993] INFO 
			Log4j2SpyLogDelegator.methodReturned(Log4j2SpyLogDelegator.java:197) -  org.apache.commons.dbcp.DelegatingResultSet.getInt(DelegatingResultSet.java:275)
2. ResultSet.getInt(RECOMMEND) returned 31
[2022-11-24 11:04:05.994] INFO 
			Log4j2SpyLogDelegator.methodReturned(Log4j2SpyLogDelegator.java:197) -  org.apache.commons.dbcp.DelegatingResultSet.getString(DelegatingResultSet.java:263)
2. ResultSet.getString(EMAIL) returned ckddls13@gmail.com
[2022-11-24 11:04:05.994] INFO 
			Log4j2SpyLogDelegator.methodReturned(Log4j2SpyLogDelegator.java:197) -  org.apache.commons.dbcp.DelegatingResultSet.getString(DelegatingResultSet.java:263)
2. ResultSet.getString(REGDT) returned 11:04
[2022-11-24 11:04:05.994] INFO 
			Log4j2SpyLogDelegator.methodReturned(Log4j2SpyLogDelegator.java:197) -  org.apache.commons.dbcp.DelegatingResultSet.getInt(DelegatingResultSet.java:275)
2. ResultSet.getInt(TOTALCNT) returned 5
[2022-11-24 11:04:05.994] INFO 
			Log4j2SpyLogDelegator.methodReturned(Log4j2SpyLogDelegator.java:197) -  org.apache.commons.dbcp.DelegatingResultSet.isClosed(DelegatingResultSet.java:688)
2. ResultSet.isClosed() returned false
[2022-11-24 11:04:05.996] INFO 
			Log4j2SpyLogDelegator.resultSetCollected(Log4j2SpyLogDelegator.java:390) - 
|----|-------|---------|-------|---------|------|----------|-------------------|------|---------|
|num |uid    |name     |passwd |intlevel |login |recommend |email              |regdt |totalcnt |
|----|-------|---------|-------|---------|------|----------|-------------------|------|---------|
|1   |p11_01 |마마무11_01 |4321   |1        |1     |0         |jci1203@naver.com  |11:04 |5        |
|2   |p11_02 |마마무11_02 |4321   |2        |50    |2         |ckddls13@gmail.com |11:04 |5        |
|3   |p11_03 |마마무11_03 |4321   |3        |100   |31        |ckddls13@gmail.com |11:04 |5        |
|4   |p11_04 |마마무11_04 |4321   |3        |100   |31        |ckddls13@gmail.com |11:04 |5        |
|5   |p11_05 |마마무11_05 |4321   |3        |100   |31        |ckddls13@gmail.com |11:04 |5        |
|----|-------|---------|-------|---------|------|----------|-------------------|------|---------|

[2022-11-24 11:04:05.996] INFO 
			Log4j2SpyLogDelegator.methodReturned(Log4j2SpyLogDelegator.java:197) -  org.apache.commons.dbcp.DelegatingResultSet.next(DelegatingResultSet.java:207)
2. ResultSet.next() returned false
[2022-11-24 11:04:05.997] INFO 
			Log4j2SpyLogDelegator.methodReturned(Log4j2SpyLogDelegator.java:197) -  org.apache.commons.dbcp.DelegatingResultSet.close(DelegatingResultSet.java:187)
2. ResultSet.close() returned void
[2022-11-24 11:04:05.998] INFO 
			Log4j2SpyLogDelegator.methodReturned(Log4j2SpyLogDelegator.java:197) -  org.apache.commons.dbcp.DelegatingConnection.getMetaData(DelegatingConnection.java:345)
2. Connection.getMetaData() returned oracle.jdbc.driver.OracleDatabaseMetaData@7a5b769b
[2022-11-24 11:04:05.999] INFO 
			Log4j2SpyLogDelegator.methodReturned(Log4j2SpyLogDelegator.java:197) -  org.apache.commons.dbcp.DelegatingStatement.close(DelegatingStatement.java:168)
2. PreparedStatement.close() returned 
[2022-11-24 11:04:05.999] INFO 
			Log4j2SpyLogDelegator.methodReturned(Log4j2SpyLogDelegator.java:197) -  org.apache.commons.dbcp.PoolableConnection.close(PoolableConnection.java:72)
2. Connection.isClosed() returned false
[2022-11-24 11:04:05.999] INFO 
			Log4j2SpyLogDelegator.methodReturned(Log4j2SpyLogDelegator.java:197) -  org.apache.commons.dbcp.DelegatingConnection.getAutoCommit(DelegatingConnection.java:337)
2. Connection.getAutoCommit() returned true
[2022-11-24 11:04:05.999] INFO 
			Log4j2SpyLogDelegator.methodReturned(Log4j2SpyLogDelegator.java:197) -  org.apache.commons.dbcp.DelegatingConnection.clearWarnings(DelegatingConnection.java:331)
2. Connection.clearWarnings() returned 
[2022-11-24 11:04:06.000] INFO 
			Log4j2SpyLogDelegator.methodReturned(Log4j2SpyLogDelegator.java:197) -  org.apache.commons.dbcp.DelegatingConnection.getAutoCommit(DelegatingConnection.java:337)
2. Connection.getAutoCommit() returned true
[2022-11-24 11:04:06.000] DEBUG
			UserDaoImpl.doRetrieve(UserDaoImpl.java:104) - │vo : UserVO [uId=p11_01, name=마마무11_01, passwd=4321, level=BASIC, login=1, recommend=0, email=jci1203@naver.com, regDt=11:04, intLevel=1]
[2022-11-24 11:04:06.000] DEBUG
			UserDaoImpl.doRetrieve(UserDaoImpl.java:104) - │vo : UserVO [uId=p11_02, name=마마무11_02, passwd=4321, level=SILVER, login=50, recommend=2, email=ckddls13@gmail.com, regDt=11:04, intLevel=2]
[2022-11-24 11:04:06.000] DEBUG
			UserDaoImpl.doRetrieve(UserDaoImpl.java:104) - │vo : UserVO [uId=p11_03, name=마마무11_03, passwd=4321, level=GOLD, login=100, recommend=31, email=ckddls13@gmail.com, regDt=11:04, intLevel=3]
[2022-11-24 11:04:06.000] DEBUG
			UserDaoImpl.doRetrieve(UserDaoImpl.java:104) - │vo : UserVO [uId=p11_04, name=마마무11_04, passwd=4321, level=GOLD, login=100, recommend=31, email=ckddls13@gmail.com, regDt=11:04, intLevel=3]
[2022-11-24 11:04:06.000] DEBUG
			UserDaoImpl.doRetrieve(UserDaoImpl.java:104) - │vo : UserVO [uId=p11_05, name=마마무11_05, passwd=4321, level=GOLD, login=100, recommend=31, email=ckddls13@gmail.com, regDt=11:04, intLevel=3]
[2022-11-24 11:04:06.000] DEBUG
			UserDaoImpl.doRetrieve(UserDaoImpl.java:106) - └───────────────────────────────────┘
[2022-11-24 11:04:06.000] DEBUG
			PerformanceAroundAdvice.performanceAdvice(PerformanceAroundAdvice.java:23) - │method: doRetrieve
[2022-11-24 11:04:06.000] DEBUG
			PerformanceAroundAdvice.performanceAdvice(PerformanceAroundAdvice.java:24) - │121(ms)초
[2022-11-24 11:04:06.000] DEBUG
			PerformanceAroundAdvice.performanceAdvice(PerformanceAroundAdvice.java:25) - └───────────────────────────────────────────┘
[2022-11-24 11:04:06.001] DEBUG
			DefaultCacheAwareContextLoaderDelegate.loadContext(DefaultCacheAwareContextLoaderDelegate.java:137) - Retrieved ApplicationContext [57497692] from cache with key [[MergedContextConfiguration@762ef0ea testClass = JWebUserDao, locations = '{file:src/main/webapp/WEB-INF/spring/root-context.xml, file:src/main/webapp/WEB-INF/spring/appServlet/servlet-context.xml}', classes = '{}', contextInitializerClasses = '[]', activeProfiles = '{}', propertySourceLocations = '{}', propertySourceProperties = '{}', contextCustomizers = set[[empty]], contextLoader = 'org.springframework.test.context.support.DelegatingSmartContextLoader', parent = [null]]]
[2022-11-24 11:04:06.001] DEBUG
			DefaultContextCache.logStatistics(DefaultContextCache.java:290) - Spring test ApplicationContext cache statistics: [DefaultContextCache@4a1e3ac1 size = 1, maxSize = 32, parentContextCount = 0, hitCount = 4, missCount = 1]
[2022-11-24 11:04:06.002] DEBUG
			DefaultCacheAwareContextLoaderDelegate.loadContext(DefaultCacheAwareContextLoaderDelegate.java:137) - Retrieved ApplicationContext [57497692] from cache with key [[MergedContextConfiguration@762ef0ea testClass = JWebUserDao, locations = '{file:src/main/webapp/WEB-INF/spring/root-context.xml, file:src/main/webapp/WEB-INF/spring/appServlet/servlet-context.xml}', classes = '{}', contextInitializerClasses = '[]', activeProfiles = '{}', propertySourceLocations = '{}', propertySourceProperties = '{}', contextCustomizers = set[[empty]], contextLoader = 'org.springframework.test.context.support.DelegatingSmartContextLoader', parent = [null]]]
[2022-11-24 11:04:06.002] DEBUG
			DefaultContextCache.logStatistics(DefaultContextCache.java:290) - Spring test ApplicationContext cache statistics: [DefaultContextCache@4a1e3ac1 size = 1, maxSize = 32, parentContextCount = 0, hitCount = 5, missCount = 1]
[2022-11-24 11:04:06.002] DEBUG
			AbstractDirtiesContextTestExecutionListener.beforeOrAfterTestMethod(AbstractDirtiesContextTestExecutionListener.java:108) - After test method: context [DefaultTestContext@2d2ffcb7 testClass = JWebUserDao, testInstance = com.pcwk.ehr.JWebUserDao@548e6d58, testMethod = doRetrieve@JWebUserDao, testException = [null], mergedContextConfiguration = [MergedContextConfiguration@762ef0ea testClass = JWebUserDao, locations = '{file:src/main/webapp/WEB-INF/spring/root-context.xml, file:src/main/webapp/WEB-INF/spring/appServlet/servlet-context.xml}', classes = '{}', contextInitializerClasses = '[]', activeProfiles = '{}', propertySourceLocations = '{}', propertySourceProperties = '{}', contextCustomizers = set[[empty]], contextLoader = 'org.springframework.test.context.support.DelegatingSmartContextLoader', parent = [null]], attributes = map['org.springframework.test.context.event.ApplicationEventsTestExecutionListener.recordApplicationEvents' -> false]], class annotated with @DirtiesContext [false] with mode [null], method annotated with @DirtiesContext [false] with mode [null].
[2022-11-24 11:04:06.004] DEBUG
			DefaultCacheAwareContextLoaderDelegate.loadContext(DefaultCacheAwareContextLoaderDelegate.java:137) - Retrieved ApplicationContext [57497692] from cache with key [[MergedContextConfiguration@762ef0ea testClass = JWebUserDao, locations = '{file:src/main/webapp/WEB-INF/spring/root-context.xml, file:src/main/webapp/WEB-INF/spring/appServlet/servlet-context.xml}', classes = '{}', contextInitializerClasses = '[]', activeProfiles = '{}', propertySourceLocations = '{}', propertySourceProperties = '{}', contextCustomizers = set[[empty]], contextLoader = 'org.springframework.test.context.support.DelegatingSmartContextLoader', parent = [null]]]
[2022-11-24 11:04:06.004] DEBUG
			DefaultContextCache.logStatistics(DefaultContextCache.java:290) - Spring test ApplicationContext cache statistics: [DefaultContextCache@4a1e3ac1 size = 1, maxSize = 32, parentContextCount = 0, hitCount = 6, missCount = 1]
[2022-11-24 11:04:06.004] DEBUG
			AbstractDirtiesContextTestExecutionListener.beforeOrAfterTestClass(AbstractDirtiesContextTestExecutionListener.java:143) - After test class: context [DefaultTestContext@2d2ffcb7 testClass = JWebUserDao, testInstance = [null], testMethod = [null], testException = [null], mergedContextConfiguration = [MergedContextConfiguration@762ef0ea testClass = JWebUserDao, locations = '{file:src/main/webapp/WEB-INF/spring/root-context.xml, file:src/main/webapp/WEB-INF/spring/appServlet/servlet-context.xml}', classes = '{}', contextInitializerClasses = '[]', activeProfiles = '{}', propertySourceLocations = '{}', propertySourceProperties = '{}', contextCustomizers = set[[empty]], contextLoader = 'org.springframework.test.context.support.DelegatingSmartContextLoader', parent = [null]], attributes = map['org.springframework.test.context.event.ApplicationEventsTestExecutionListener.recordApplicationEvents' -> false]], class annotated with @DirtiesContext [false] with mode [null].
[2022-11-24 11:04:06.005] DEBUG
			AbstractApplicationContext.doClose(AbstractApplicationContext.java:1049) - Closing org.springframework.context.support.GenericApplicationContext@36d585c, started on Thu Nov 24 11:04:04 KST 2022
