[2022-11-18 09:15:53.145] INFO  AbstractTestContextBootstrapper.getDefaultTestExecutionListenerClassNames(AbstractTestContextBootstrapper.java:245) - Loaded default TestExecutionListener class names from location [META-INF/spring.factories]: [org.springframework.test.context.web.ServletTestExecutionListener, org.springframework.test.context.support.DirtiesContextBeforeModesTestExecutionListener, org.springframework.test.context.event.ApplicationEventsTestExecutionListener, org.springframework.test.context.support.DependencyInjectionTestExecutionListener, org.springframework.test.context.support.DirtiesContextTestExecutionListener, org.springframework.test.context.transaction.TransactionalTestExecutionListener, org.springframework.test.context.jdbc.SqlScriptsTestExecutionListener, org.springframework.test.context.event.EventPublishingTestExecutionListener]
[2022-11-18 09:15:53.154] INFO  AbstractTestContextBootstrapper.getTestExecutionListeners(AbstractTestContextBootstrapper.java:174) - Using TestExecutionListeners: [org.springframework.test.context.support.DirtiesContextBeforeModesTestExecutionListener@152aa092, org.springframework.test.context.event.ApplicationEventsTestExecutionListener@44a7bfbc, org.springframework.test.context.support.DependencyInjectionTestExecutionListener@4ef37659, org.springframework.test.context.support.DirtiesContextTestExecutionListener@776b83cc, org.springframework.test.context.transaction.TransactionalTestExecutionListener@37858383, org.springframework.test.context.jdbc.SqlScriptsTestExecutionListener@4e268090, org.springframework.test.context.event.EventPublishingTestExecutionListener@1bb266b3]
[2022-11-18 09:15:53.435] DEBUG JUserServiceTest.setUp(JUserServiceTest.java:62) - ¦£¦¡¦¡¦¡¦¡¦¡¦¡¦¡¦¡¦¡¦¡¦¡¦¡¦¡¦¡¦¡¦¡¦¡¦¡¦¡¦¡¦¡¦¡¦¡¦¡¦¡¦¡¦¡¦¡¦¡¦¡¦¡¦¡¦¡¦¡¦¡¦¡¦¡¦¡¦¡¦¡¦¡¦¡¦¡¦¤
[2022-11-18 09:15:53.435] DEBUG JUserServiceTest.setUp(JUserServiceTest.java:63) - ¦¢                  setUp                    ¦¢
[2022-11-18 09:15:53.435] DEBUG JUserServiceTest.setUp(JUserServiceTest.java:64) - ¦¦¦¡¦¡¦¡¦¡¦¡¦¡¦¡¦¡¦¡¦¡¦¡¦¡¦¡¦¡¦¡¦¡¦¡¦¡¦¡¦¡¦¡¦¡¦¡¦¡¦¡¦¡¦¡¦¡¦¡¦¡¦¡¦¡¦¡¦¡¦¡¦¡¦¡¦¡¦¡¦¡¦¡¦¡¦¡¦¥
[2022-11-18 09:15:53.436] DEBUG JUserServiceTest.upgradeLevels(JUserServiceTest.java:171) - ¦£¦¡¦¡¦¡¦¡¦¡¦¡¦¡¦¡¦¡¦¡¦¡¦¡¦¡¦¡¦¡¦¡¦¡¦¡¦¡¦¡¦¡¦¡¦¡¦¡¦¡¦¡¦¡¦¡¦¡¦¡¦¡¦¡¦¡¦¡¦¡¦¡¦¡¦¡¦¡¦¡¦¡¦¡¦¡¦¤
[2022-11-18 09:15:53.436] DEBUG JUserServiceTest.upgradeLevels(JUserServiceTest.java:172) - ¦¢               upgradeLevels               ¦¢
[2022-11-18 09:15:53.437] DEBUG UserDaoImpl.deleteOne(UserDaoImpl.java:120) - 1. sql log 
DELETE FROM HR_MEMBER 
WHERE u_id = ?		

[2022-11-18 09:15:53.437] DEBUG UserDaoImpl.deleteOne(UserDaoImpl.java:121) - 2. param : 
UserVO [uId=p11_01, name=ÀÌ»ó¹«11_01, passWd=4321, level=BASIC, login=49, recommend=0, email=ckddls13@gmail.com, regDt=³¯Â¥_»ç¿ëÇÏÁö ¾ÊÀ½, toString()=com.pcwk.ehr.UserVO@2e48362c]
[2022-11-18 09:15:53.897] DEBUG UserDaoImpl.deleteOne(UserDaoImpl.java:125) - 3. flag : 1
[2022-11-18 09:15:53.897] DEBUG UserDaoImpl.deleteOne(UserDaoImpl.java:120) - 1. sql log 
DELETE FROM HR_MEMBER 
WHERE u_id = ?		

[2022-11-18 09:15:53.898] DEBUG UserDaoImpl.deleteOne(UserDaoImpl.java:121) - 2. param : 
UserVO [uId=p11_02, name=ÀÌ»ó¹«11_02, passWd=4322, level=BASIC, login=50, recommend=0, email=ckddls13@gmail.com, regDt=³¯Â¥_»ç¿ëÇÏÁö ¾ÊÀ½, toString()=com.pcwk.ehr.UserVO@3e2822]
[2022-11-18 09:15:53.935] DEBUG UserDaoImpl.deleteOne(UserDaoImpl.java:125) - 3. flag : 1
[2022-11-18 09:15:53.935] DEBUG UserDaoImpl.deleteOne(UserDaoImpl.java:120) - 1. sql log 
DELETE FROM HR_MEMBER 
WHERE u_id = ?		

[2022-11-18 09:15:53.935] DEBUG UserDaoImpl.deleteOne(UserDaoImpl.java:121) - 2. param : 
UserVO [uId=p11_03, name=ÀÌ»ó¹«11_03, passWd=4323, level=SILVER, login=51, recommend=29, email=ckddls13@gmail.com, regDt=³¯Â¥_»ç¿ëÇÏÁö ¾ÊÀ½, toString()=com.pcwk.ehr.UserVO@69c79f09]
[2022-11-18 09:15:53.973] DEBUG UserDaoImpl.deleteOne(UserDaoImpl.java:125) - 3. flag : 1
[2022-11-18 09:15:53.973] DEBUG UserDaoImpl.deleteOne(UserDaoImpl.java:120) - 1. sql log 
DELETE FROM HR_MEMBER 
WHERE u_id = ?		

[2022-11-18 09:15:53.973] DEBUG UserDaoImpl.deleteOne(UserDaoImpl.java:121) - 2. param : 
UserVO [uId=p11_04, name=ÀÌ»ó¹«11_04, passWd=4324, level=SILVER, login=52, recommend=30, email=ckddls13@gmail.com, regDt=³¯Â¥_»ç¿ëÇÏÁö ¾ÊÀ½, toString()=com.pcwk.ehr.UserVO@533b266e]
[2022-11-18 09:15:54.012] DEBUG UserDaoImpl.deleteOne(UserDaoImpl.java:125) - 3. flag : 1
[2022-11-18 09:15:54.012] DEBUG UserDaoImpl.deleteOne(UserDaoImpl.java:120) - 1. sql log 
DELETE FROM HR_MEMBER 
WHERE u_id = ?		

[2022-11-18 09:15:54.012] DEBUG UserDaoImpl.deleteOne(UserDaoImpl.java:121) - 2. param : 
UserVO [uId=p11_05, name=ÀÌ»ó¹«11_05, passWd=4325, level=GOLD, login=53, recommend=35, email=ckddls13@gamil.com, regDt=³¯Â¥_»ç¿ëÇÏÁö ¾ÊÀ½, toString()=com.pcwk.ehr.UserVO@6a988392]
[2022-11-18 09:15:54.052] DEBUG UserDaoImpl.deleteOne(UserDaoImpl.java:125) - 3. flag : 1
[2022-11-18 09:15:54.052] DEBUG UserDaoImpl.add(UserDaoImpl.java:186) - 1. sql log 
INSERT INTO hr_member (   
    u_id,                 
    name,                 
    passwd,               
    u_level,              
    login,                
    recommend,            
    email,                
    reg_dt                
) VALUES (                
    ?,                    
    ?,                    
    ?,                    
    ?,                    
    ?,                    
    ?,                    
    ?,                    
    SYSDATE               
)                         

[2022-11-18 09:15:54.052] DEBUG UserDaoImpl.add(UserDaoImpl.java:187) - 2. param log 
UserVO [uId=p11_01, name=ÀÌ»ó¹«11_01, passWd=4321, level=BASIC, login=49, recommend=0, email=ckddls13@gmail.com, regDt=³¯Â¥_»ç¿ëÇÏÁö ¾ÊÀ½, toString()=com.pcwk.ehr.UserVO@2e48362c]
[2022-11-18 09:15:54.052] DEBUG UserDaoImpl.add(UserDaoImpl.java:198) - Object param: p11_01
[2022-11-18 09:15:54.052] DEBUG UserDaoImpl.add(UserDaoImpl.java:198) - Object param: ÀÌ»ó¹«11_01
[2022-11-18 09:15:54.052] DEBUG UserDaoImpl.add(UserDaoImpl.java:198) - Object param: 4321
[2022-11-18 09:15:54.052] DEBUG UserDaoImpl.add(UserDaoImpl.java:198) - Object param: 1
[2022-11-18 09:15:54.053] DEBUG UserDaoImpl.add(UserDaoImpl.java:198) - Object param: 49
[2022-11-18 09:15:54.053] DEBUG UserDaoImpl.add(UserDaoImpl.java:198) - Object param: 0
[2022-11-18 09:15:54.053] DEBUG UserDaoImpl.add(UserDaoImpl.java:198) - Object param: ckddls13@gmail.com
[2022-11-18 09:15:54.097] DEBUG UserDaoImpl.add(UserDaoImpl.java:202) - 3. flag : 1
[2022-11-18 09:15:54.097] DEBUG UserDaoImpl.add(UserDaoImpl.java:186) - 1. sql log 
INSERT INTO hr_member (   
    u_id,                 
    name,                 
    passwd,               
    u_level,              
    login,                
    recommend,            
    email,                
    reg_dt                
) VALUES (                
    ?,                    
    ?,                    
    ?,                    
    ?,                    
    ?,                    
    ?,                    
    ?,                    
    SYSDATE               
)                         

[2022-11-18 09:15:54.097] DEBUG UserDaoImpl.add(UserDaoImpl.java:187) - 2. param log 
UserVO [uId=p11_02, name=ÀÌ»ó¹«11_02, passWd=4322, level=BASIC, login=50, recommend=0, email=ckddls13@gmail.com, regDt=³¯Â¥_»ç¿ëÇÏÁö ¾ÊÀ½, toString()=com.pcwk.ehr.UserVO@3e2822]
[2022-11-18 09:15:54.097] DEBUG UserDaoImpl.add(UserDaoImpl.java:198) - Object param: p11_02
[2022-11-18 09:15:54.097] DEBUG UserDaoImpl.add(UserDaoImpl.java:198) - Object param: ÀÌ»ó¹«11_02
[2022-11-18 09:15:54.097] DEBUG UserDaoImpl.add(UserDaoImpl.java:198) - Object param: 4322
[2022-11-18 09:15:54.097] DEBUG UserDaoImpl.add(UserDaoImpl.java:198) - Object param: 1
[2022-11-18 09:15:54.097] DEBUG UserDaoImpl.add(UserDaoImpl.java:198) - Object param: 50
[2022-11-18 09:15:54.098] DEBUG UserDaoImpl.add(UserDaoImpl.java:198) - Object param: 0
[2022-11-18 09:15:54.098] DEBUG UserDaoImpl.add(UserDaoImpl.java:198) - Object param: ckddls13@gmail.com
[2022-11-18 09:15:54.135] DEBUG UserDaoImpl.add(UserDaoImpl.java:202) - 3. flag : 1
[2022-11-18 09:15:54.135] DEBUG UserDaoImpl.add(UserDaoImpl.java:186) - 1. sql log 
INSERT INTO hr_member (   
    u_id,                 
    name,                 
    passwd,               
    u_level,              
    login,                
    recommend,            
    email,                
    reg_dt                
) VALUES (                
    ?,                    
    ?,                    
    ?,                    
    ?,                    
    ?,                    
    ?,                    
    ?,                    
    SYSDATE               
)                         

[2022-11-18 09:15:54.135] DEBUG UserDaoImpl.add(UserDaoImpl.java:187) - 2. param log 
UserVO [uId=p11_03, name=ÀÌ»ó¹«11_03, passWd=4323, level=SILVER, login=51, recommend=29, email=ckddls13@gmail.com, regDt=³¯Â¥_»ç¿ëÇÏÁö ¾ÊÀ½, toString()=com.pcwk.ehr.UserVO@69c79f09]
[2022-11-18 09:15:54.135] DEBUG UserDaoImpl.add(UserDaoImpl.java:198) - Object param: p11_03
[2022-11-18 09:15:54.135] DEBUG UserDaoImpl.add(UserDaoImpl.java:198) - Object param: ÀÌ»ó¹«11_03
[2022-11-18 09:15:54.135] DEBUG UserDaoImpl.add(UserDaoImpl.java:198) - Object param: 4323
[2022-11-18 09:15:54.135] DEBUG UserDaoImpl.add(UserDaoImpl.java:198) - Object param: 2
[2022-11-18 09:15:54.135] DEBUG UserDaoImpl.add(UserDaoImpl.java:198) - Object param: 51
[2022-11-18 09:15:54.136] DEBUG UserDaoImpl.add(UserDaoImpl.java:198) - Object param: 29
[2022-11-18 09:15:54.136] DEBUG UserDaoImpl.add(UserDaoImpl.java:198) - Object param: ckddls13@gmail.com
[2022-11-18 09:15:54.173] DEBUG UserDaoImpl.add(UserDaoImpl.java:202) - 3. flag : 1
[2022-11-18 09:15:54.173] DEBUG UserDaoImpl.add(UserDaoImpl.java:186) - 1. sql log 
INSERT INTO hr_member (   
    u_id,                 
    name,                 
    passwd,               
    u_level,              
    login,                
    recommend,            
    email,                
    reg_dt                
) VALUES (                
    ?,                    
    ?,                    
    ?,                    
    ?,                    
    ?,                    
    ?,                    
    ?,                    
    SYSDATE               
)                         

[2022-11-18 09:15:54.174] DEBUG UserDaoImpl.add(UserDaoImpl.java:187) - 2. param log 
UserVO [uId=p11_04, name=ÀÌ»ó¹«11_04, passWd=4324, level=SILVER, login=52, recommend=30, email=ckddls13@gmail.com, regDt=³¯Â¥_»ç¿ëÇÏÁö ¾ÊÀ½, toString()=com.pcwk.ehr.UserVO@533b266e]
[2022-11-18 09:15:54.174] DEBUG UserDaoImpl.add(UserDaoImpl.java:198) - Object param: p11_04
[2022-11-18 09:15:54.174] DEBUG UserDaoImpl.add(UserDaoImpl.java:198) - Object param: ÀÌ»ó¹«11_04
[2022-11-18 09:15:54.174] DEBUG UserDaoImpl.add(UserDaoImpl.java:198) - Object param: 4324
[2022-11-18 09:15:54.174] DEBUG UserDaoImpl.add(UserDaoImpl.java:198) - Object param: 2
[2022-11-18 09:15:54.174] DEBUG UserDaoImpl.add(UserDaoImpl.java:198) - Object param: 52
[2022-11-18 09:15:54.174] DEBUG UserDaoImpl.add(UserDaoImpl.java:198) - Object param: 30
[2022-11-18 09:15:54.174] DEBUG UserDaoImpl.add(UserDaoImpl.java:198) - Object param: ckddls13@gmail.com
[2022-11-18 09:15:54.210] DEBUG UserDaoImpl.add(UserDaoImpl.java:202) - 3. flag : 1
[2022-11-18 09:15:54.210] DEBUG UserDaoImpl.add(UserDaoImpl.java:186) - 1. sql log 
INSERT INTO hr_member (   
    u_id,                 
    name,                 
    passwd,               
    u_level,              
    login,                
    recommend,            
    email,                
    reg_dt                
) VALUES (                
    ?,                    
    ?,                    
    ?,                    
    ?,                    
    ?,                    
    ?,                    
    ?,                    
    SYSDATE               
)                         

[2022-11-18 09:15:54.210] DEBUG UserDaoImpl.add(UserDaoImpl.java:187) - 2. param log 
UserVO [uId=p11_05, name=ÀÌ»ó¹«11_05, passWd=4325, level=GOLD, login=53, recommend=35, email=ckddls13@gamil.com, regDt=³¯Â¥_»ç¿ëÇÏÁö ¾ÊÀ½, toString()=com.pcwk.ehr.UserVO@6a988392]
[2022-11-18 09:15:54.210] DEBUG UserDaoImpl.add(UserDaoImpl.java:198) - Object param: p11_05
[2022-11-18 09:15:54.210] DEBUG UserDaoImpl.add(UserDaoImpl.java:198) - Object param: ÀÌ»ó¹«11_05
[2022-11-18 09:15:54.210] DEBUG UserDaoImpl.add(UserDaoImpl.java:198) - Object param: 4325
[2022-11-18 09:15:54.210] DEBUG UserDaoImpl.add(UserDaoImpl.java:198) - Object param: 3
[2022-11-18 09:15:54.210] DEBUG UserDaoImpl.add(UserDaoImpl.java:198) - Object param: 53
[2022-11-18 09:15:54.210] DEBUG UserDaoImpl.add(UserDaoImpl.java:198) - Object param: 35
[2022-11-18 09:15:54.211] DEBUG UserDaoImpl.add(UserDaoImpl.java:198) - Object param: ckddls13@gamil.com
[2022-11-18 09:15:54.249] DEBUG UserDaoImpl.add(UserDaoImpl.java:202) - 3. flag : 1
[2022-11-18 09:15:54.249] DEBUG UserDaoImpl.getCount(UserDaoImpl.java:101) - 1. sql log 
SELECT COUNT(*) cnt      
FROM HR_MEMBER           
WHERE u_id LIKE ? || '%'   

[2022-11-18 09:15:54.249] DEBUG UserDaoImpl.getCount(UserDaoImpl.java:102) - 2. param log 
UserVO [uId=p11, name=ÀÌ»ó¹«11, passWd=4321, level=BASIC, login=49, recommend=0, email=jci1203@naver.com, regDt=³¯Â¥_»ç¿ëÇÏÁö ¾ÊÀ½, toString()=com.pcwk.ehr.UserVO@65e61854]
[2022-11-18 09:15:54.249] DEBUG UserDaoImpl.getCount(UserDaoImpl.java:105) - 2.1. args : p11
[2022-11-18 09:15:54.338] DEBUG UserDaoImpl.getCount(UserDaoImpl.java:108) - 3. cnt: 5
[2022-11-18 09:15:54.375] DEBUG UserDaoImpl.getAll(UserDaoImpl.java:79) - 1. sql log 
SELECT  u_id,      			
        name,        			
        passwd,               
        u_level,              
        login,                
        recommend,            
        email,                
        TO_CHAR(reg_dt,'yyyy-mm-dd hh24:mi:ss') reg_dt       
FROM  hr_member      			
WHERE u_id like ? || '%'      
ORDER BY u_id			        

[2022-11-18 09:15:54.375] DEBUG UserDaoImpl.getAll(UserDaoImpl.java:80) - 2. param log 
p11
[2022-11-18 09:15:54.384] DEBUG UserDaoImpl.getAll(UserDaoImpl.java:86) - 3. vo : UserVO [uId=p11_01, name=ÀÌ»ó¹«11_01, passWd=4321, level=BASIC, login=49, recommend=0, email=ckddls13@gmail.com, regDt=2022-11-18 09:15:54, toString()=com.pcwk.ehr.UserVO@c8b96ec]
[2022-11-18 09:15:54.384] DEBUG UserDaoImpl.getAll(UserDaoImpl.java:86) - 3. vo : UserVO [uId=p11_02, name=ÀÌ»ó¹«11_02, passWd=4322, level=BASIC, login=50, recommend=0, email=ckddls13@gmail.com, regDt=2022-11-18 09:15:54, toString()=com.pcwk.ehr.UserVO@4cc61eb1]
[2022-11-18 09:15:54.384] DEBUG UserDaoImpl.getAll(UserDaoImpl.java:86) - 3. vo : UserVO [uId=p11_03, name=ÀÌ»ó¹«11_03, passWd=4323, level=SILVER, login=51, recommend=29, email=ckddls13@gmail.com, regDt=2022-11-18 09:15:54, toString()=com.pcwk.ehr.UserVO@2d8f2f3a]
[2022-11-18 09:15:54.384] DEBUG UserDaoImpl.getAll(UserDaoImpl.java:86) - 3. vo : UserVO [uId=p11_04, name=ÀÌ»ó¹«11_04, passWd=4324, level=SILVER, login=52, recommend=30, email=ckddls13@gmail.com, regDt=2022-11-18 09:15:54, toString()=com.pcwk.ehr.UserVO@2024293c]
[2022-11-18 09:15:54.384] DEBUG UserDaoImpl.getAll(UserDaoImpl.java:86) - 3. vo : UserVO [uId=p11_05, name=ÀÌ»ó¹«11_05, passWd=4325, level=GOLD, login=53, recommend=35, email=ckddls13@gamil.com, regDt=2022-11-18 09:15:54, toString()=com.pcwk.ehr.UserVO@7048f722]
[2022-11-18 09:15:54.384] DEBUG UserDaoImpl.doUpdate(UserDaoImpl.java:221) - 1. sql log 
UPDATE hr_member      
SET name = ?,         
    passwd = ?,       
    u_level = ?,      
    login = ?,        
    recommend = ?,    
    email = ?,        
    reg_dt = SYSDATE  
WHERE u_id = ?        

[2022-11-18 09:15:54.384] DEBUG UserDaoImpl.doUpdate(UserDaoImpl.java:222) - 2. param log 
UserVO [uId=p11_02, name=ÀÌ»ó¹«11_02, passWd=4322, level=SILVER, login=50, recommend=0, email=ckddls13@gmail.com, regDt=2022-11-18 09:15:54, toString()=com.pcwk.ehr.UserVO@4cc61eb1]
[2022-11-18 09:15:54.384] DEBUG UserDaoImpl.doUpdate(UserDaoImpl.java:234) - Object param: ÀÌ»ó¹«11_02
[2022-11-18 09:15:54.385] DEBUG UserDaoImpl.doUpdate(UserDaoImpl.java:234) - Object param: 4322
[2022-11-18 09:15:54.385] DEBUG UserDaoImpl.doUpdate(UserDaoImpl.java:234) - Object param: 2
[2022-11-18 09:15:54.385] DEBUG UserDaoImpl.doUpdate(UserDaoImpl.java:234) - Object param: 50
[2022-11-18 09:15:54.385] DEBUG UserDaoImpl.doUpdate(UserDaoImpl.java:234) - Object param: 0
[2022-11-18 09:15:54.385] DEBUG UserDaoImpl.doUpdate(UserDaoImpl.java:234) - Object param: ckddls13@gmail.com
[2022-11-18 09:15:54.385] DEBUG UserDaoImpl.doUpdate(UserDaoImpl.java:234) - Object param: p11_02
[2022-11-18 09:15:54.388] DEBUG UserDaoImpl.doUpdate(UserDaoImpl.java:238) - 3. flag : 1
[2022-11-18 09:15:54.388] DEBUG UserServiceImpl.sendUpgradeEmail(UserServiceImpl.java:91) - ¦£¦¡¦¡¦¡¦¡¦¡¦¡¦¡¦¡¦¡¦¡¦¡¦¡¦¡¦¡¦¡¦¡¦¡¦¡¦¡¦¡¦¡¦¡¦¡¦¡¦¡¦¡¦¡¦¡¦¡¦¡¦¡¦¡¦¡¦¡¦¡¦¡¦¡¦¡¦¡¦¡¦¡¦¡¦¡¦¤
[2022-11-18 09:15:54.388] DEBUG UserServiceImpl.sendUpgradeEmail(UserServiceImpl.java:92) - ¦¢sendUpgradeEmail: ckddls13@gmail.com,ÀÌ»ó¹«11_02
[2022-11-18 09:15:54.388] DEBUG UserServiceImpl.sendUpgradeEmail(UserServiceImpl.java:93) - ¦¦¦¡¦¡¦¡¦¡¦¡¦¡¦¡¦¡¦¡¦¡¦¡¦¡¦¡¦¡¦¡¦¡¦¡¦¡¦¡¦¡¦¡¦¡¦¡¦¡¦¡¦¡¦¡¦¡¦¡¦¡¦¡¦¡¦¡¦¡¦¡¦¡¦¡¦¡¦¡¦¡¦¡¦¡¦¡¦¥
[2022-11-18 09:15:54.388] DEBUG UserDaoImpl.doUpdate(UserDaoImpl.java:221) - 1. sql log 
UPDATE hr_member      
SET name = ?,         
    passwd = ?,       
    u_level = ?,      
    login = ?,        
    recommend = ?,    
    email = ?,        
    reg_dt = SYSDATE  
WHERE u_id = ?        

[2022-11-18 09:15:54.388] DEBUG UserDaoImpl.doUpdate(UserDaoImpl.java:222) - 2. param log 
UserVO [uId=p11_04, name=ÀÌ»ó¹«11_04, passWd=4324, level=GOLD, login=52, recommend=30, email=ckddls13@gmail.com, regDt=2022-11-18 09:15:54, toString()=com.pcwk.ehr.UserVO@2024293c]
[2022-11-18 09:15:54.388] DEBUG UserDaoImpl.doUpdate(UserDaoImpl.java:234) - Object param: ÀÌ»ó¹«11_04
[2022-11-18 09:15:54.388] DEBUG UserDaoImpl.doUpdate(UserDaoImpl.java:234) - Object param: 4324
[2022-11-18 09:15:54.389] DEBUG UserDaoImpl.doUpdate(UserDaoImpl.java:234) - Object param: 3
[2022-11-18 09:15:54.389] DEBUG UserDaoImpl.doUpdate(UserDaoImpl.java:234) - Object param: 52
[2022-11-18 09:15:54.389] DEBUG UserDaoImpl.doUpdate(UserDaoImpl.java:234) - Object param: 30
[2022-11-18 09:15:54.389] DEBUG UserDaoImpl.doUpdate(UserDaoImpl.java:234) - Object param: ckddls13@gmail.com
[2022-11-18 09:15:54.389] DEBUG UserDaoImpl.doUpdate(UserDaoImpl.java:234) - Object param: p11_04
[2022-11-18 09:15:54.390] DEBUG UserDaoImpl.doUpdate(UserDaoImpl.java:238) - 3. flag : 1
[2022-11-18 09:15:54.390] DEBUG UserServiceImpl.sendUpgradeEmail(UserServiceImpl.java:91) - ¦£¦¡¦¡¦¡¦¡¦¡¦¡¦¡¦¡¦¡¦¡¦¡¦¡¦¡¦¡¦¡¦¡¦¡¦¡¦¡¦¡¦¡¦¡¦¡¦¡¦¡¦¡¦¡¦¡¦¡¦¡¦¡¦¡¦¡¦¡¦¡¦¡¦¡¦¡¦¡¦¡¦¡¦¡¦¡¦¤
[2022-11-18 09:15:54.390] DEBUG UserServiceImpl.sendUpgradeEmail(UserServiceImpl.java:92) - ¦¢sendUpgradeEmail: ckddls13@gmail.com,ÀÌ»ó¹«11_04
[2022-11-18 09:15:54.390] DEBUG UserServiceImpl.sendUpgradeEmail(UserServiceImpl.java:93) - ¦¦¦¡¦¡¦¡¦¡¦¡¦¡¦¡¦¡¦¡¦¡¦¡¦¡¦¡¦¡¦¡¦¡¦¡¦¡¦¡¦¡¦¡¦¡¦¡¦¡¦¡¦¡¦¡¦¡¦¡¦¡¦¡¦¡¦¡¦¡¦¡¦¡¦¡¦¡¦¡¦¡¦¡¦¡¦¡¦¥
[2022-11-18 09:15:54.393] DEBUG UserDaoImpl.get(UserDaoImpl.java:148) - 1. sql log 
SELECT  u_id,        
        name,        
        passwd,      
        u_level,     
        login,       
        recommend,   
        email,       
        TO_CHAR(reg_dt,'yyyy-mm-dd hh24:mi:ss') reg_dt       
FROM  hr_member      
WHERE u_id = ?       

[2022-11-18 09:15:54.393] DEBUG UserDaoImpl.get(UserDaoImpl.java:149) - 2. param log 
p11_01
[2022-11-18 09:15:54.393] DEBUG UserDaoImpl.get(UserDaoImpl.java:152) - 2.1. param args log :p11_01
[2022-11-18 09:15:54.431] DEBUG UserDaoImpl.get(UserDaoImpl.java:156) - 3. userVO : UserVO [uId=p11_01, name=ÀÌ»ó¹«11_01, passWd=4321, level=BASIC, login=49, recommend=0, email=ckddls13@gmail.com, regDt=2022-11-18 09:15:54, toString()=com.pcwk.ehr.UserVO@2d0566ba]
[2022-11-18 09:15:54.431] DEBUG UserDaoImpl.get(UserDaoImpl.java:148) - 1. sql log 
SELECT  u_id,        
        name,        
        passwd,      
        u_level,     
        login,       
        recommend,   
        email,       
        TO_CHAR(reg_dt,'yyyy-mm-dd hh24:mi:ss') reg_dt       
FROM  hr_member      
WHERE u_id = ?       

[2022-11-18 09:15:54.431] DEBUG UserDaoImpl.get(UserDaoImpl.java:149) - 2. param log 
p11_02
[2022-11-18 09:15:54.431] DEBUG UserDaoImpl.get(UserDaoImpl.java:152) - 2.1. param args log :p11_02
[2022-11-18 09:15:54.470] DEBUG UserDaoImpl.get(UserDaoImpl.java:156) - 3. userVO : UserVO [uId=p11_02, name=ÀÌ»ó¹«11_02, passWd=4322, level=SILVER, login=50, recommend=0, email=ckddls13@gmail.com, regDt=2022-11-18 09:15:54, toString()=com.pcwk.ehr.UserVO@5167268]
[2022-11-18 09:15:54.470] DEBUG JUserServiceTest.checkLevel(JUserServiceTest.java:208) - SILVER==SILVER
[2022-11-18 09:15:54.470] DEBUG UserDaoImpl.get(UserDaoImpl.java:148) - 1. sql log 
SELECT  u_id,        
        name,        
        passwd,      
        u_level,     
        login,       
        recommend,   
        email,       
        TO_CHAR(reg_dt,'yyyy-mm-dd hh24:mi:ss') reg_dt       
FROM  hr_member      
WHERE u_id = ?       

[2022-11-18 09:15:54.470] DEBUG UserDaoImpl.get(UserDaoImpl.java:149) - 2. param log 
p11_03
[2022-11-18 09:15:54.470] DEBUG UserDaoImpl.get(UserDaoImpl.java:152) - 2.1. param args log :p11_03
[2022-11-18 09:15:54.505] DEBUG UserDaoImpl.get(UserDaoImpl.java:156) - 3. userVO : UserVO [uId=p11_03, name=ÀÌ»ó¹«11_03, passWd=4323, level=SILVER, login=51, recommend=29, email=ckddls13@gmail.com, regDt=2022-11-18 09:15:54, toString()=com.pcwk.ehr.UserVO@2c444798]
[2022-11-18 09:15:54.506] DEBUG UserDaoImpl.get(UserDaoImpl.java:148) - 1. sql log 
SELECT  u_id,        
        name,        
        passwd,      
        u_level,     
        login,       
        recommend,   
        email,       
        TO_CHAR(reg_dt,'yyyy-mm-dd hh24:mi:ss') reg_dt       
FROM  hr_member      
WHERE u_id = ?       

[2022-11-18 09:15:54.506] DEBUG UserDaoImpl.get(UserDaoImpl.java:149) - 2. param log 
p11_04
[2022-11-18 09:15:54.506] DEBUG UserDaoImpl.get(UserDaoImpl.java:152) - 2.1. param args log :p11_04
[2022-11-18 09:15:54.542] DEBUG UserDaoImpl.get(UserDaoImpl.java:156) - 3. userVO : UserVO [uId=p11_04, name=ÀÌ»ó¹«11_04, passWd=4324, level=GOLD, login=52, recommend=30, email=ckddls13@gmail.com, regDt=2022-11-18 09:15:54, toString()=com.pcwk.ehr.UserVO@54e7391d]
[2022-11-18 09:15:54.542] DEBUG JUserServiceTest.checkLevel(JUserServiceTest.java:208) - GOLD==GOLD
[2022-11-18 09:15:54.542] DEBUG UserDaoImpl.get(UserDaoImpl.java:148) - 1. sql log 
SELECT  u_id,        
        name,        
        passwd,      
        u_level,     
        login,       
        recommend,   
        email,       
        TO_CHAR(reg_dt,'yyyy-mm-dd hh24:mi:ss') reg_dt       
FROM  hr_member      
WHERE u_id = ?       

[2022-11-18 09:15:54.542] DEBUG UserDaoImpl.get(UserDaoImpl.java:149) - 2. param log 
p11_05
[2022-11-18 09:15:54.542] DEBUG UserDaoImpl.get(UserDaoImpl.java:152) - 2.1. param args log :p11_05
[2022-11-18 09:15:54.577] DEBUG UserDaoImpl.get(UserDaoImpl.java:156) - 3. userVO : UserVO [uId=p11_05, name=ÀÌ»ó¹«11_05, passWd=4325, level=GOLD, login=53, recommend=35, email=ckddls13@gamil.com, regDt=2022-11-18 09:15:54, toString()=com.pcwk.ehr.UserVO@51c929ae]
[2022-11-18 09:15:54.577] DEBUG JUserServiceTest.upgradeLevels(JUserServiceTest.java:194) - ¦¢               upgradeLevels               ¦¢
[2022-11-18 09:15:54.577] DEBUG JUserServiceTest.upgradeLevels(JUserServiceTest.java:195) - ¦¦¦¡¦¡¦¡¦¡¦¡¦¡¦¡¦¡¦¡¦¡¦¡¦¡¦¡¦¡¦¡¦¡¦¡¦¡¦¡¦¡¦¡¦¡¦¡¦¡¦¡¦¡¦¡¦¡¦¡¦¡¦¡¦¡¦¡¦¡¦¡¦¡¦¡¦¡¦¡¦¡¦¡¦¡¦¡¦¥
[2022-11-18 09:15:54.579] DEBUG JUserServiceTest.tearDown(JUserServiceTest.java:218) - ¦£¦¡¦¡¦¡¦¡¦¡¦¡¦¡¦¡¦¡¦¡¦¡¦¡¦¡¦¡¦¡¦¡¦¡¦¡¦¡¦¡¦¡¦¡¦¡¦¡¦¡¦¡¦¡¦¡¦¡¦¡¦¡¦¡¦¡¦¡¦¡¦¡¦¡¦¡¦¡¦¡¦¡¦¡¦¡¦¤
[2022-11-18 09:15:54.579] DEBUG JUserServiceTest.tearDown(JUserServiceTest.java:219) - ¦¢                 tearDown                  ¦¢
[2022-11-18 09:15:54.579] DEBUG JUserServiceTest.tearDown(JUserServiceTest.java:220) - ¦¦¦¡¦¡¦¡¦¡¦¡¦¡¦¡¦¡¦¡¦¡¦¡¦¡¦¡¦¡¦¡¦¡¦¡¦¡¦¡¦¡¦¡¦¡¦¡¦¡¦¡¦¡¦¡¦¡¦¡¦¡¦¡¦¡¦¡¦¡¦¡¦¡¦¡¦¡¦¡¦¡¦¡¦¡¦¡¦¥
[2022-11-18 09:16:07.171] INFO  AbstractTestContextBootstrapper.getDefaultTestExecutionListenerClassNames(AbstractTestContextBootstrapper.java:245) - Loaded default TestExecutionListener class names from location [META-INF/spring.factories]: [org.springframework.test.context.web.ServletTestExecutionListener, org.springframework.test.context.support.DirtiesContextBeforeModesTestExecutionListener, org.springframework.test.context.event.ApplicationEventsTestExecutionListener, org.springframework.test.context.support.DependencyInjectionTestExecutionListener, org.springframework.test.context.support.DirtiesContextTestExecutionListener, org.springframework.test.context.transaction.TransactionalTestExecutionListener, org.springframework.test.context.jdbc.SqlScriptsTestExecutionListener, org.springframework.test.context.event.EventPublishingTestExecutionListener]
[2022-11-18 09:16:07.181] INFO  AbstractTestContextBootstrapper.getTestExecutionListeners(AbstractTestContextBootstrapper.java:174) - Using TestExecutionListeners: [org.springframework.test.context.support.DirtiesContextBeforeModesTestExecutionListener@4d1c00d0, org.springframework.test.context.event.ApplicationEventsTestExecutionListener@4b2bac3f, org.springframework.test.context.support.DependencyInjectionTestExecutionListener@4e08711f, org.springframework.test.context.support.DirtiesContextTestExecutionListener@bcec361, org.springframework.test.context.transaction.TransactionalTestExecutionListener@26794848, org.springframework.test.context.jdbc.SqlScriptsTestExecutionListener@302552ec, org.springframework.test.context.event.EventPublishingTestExecutionListener@3d285d7e]
[2022-11-18 09:16:07.476] DEBUG JUserServiceTest.setUp(JUserServiceTest.java:62) - â”Œâ”€â”€â”€â”€â”€â”€â”€â”€â”€â”€â”€â”€â”€â”€â”€â”€â”€â”€â”€â”€â”€â”€â”€â”€â”€â”€â”€â”€â”€â”€â”€â”€â”€â”€â”€â”€â”€â”€â”€â”€â”€â”€â”€â”
[2022-11-18 09:16:07.476] DEBUG JUserServiceTest.setUp(JUserServiceTest.java:63) - â”‚                  setUp                    â”‚
[2022-11-18 09:16:07.476] DEBUG JUserServiceTest.setUp(JUserServiceTest.java:64) - â””â”€â”€â”€â”€â”€â”€â”€â”€â”€â”€â”€â”€â”€â”€â”€â”€â”€â”€â”€â”€â”€â”€â”€â”€â”€â”€â”€â”€â”€â”€â”€â”€â”€â”€â”€â”€â”€â”€â”€â”€â”€â”€â”€â”˜
[2022-11-18 09:16:07.477] DEBUG JUserServiceTest.upgradeLevels(JUserServiceTest.java:171) - â”Œâ”€â”€â”€â”€â”€â”€â”€â”€â”€â”€â”€â”€â”€â”€â”€â”€â”€â”€â”€â”€â”€â”€â”€â”€â”€â”€â”€â”€â”€â”€â”€â”€â”€â”€â”€â”€â”€â”€â”€â”€â”€â”€â”€â”
[2022-11-18 09:16:07.477] DEBUG JUserServiceTest.upgradeLevels(JUserServiceTest.java:172) - â”‚               upgradeLevels               â”‚
[2022-11-18 09:16:07.478] DEBUG UserDaoImpl.deleteOne(UserDaoImpl.java:120) - 1. sql log 
DELETE FROM HR_MEMBER 
WHERE u_id = ?		

[2022-11-18 09:16:07.478] DEBUG UserDaoImpl.deleteOne(UserDaoImpl.java:121) - 2. param : 
UserVO [uId=p11_01, name=ì´ìƒë¬´11_01, passWd=4321, level=BASIC, login=49, recommend=0, email=ckddls13@gmail.com, regDt=ë‚ ì§œ_ì‚¬ìš©í•˜ì§€ ì•ŠìŒ, toString()=com.pcwk.ehr.UserVO@67b9b51a]
[2022-11-18 09:16:08.085] DEBUG UserDaoImpl.deleteOne(UserDaoImpl.java:125) - 3. flag : 1
[2022-11-18 09:16:08.085] DEBUG UserDaoImpl.deleteOne(UserDaoImpl.java:120) - 1. sql log 
DELETE FROM HR_MEMBER 
WHERE u_id = ?		

[2022-11-18 09:16:08.085] DEBUG UserDaoImpl.deleteOne(UserDaoImpl.java:121) - 2. param : 
UserVO [uId=p11_02, name=ì´ìƒë¬´11_02, passWd=4322, level=BASIC, login=50, recommend=0, email=ckddls13@gmail.com, regDt=ë‚ ì§œ_ì‚¬ìš©í•˜ì§€ ì•ŠìŒ, toString()=com.pcwk.ehr.UserVO@1de5f0ef]
[2022-11-18 09:16:08.158] DEBUG UserDaoImpl.deleteOne(UserDaoImpl.java:125) - 3. flag : 1
[2022-11-18 09:16:08.158] DEBUG UserDaoImpl.deleteOne(UserDaoImpl.java:120) - 1. sql log 
DELETE FROM HR_MEMBER 
WHERE u_id = ?		

[2022-11-18 09:16:08.158] DEBUG UserDaoImpl.deleteOne(UserDaoImpl.java:121) - 2. param : 
UserVO [uId=p11_03, name=ì´ìƒë¬´11_03, passWd=4323, level=SILVER, login=51, recommend=29, email=ckddls13@gmail.com, regDt=ë‚ ì§œ_ì‚¬ìš©í•˜ì§€ ì•ŠìŒ, toString()=com.pcwk.ehr.UserVO@5ef0d29e]
[2022-11-18 09:16:08.228] DEBUG UserDaoImpl.deleteOne(UserDaoImpl.java:125) - 3. flag : 1
[2022-11-18 09:16:08.228] DEBUG UserDaoImpl.deleteOne(UserDaoImpl.java:120) - 1. sql log 
DELETE FROM HR_MEMBER 
WHERE u_id = ?		

[2022-11-18 09:16:08.228] DEBUG UserDaoImpl.deleteOne(UserDaoImpl.java:121) - 2. param : 
UserVO [uId=p11_04, name=ì´ìƒë¬´11_04, passWd=4324, level=SILVER, login=52, recommend=30, email=ckddls13@gmail.com, regDt=ë‚ ì§œ_ì‚¬ìš©í•˜ì§€ ì•ŠìŒ, toString()=com.pcwk.ehr.UserVO@3ce3db41]
[2022-11-18 09:16:08.299] DEBUG UserDaoImpl.deleteOne(UserDaoImpl.java:125) - 3. flag : 1
[2022-11-18 09:16:08.299] DEBUG UserDaoImpl.deleteOne(UserDaoImpl.java:120) - 1. sql log 
DELETE FROM HR_MEMBER 
WHERE u_id = ?		

[2022-11-18 09:16:08.299] DEBUG UserDaoImpl.deleteOne(UserDaoImpl.java:121) - 2. param : 
UserVO [uId=p11_05, name=ì´ìƒë¬´11_05, passWd=4325, level=GOLD, login=53, recommend=35, email=ckddls13@gamil.com, regDt=ë‚ ì§œ_ì‚¬ìš©í•˜ì§€ ì•ŠìŒ, toString()=com.pcwk.ehr.UserVO@4275c20c]
[2022-11-18 09:16:08.333] DEBUG UserDaoImpl.deleteOne(UserDaoImpl.java:125) - 3. flag : 1
[2022-11-18 09:16:08.333] DEBUG UserDaoImpl.add(UserDaoImpl.java:186) - 1. sql log 
INSERT INTO hr_member (   
    u_id,                 
    name,                 
    passwd,               
    u_level,              
    login,                
    recommend,            
    email,                
    reg_dt                
) VALUES (                
    ?,                    
    ?,                    
    ?,                    
    ?,                    
    ?,                    
    ?,                    
    ?,                    
    SYSDATE               
)                         

[2022-11-18 09:16:08.333] DEBUG UserDaoImpl.add(UserDaoImpl.java:187) - 2. param log 
UserVO [uId=p11_01, name=ì´ìƒë¬´11_01, passWd=4321, level=BASIC, login=49, recommend=0, email=ckddls13@gmail.com, regDt=ë‚ ì§œ_ì‚¬ìš©í•˜ì§€ ì•ŠìŒ, toString()=com.pcwk.ehr.UserVO@67b9b51a]
[2022-11-18 09:16:08.333] DEBUG UserDaoImpl.add(UserDaoImpl.java:198) - Object param: p11_01
[2022-11-18 09:16:08.333] DEBUG UserDaoImpl.add(UserDaoImpl.java:198) - Object param: ì´ìƒë¬´11_01
[2022-11-18 09:16:08.333] DEBUG UserDaoImpl.add(UserDaoImpl.java:198) - Object param: 4321
[2022-11-18 09:16:08.333] DEBUG UserDaoImpl.add(UserDaoImpl.java:198) - Object param: 1
[2022-11-18 09:16:08.333] DEBUG UserDaoImpl.add(UserDaoImpl.java:198) - Object param: 49
[2022-11-18 09:16:08.334] DEBUG UserDaoImpl.add(UserDaoImpl.java:198) - Object param: 0
[2022-11-18 09:16:08.334] DEBUG UserDaoImpl.add(UserDaoImpl.java:198) - Object param: ckddls13@gmail.com
[2022-11-18 09:16:08.376] DEBUG UserDaoImpl.add(UserDaoImpl.java:202) - 3. flag : 1
[2022-11-18 09:16:08.376] DEBUG UserDaoImpl.add(UserDaoImpl.java:186) - 1. sql log 
INSERT INTO hr_member (   
    u_id,                 
    name,                 
    passwd,               
    u_level,              
    login,                
    recommend,            
    email,                
    reg_dt                
) VALUES (                
    ?,                    
    ?,                    
    ?,                    
    ?,                    
    ?,                    
    ?,                    
    ?,                    
    SYSDATE               
)                         

[2022-11-18 09:16:08.376] DEBUG UserDaoImpl.add(UserDaoImpl.java:187) - 2. param log 
UserVO [uId=p11_02, name=ì´ìƒë¬´11_02, passWd=4322, level=BASIC, login=50, recommend=0, email=ckddls13@gmail.com, regDt=ë‚ ì§œ_ì‚¬ìš©í•˜ì§€ ì•ŠìŒ, toString()=com.pcwk.ehr.UserVO@1de5f0ef]
[2022-11-18 09:16:08.377] DEBUG UserDaoImpl.add(UserDaoImpl.java:198) - Object param: p11_02
[2022-11-18 09:16:08.377] DEBUG UserDaoImpl.add(UserDaoImpl.java:198) - Object param: ì´ìƒë¬´11_02
[2022-11-18 09:16:08.377] DEBUG UserDaoImpl.add(UserDaoImpl.java:198) - Object param: 4322
[2022-11-18 09:16:08.377] DEBUG UserDaoImpl.add(UserDaoImpl.java:198) - Object param: 1
[2022-11-18 09:16:08.377] DEBUG UserDaoImpl.add(UserDaoImpl.java:198) - Object param: 50
[2022-11-18 09:16:08.377] DEBUG UserDaoImpl.add(UserDaoImpl.java:198) - Object param: 0
[2022-11-18 09:16:08.377] DEBUG UserDaoImpl.add(UserDaoImpl.java:198) - Object param: ckddls13@gmail.com
[2022-11-18 09:16:08.413] DEBUG UserDaoImpl.add(UserDaoImpl.java:202) - 3. flag : 1
[2022-11-18 09:16:08.413] DEBUG UserDaoImpl.add(UserDaoImpl.java:186) - 1. sql log 
INSERT INTO hr_member (   
    u_id,                 
    name,                 
    passwd,               
    u_level,              
    login,                
    recommend,            
    email,                
    reg_dt                
) VALUES (                
    ?,                    
    ?,                    
    ?,                    
    ?,                    
    ?,                    
    ?,                    
    ?,                    
    SYSDATE               
)                         

[2022-11-18 09:16:08.413] DEBUG UserDaoImpl.add(UserDaoImpl.java:187) - 2. param log 
UserVO [uId=p11_03, name=ì´ìƒë¬´11_03, passWd=4323, level=SILVER, login=51, recommend=29, email=ckddls13@gmail.com, regDt=ë‚ ì§œ_ì‚¬ìš©í•˜ì§€ ì•ŠìŒ, toString()=com.pcwk.ehr.UserVO@5ef0d29e]
[2022-11-18 09:16:08.414] DEBUG UserDaoImpl.add(UserDaoImpl.java:198) - Object param: p11_03
[2022-11-18 09:16:08.414] DEBUG UserDaoImpl.add(UserDaoImpl.java:198) - Object param: ì´ìƒë¬´11_03
[2022-11-18 09:16:08.414] DEBUG UserDaoImpl.add(UserDaoImpl.java:198) - Object param: 4323
[2022-11-18 09:16:08.414] DEBUG UserDaoImpl.add(UserDaoImpl.java:198) - Object param: 2
[2022-11-18 09:16:08.414] DEBUG UserDaoImpl.add(UserDaoImpl.java:198) - Object param: 51
[2022-11-18 09:16:08.414] DEBUG UserDaoImpl.add(UserDaoImpl.java:198) - Object param: 29
[2022-11-18 09:16:08.414] DEBUG UserDaoImpl.add(UserDaoImpl.java:198) - Object param: ckddls13@gmail.com
[2022-11-18 09:16:08.508] DEBUG UserDaoImpl.add(UserDaoImpl.java:202) - 3. flag : 1
[2022-11-18 09:16:08.508] DEBUG UserDaoImpl.add(UserDaoImpl.java:186) - 1. sql log 
INSERT INTO hr_member (   
    u_id,                 
    name,                 
    passwd,               
    u_level,              
    login,                
    recommend,            
    email,                
    reg_dt                
) VALUES (                
    ?,                    
    ?,                    
    ?,                    
    ?,                    
    ?,                    
    ?,                    
    ?,                    
    SYSDATE               
)                         

[2022-11-18 09:16:08.508] DEBUG UserDaoImpl.add(UserDaoImpl.java:187) - 2. param log 
UserVO [uId=p11_04, name=ì´ìƒë¬´11_04, passWd=4324, level=SILVER, login=52, recommend=30, email=ckddls13@gmail.com, regDt=ë‚ ì§œ_ì‚¬ìš©í•˜ì§€ ì•ŠìŒ, toString()=com.pcwk.ehr.UserVO@3ce3db41]
[2022-11-18 09:16:08.509] DEBUG UserDaoImpl.add(UserDaoImpl.java:198) - Object param: p11_04
[2022-11-18 09:16:08.509] DEBUG UserDaoImpl.add(UserDaoImpl.java:198) - Object param: ì´ìƒë¬´11_04
[2022-11-18 09:16:08.509] DEBUG UserDaoImpl.add(UserDaoImpl.java:198) - Object param: 4324
[2022-11-18 09:16:08.509] DEBUG UserDaoImpl.add(UserDaoImpl.java:198) - Object param: 2
[2022-11-18 09:16:08.509] DEBUG UserDaoImpl.add(UserDaoImpl.java:198) - Object param: 52
[2022-11-18 09:16:08.509] DEBUG UserDaoImpl.add(UserDaoImpl.java:198) - Object param: 30
[2022-11-18 09:16:08.509] DEBUG UserDaoImpl.add(UserDaoImpl.java:198) - Object param: ckddls13@gmail.com
[2022-11-18 09:16:08.548] DEBUG UserDaoImpl.add(UserDaoImpl.java:202) - 3. flag : 1
[2022-11-18 09:16:08.549] DEBUG UserDaoImpl.add(UserDaoImpl.java:186) - 1. sql log 
INSERT INTO hr_member (   
    u_id,                 
    name,                 
    passwd,               
    u_level,              
    login,                
    recommend,            
    email,                
    reg_dt                
) VALUES (                
    ?,                    
    ?,                    
    ?,                    
    ?,                    
    ?,                    
    ?,                    
    ?,                    
    SYSDATE               
)                         

[2022-11-18 09:16:08.549] DEBUG UserDaoImpl.add(UserDaoImpl.java:187) - 2. param log 
UserVO [uId=p11_05, name=ì´ìƒë¬´11_05, passWd=4325, level=GOLD, login=53, recommend=35, email=ckddls13@gamil.com, regDt=ë‚ ì§œ_ì‚¬ìš©í•˜ì§€ ì•ŠìŒ, toString()=com.pcwk.ehr.UserVO@4275c20c]
[2022-11-18 09:16:08.549] DEBUG UserDaoImpl.add(UserDaoImpl.java:198) - Object param: p11_05
[2022-11-18 09:16:08.549] DEBUG UserDaoImpl.add(UserDaoImpl.java:198) - Object param: ì´ìƒë¬´11_05
[2022-11-18 09:16:08.549] DEBUG UserDaoImpl.add(UserDaoImpl.java:198) - Object param: 4325
[2022-11-18 09:16:08.549] DEBUG UserDaoImpl.add(UserDaoImpl.java:198) - Object param: 3
[2022-11-18 09:16:08.549] DEBUG UserDaoImpl.add(UserDaoImpl.java:198) - Object param: 53
[2022-11-18 09:16:08.549] DEBUG UserDaoImpl.add(UserDaoImpl.java:198) - Object param: 35
[2022-11-18 09:16:08.549] DEBUG UserDaoImpl.add(UserDaoImpl.java:198) - Object param: ckddls13@gamil.com
[2022-11-18 09:16:08.586] DEBUG UserDaoImpl.add(UserDaoImpl.java:202) - 3. flag : 1
[2022-11-18 09:16:08.587] DEBUG UserDaoImpl.getCount(UserDaoImpl.java:101) - 1. sql log 
SELECT COUNT(*) cnt      
FROM HR_MEMBER           
WHERE u_id LIKE ? || '%'   

[2022-11-18 09:16:08.587] DEBUG UserDaoImpl.getCount(UserDaoImpl.java:102) - 2. param log 
UserVO [uId=p11, name=ì´ìƒë¬´11, passWd=4321, level=BASIC, login=49, recommend=0, email=jci1203@naver.com, regDt=ë‚ ì§œ_ì‚¬ìš©í•˜ì§€ ì•ŠìŒ, toString()=com.pcwk.ehr.UserVO@f27ea3]
[2022-11-18 09:16:08.587] DEBUG UserDaoImpl.getCount(UserDaoImpl.java:105) - 2.1. args : p11
[2022-11-18 09:16:08.675] DEBUG UserDaoImpl.getCount(UserDaoImpl.java:108) - 3. cnt: 5
[2022-11-18 09:16:08.711] DEBUG UserDaoImpl.getAll(UserDaoImpl.java:79) - 1. sql log 
SELECT  u_id,      			
        name,        			
        passwd,               
        u_level,              
        login,                
        recommend,            
        email,                
        TO_CHAR(reg_dt,'yyyy-mm-dd hh24:mi:ss') reg_dt       
FROM  hr_member      			
WHERE u_id like ? || '%'      
ORDER BY u_id			        

[2022-11-18 09:16:08.711] DEBUG UserDaoImpl.getAll(UserDaoImpl.java:80) - 2. param log 
p11
[2022-11-18 09:16:08.718] DEBUG UserDaoImpl.getAll(UserDaoImpl.java:86) - 3. vo : UserVO [uId=p11_01, name=ì´ìƒë¬´11_01, passWd=4321, level=BASIC, login=49, recommend=0, email=ckddls13@gmail.com, regDt=2022-11-18 09:16:08, toString()=com.pcwk.ehr.UserVO@5400db36]
[2022-11-18 09:16:08.718] DEBUG UserDaoImpl.getAll(UserDaoImpl.java:86) - 3. vo : UserVO [uId=p11_02, name=ì´ìƒë¬´11_02, passWd=4322, level=BASIC, login=50, recommend=0, email=ckddls13@gmail.com, regDt=2022-11-18 09:16:08, toString()=com.pcwk.ehr.UserVO@76b74e9c]
[2022-11-18 09:16:08.718] DEBUG UserDaoImpl.getAll(UserDaoImpl.java:86) - 3. vo : UserVO [uId=p11_03, name=ì´ìƒë¬´11_03, passWd=4323, level=SILVER, login=51, recommend=29, email=ckddls13@gmail.com, regDt=2022-11-18 09:16:08, toString()=com.pcwk.ehr.UserVO@2d72f75e]
[2022-11-18 09:16:08.718] DEBUG UserDaoImpl.getAll(UserDaoImpl.java:86) - 3. vo : UserVO [uId=p11_04, name=ì´ìƒë¬´11_04, passWd=4324, level=SILVER, login=52, recommend=30, email=ckddls13@gmail.com, regDt=2022-11-18 09:16:08, toString()=com.pcwk.ehr.UserVO@8ab78bc]
[2022-11-18 09:16:08.718] DEBUG UserDaoImpl.getAll(UserDaoImpl.java:86) - 3. vo : UserVO [uId=p11_05, name=ì´ìƒë¬´11_05, passWd=4325, level=GOLD, login=53, recommend=35, email=ckddls13@gamil.com, regDt=2022-11-18 09:16:08, toString()=com.pcwk.ehr.UserVO@5aa0dbf4]
[2022-11-18 09:16:08.718] DEBUG UserDaoImpl.doUpdate(UserDaoImpl.java:221) - 1. sql log 
UPDATE hr_member      
SET name = ?,         
    passwd = ?,       
    u_level = ?,      
    login = ?,        
    recommend = ?,    
    email = ?,        
    reg_dt = SYSDATE  
WHERE u_id = ?        

[2022-11-18 09:16:08.718] DEBUG UserDaoImpl.doUpdate(UserDaoImpl.java:222) - 2. param log 
UserVO [uId=p11_02, name=ì´ìƒë¬´11_02, passWd=4322, level=SILVER, login=50, recommend=0, email=ckddls13@gmail.com, regDt=2022-11-18 09:16:08, toString()=com.pcwk.ehr.UserVO@76b74e9c]
[2022-11-18 09:16:08.718] DEBUG UserDaoImpl.doUpdate(UserDaoImpl.java:234) - Object param: ì´ìƒë¬´11_02
[2022-11-18 09:16:08.718] DEBUG UserDaoImpl.doUpdate(UserDaoImpl.java:234) - Object param: 4322
[2022-11-18 09:16:08.719] DEBUG UserDaoImpl.doUpdate(UserDaoImpl.java:234) - Object param: 2
[2022-11-18 09:16:08.719] DEBUG UserDaoImpl.doUpdate(UserDaoImpl.java:234) - Object param: 50
[2022-11-18 09:16:08.719] DEBUG UserDaoImpl.doUpdate(UserDaoImpl.java:234) - Object param: 0
[2022-11-18 09:16:08.719] DEBUG UserDaoImpl.doUpdate(UserDaoImpl.java:234) - Object param: ckddls13@gmail.com
[2022-11-18 09:16:08.719] DEBUG UserDaoImpl.doUpdate(UserDaoImpl.java:234) - Object param: p11_02
[2022-11-18 09:16:08.720] DEBUG UserDaoImpl.doUpdate(UserDaoImpl.java:238) - 3. flag : 1
[2022-11-18 09:16:08.720] DEBUG UserServiceImpl.sendUpgradeEmail(UserServiceImpl.java:91) - â”Œâ”€â”€â”€â”€â”€â”€â”€â”€â”€â”€â”€â”€â”€â”€â”€â”€â”€â”€â”€â”€â”€â”€â”€â”€â”€â”€â”€â”€â”€â”€â”€â”€â”€â”€â”€â”€â”€â”€â”€â”€â”€â”€â”€â”
[2022-11-18 09:16:08.720] DEBUG UserServiceImpl.sendUpgradeEmail(UserServiceImpl.java:92) - â”‚sendUpgradeEmail: ckddls13@gmail.com,ì´ìƒë¬´11_02
[2022-11-18 09:16:08.720] DEBUG UserServiceImpl.sendUpgradeEmail(UserServiceImpl.java:93) - â””â”€â”€â”€â”€â”€â”€â”€â”€â”€â”€â”€â”€â”€â”€â”€â”€â”€â”€â”€â”€â”€â”€â”€â”€â”€â”€â”€â”€â”€â”€â”€â”€â”€â”€â”€â”€â”€â”€â”€â”€â”€â”€â”€â”˜
[2022-11-18 09:16:08.720] DEBUG UserDaoImpl.doUpdate(UserDaoImpl.java:221) - 1. sql log 
UPDATE hr_member      
SET name = ?,         
    passwd = ?,       
    u_level = ?,      
    login = ?,        
    recommend = ?,    
    email = ?,        
    reg_dt = SYSDATE  
WHERE u_id = ?        

[2022-11-18 09:16:08.720] DEBUG UserDaoImpl.doUpdate(UserDaoImpl.java:222) - 2. param log 
UserVO [uId=p11_04, name=ì´ìƒë¬´11_04, passWd=4324, level=GOLD, login=52, recommend=30, email=ckddls13@gmail.com, regDt=2022-11-18 09:16:08, toString()=com.pcwk.ehr.UserVO@8ab78bc]
[2022-11-18 09:16:08.720] DEBUG UserDaoImpl.doUpdate(UserDaoImpl.java:234) - Object param: ì´ìƒë¬´11_04
[2022-11-18 09:16:08.720] DEBUG UserDaoImpl.doUpdate(UserDaoImpl.java:234) - Object param: 4324
[2022-11-18 09:16:08.721] DEBUG UserDaoImpl.doUpdate(UserDaoImpl.java:234) - Object param: 3
[2022-11-18 09:16:08.721] DEBUG UserDaoImpl.doUpdate(UserDaoImpl.java:234) - Object param: 52
[2022-11-18 09:16:08.721] DEBUG UserDaoImpl.doUpdate(UserDaoImpl.java:234) - Object param: 30
[2022-11-18 09:16:08.721] DEBUG UserDaoImpl.doUpdate(UserDaoImpl.java:234) - Object param: ckddls13@gmail.com
[2022-11-18 09:16:08.721] DEBUG UserDaoImpl.doUpdate(UserDaoImpl.java:234) - Object param: p11_04
[2022-11-18 09:16:08.722] DEBUG UserDaoImpl.doUpdate(UserDaoImpl.java:238) - 3. flag : 1
[2022-11-18 09:16:08.722] DEBUG UserServiceImpl.sendUpgradeEmail(UserServiceImpl.java:91) - â”Œâ”€â”€â”€â”€â”€â”€â”€â”€â”€â”€â”€â”€â”€â”€â”€â”€â”€â”€â”€â”€â”€â”€â”€â”€â”€â”€â”€â”€â”€â”€â”€â”€â”€â”€â”€â”€â”€â”€â”€â”€â”€â”€â”€â”
[2022-11-18 09:16:08.722] DEBUG UserServiceImpl.sendUpgradeEmail(UserServiceImpl.java:92) - â”‚sendUpgradeEmail: ckddls13@gmail.com,ì´ìƒë¬´11_04
[2022-11-18 09:16:08.722] DEBUG UserServiceImpl.sendUpgradeEmail(UserServiceImpl.java:93) - â””â”€â”€â”€â”€â”€â”€â”€â”€â”€â”€â”€â”€â”€â”€â”€â”€â”€â”€â”€â”€â”€â”€â”€â”€â”€â”€â”€â”€â”€â”€â”€â”€â”€â”€â”€â”€â”€â”€â”€â”€â”€â”€â”€â”˜
[2022-11-18 09:16:08.724] DEBUG UserDaoImpl.get(UserDaoImpl.java:148) - 1. sql log 
SELECT  u_id,        
        name,        
        passwd,      
        u_level,     
        login,       
        recommend,   
        email,       
        TO_CHAR(reg_dt,'yyyy-mm-dd hh24:mi:ss') reg_dt       
FROM  hr_member      
WHERE u_id = ?       

[2022-11-18 09:16:08.724] DEBUG UserDaoImpl.get(UserDaoImpl.java:149) - 2. param log 
p11_01
[2022-11-18 09:16:08.724] DEBUG UserDaoImpl.get(UserDaoImpl.java:152) - 2.1. param args log :p11_01
[2022-11-18 09:16:08.761] DEBUG UserDaoImpl.get(UserDaoImpl.java:156) - 3. userVO : UserVO [uId=p11_01, name=ì´ìƒë¬´11_01, passWd=4321, level=BASIC, login=49, recommend=0, email=ckddls13@gmail.com, regDt=2022-11-18 09:16:08, toString()=com.pcwk.ehr.UserVO@4b4dd216]
[2022-11-18 09:16:08.761] DEBUG UserDaoImpl.get(UserDaoImpl.java:148) - 1. sql log 
SELECT  u_id,        
        name,        
        passwd,      
        u_level,     
        login,       
        recommend,   
        email,       
        TO_CHAR(reg_dt,'yyyy-mm-dd hh24:mi:ss') reg_dt       
FROM  hr_member      
WHERE u_id = ?       

[2022-11-18 09:16:08.761] DEBUG UserDaoImpl.get(UserDaoImpl.java:149) - 2. param log 
p11_02
[2022-11-18 09:16:08.761] DEBUG UserDaoImpl.get(UserDaoImpl.java:152) - 2.1. param args log :p11_02
[2022-11-18 09:16:08.798] DEBUG UserDaoImpl.get(UserDaoImpl.java:156) - 3. userVO : UserVO [uId=p11_02, name=ì´ìƒë¬´11_02, passWd=4322, level=SILVER, login=50, recommend=0, email=ckddls13@gmail.com, regDt=2022-11-18 09:16:08, toString()=com.pcwk.ehr.UserVO@35293c05]
[2022-11-18 09:16:08.798] DEBUG JUserServiceTest.checkLevel(JUserServiceTest.java:208) - SILVER==SILVER
[2022-11-18 09:16:08.798] DEBUG UserDaoImpl.get(UserDaoImpl.java:148) - 1. sql log 
SELECT  u_id,        
        name,        
        passwd,      
        u_level,     
        login,       
        recommend,   
        email,       
        TO_CHAR(reg_dt,'yyyy-mm-dd hh24:mi:ss') reg_dt       
FROM  hr_member      
WHERE u_id = ?       

[2022-11-18 09:16:08.798] DEBUG UserDaoImpl.get(UserDaoImpl.java:149) - 2. param log 
p11_03
[2022-11-18 09:16:08.798] DEBUG UserDaoImpl.get(UserDaoImpl.java:152) - 2.1. param args log :p11_03
[2022-11-18 09:16:08.835] DEBUG UserDaoImpl.get(UserDaoImpl.java:156) - 3. userVO : UserVO [uId=p11_03, name=ì´ìƒë¬´11_03, passWd=4323, level=SILVER, login=51, recommend=29, email=ckddls13@gmail.com, regDt=2022-11-18 09:16:08, toString()=com.pcwk.ehr.UserVO@3174cb09]
[2022-11-18 09:16:08.836] DEBUG UserDaoImpl.get(UserDaoImpl.java:148) - 1. sql log 
SELECT  u_id,        
        name,        
        passwd,      
        u_level,     
        login,       
        recommend,   
        email,       
        TO_CHAR(reg_dt,'yyyy-mm-dd hh24:mi:ss') reg_dt       
FROM  hr_member      
WHERE u_id = ?       

[2022-11-18 09:16:08.836] DEBUG UserDaoImpl.get(UserDaoImpl.java:149) - 2. param log 
p11_04
[2022-11-18 09:16:08.836] DEBUG UserDaoImpl.get(UserDaoImpl.java:152) - 2.1. param args log :p11_04
[2022-11-18 09:16:08.872] DEBUG UserDaoImpl.get(UserDaoImpl.java:156) - 3. userVO : UserVO [uId=p11_04, name=ì´ìƒë¬´11_04, passWd=4324, level=GOLD, login=52, recommend=30, email=ckddls13@gmail.com, regDt=2022-11-18 09:16:08, toString()=com.pcwk.ehr.UserVO@7d373bcf]
[2022-11-18 09:16:08.872] DEBUG JUserServiceTest.checkLevel(JUserServiceTest.java:208) - GOLD==GOLD
[2022-11-18 09:16:08.872] DEBUG UserDaoImpl.get(UserDaoImpl.java:148) - 1. sql log 
SELECT  u_id,        
        name,        
        passwd,      
        u_level,     
        login,       
        recommend,   
        email,       
        TO_CHAR(reg_dt,'yyyy-mm-dd hh24:mi:ss') reg_dt       
FROM  hr_member      
WHERE u_id = ?       

[2022-11-18 09:16:08.872] DEBUG UserDaoImpl.get(UserDaoImpl.java:149) - 2. param log 
p11_05
[2022-11-18 09:16:08.872] DEBUG UserDaoImpl.get(UserDaoImpl.java:152) - 2.1. param args log :p11_05
[2022-11-18 09:16:08.909] DEBUG UserDaoImpl.get(UserDaoImpl.java:156) - 3. userVO : UserVO [uId=p11_05, name=ì´ìƒë¬´11_05, passWd=4325, level=GOLD, login=53, recommend=35, email=ckddls13@gamil.com, regDt=2022-11-18 09:16:08, toString()=com.pcwk.ehr.UserVO@10027fc9]
[2022-11-18 09:16:08.909] DEBUG JUserServiceTest.upgradeLevels(JUserServiceTest.java:194) - â”‚               upgradeLevels               â”‚
[2022-11-18 09:16:08.909] DEBUG JUserServiceTest.upgradeLevels(JUserServiceTest.java:195) - â””â”€â”€â”€â”€â”€â”€â”€â”€â”€â”€â”€â”€â”€â”€â”€â”€â”€â”€â”€â”€â”€â”€â”€â”€â”€â”€â”€â”€â”€â”€â”€â”€â”€â”€â”€â”€â”€â”€â”€â”€â”€â”€â”€â”˜
[2022-11-18 09:16:08.910] DEBUG JUserServiceTest.tearDown(JUserServiceTest.java:218) - â”Œâ”€â”€â”€â”€â”€â”€â”€â”€â”€â”€â”€â”€â”€â”€â”€â”€â”€â”€â”€â”€â”€â”€â”€â”€â”€â”€â”€â”€â”€â”€â”€â”€â”€â”€â”€â”€â”€â”€â”€â”€â”€â”€â”€â”
[2022-11-18 09:16:08.911] DEBUG JUserServiceTest.tearDown(JUserServiceTest.java:219) - â”‚                 tearDown                  â”‚
[2022-11-18 09:16:08.911] DEBUG JUserServiceTest.tearDown(JUserServiceTest.java:220) - â””â”€â”€â”€â”€â”€â”€â”€â”€â”€â”€â”€â”€â”€â”€â”€â”€â”€â”€â”€â”€â”€â”€â”€â”€â”€â”€â”€â”€â”€â”€â”€â”€â”€â”€â”€â”€â”€â”€â”€â”€â”€â”€â”€â”˜
[2022-11-18 09:38:46.603] DEBUG UppercaseHandler.invoke(UppercaseHandler.java:24) - â”Œâ”€â”€â”€â”€â”€â”€â”€â”€â”€â”€â”€â”€â”€â”€â”€â”€â”€â”€â”€â”€â”€â”€â”€â”€â”€â”€â”€â”€â”€â”€â”€â”€â”€â”€â”€â”€â”€â”
[2022-11-18 09:38:46.605] DEBUG UppercaseHandler.invoke(UppercaseHandler.java:25) - â”‚invoke():                            â”‚sayHello
[2022-11-18 09:38:46.605] DEBUG UppercaseHandler.invoke(UppercaseHandler.java:26) - â””â”€â”€â”€â”€â”€â”€â”€â”€â”€â”€â”€â”€â”€â”€â”€â”€â”€â”€â”€â”€â”€â”€â”€â”€â”€â”€â”€â”€â”€â”€â”€â”€â”€â”€â”€â”€â”€â”˜
[2022-11-18 09:39:17.640] DEBUG UppercaseHandler.invoke(UppercaseHandler.java:24) - â”Œâ”€â”€â”€â”€â”€â”€â”€â”€â”€â”€â”€â”€â”€â”€â”€â”€â”€â”€â”€â”€â”€â”€â”€â”€â”€â”€â”€â”€â”€â”€â”€â”€â”€â”€â”€â”€â”€â”
[2022-11-18 09:39:17.643] DEBUG UppercaseHandler.invoke(UppercaseHandler.java:25) - â”‚invoke():                            â”‚sayHello
[2022-11-18 09:39:17.643] DEBUG UppercaseHandler.invoke(UppercaseHandler.java:26) - â””â”€â”€â”€â”€â”€â”€â”€â”€â”€â”€â”€â”€â”€â”€â”€â”€â”€â”€â”€â”€â”€â”€â”€â”€â”€â”€â”€â”€â”€â”€â”€â”€â”€â”€â”€â”€â”€â”˜
[2022-11-18 09:39:17.643] DEBUG UppercaseHandler.invoke(UppercaseHandler.java:24) - â”Œâ”€â”€â”€â”€â”€â”€â”€â”€â”€â”€â”€â”€â”€â”€â”€â”€â”€â”€â”€â”€â”€â”€â”€â”€â”€â”€â”€â”€â”€â”€â”€â”€â”€â”€â”€â”€â”€â”
[2022-11-18 09:39:17.643] DEBUG UppercaseHandler.invoke(UppercaseHandler.java:25) - â”‚invoke():                            â”‚sayHi
[2022-11-18 09:39:17.643] DEBUG UppercaseHandler.invoke(UppercaseHandler.java:26) - â””â”€â”€â”€â”€â”€â”€â”€â”€â”€â”€â”€â”€â”€â”€â”€â”€â”€â”€â”€â”€â”€â”€â”€â”€â”€â”€â”€â”€â”€â”€â”€â”€â”€â”€â”€â”€â”€â”˜
[2022-11-18 09:39:45.590] DEBUG UppercaseHandler.invoke(UppercaseHandler.java:24) - â”Œâ”€â”€â”€â”€â”€â”€â”€â”€â”€â”€â”€â”€â”€â”€â”€â”€â”€â”€â”€â”€â”€â”€â”€â”€â”€â”€â”€â”€â”€â”€â”€â”€â”€â”€â”€â”€â”€â”
[2022-11-18 09:39:45.593] DEBUG UppercaseHandler.invoke(UppercaseHandler.java:25) - â”‚invoke():                            â”‚sayHello
[2022-11-18 09:39:45.593] DEBUG UppercaseHandler.invoke(UppercaseHandler.java:26) - â””â”€â”€â”€â”€â”€â”€â”€â”€â”€â”€â”€â”€â”€â”€â”€â”€â”€â”€â”€â”€â”€â”€â”€â”€â”€â”€â”€â”€â”€â”€â”€â”€â”€â”€â”€â”€â”€â”˜
[2022-11-18 09:39:45.593] DEBUG UppercaseHandler.invoke(UppercaseHandler.java:24) - â”Œâ”€â”€â”€â”€â”€â”€â”€â”€â”€â”€â”€â”€â”€â”€â”€â”€â”€â”€â”€â”€â”€â”€â”€â”€â”€â”€â”€â”€â”€â”€â”€â”€â”€â”€â”€â”€â”€â”
[2022-11-18 09:39:45.593] DEBUG UppercaseHandler.invoke(UppercaseHandler.java:25) - â”‚invoke():                            â”‚sayHi
[2022-11-18 09:39:45.593] DEBUG UppercaseHandler.invoke(UppercaseHandler.java:26) - â””â”€â”€â”€â”€â”€â”€â”€â”€â”€â”€â”€â”€â”€â”€â”€â”€â”€â”€â”€â”€â”€â”€â”€â”€â”€â”€â”€â”€â”€â”€â”€â”€â”€â”€â”€â”€â”€â”˜
[2022-11-18 09:39:45.594] DEBUG UppercaseHandler.invoke(UppercaseHandler.java:24) - â”Œâ”€â”€â”€â”€â”€â”€â”€â”€â”€â”€â”€â”€â”€â”€â”€â”€â”€â”€â”€â”€â”€â”€â”€â”€â”€â”€â”€â”€â”€â”€â”€â”€â”€â”€â”€â”€â”€â”
[2022-11-18 09:39:45.594] DEBUG UppercaseHandler.invoke(UppercaseHandler.java:25) - â”‚invoke():                            â”‚sayThankYou
[2022-11-18 09:39:45.594] DEBUG UppercaseHandler.invoke(UppercaseHandler.java:26) - â””â”€â”€â”€â”€â”€â”€â”€â”€â”€â”€â”€â”€â”€â”€â”€â”€â”€â”€â”€â”€â”€â”€â”€â”€â”€â”€â”€â”€â”€â”€â”€â”€â”€â”€â”€â”€â”€â”˜
[2022-11-18 09:41:42.256] DEBUG UppercaseHandler.invoke(UppercaseHandler.java:24) - â”Œâ”€â”€â”€â”€â”€â”€â”€â”€â”€â”€â”€â”€â”€â”€â”€â”€â”€â”€â”€â”€â”€â”€â”€â”€â”€â”€â”€â”€â”€â”€â”€â”€â”€â”€â”€â”€â”€â”
[2022-11-18 09:41:42.259] DEBUG UppercaseHandler.invoke(UppercaseHandler.java:25) - â”‚invoke():                            â”‚sayHello
[2022-11-18 09:41:42.259] DEBUG UppercaseHandler.invoke(UppercaseHandler.java:26) - â””â”€â”€â”€â”€â”€â”€â”€â”€â”€â”€â”€â”€â”€â”€â”€â”€â”€â”€â”€â”€â”€â”€â”€â”€â”€â”€â”€â”€â”€â”€â”€â”€â”€â”€â”€â”€â”€â”˜
[2022-11-18 09:41:42.259] DEBUG UppercaseHandler.invoke(UppercaseHandler.java:24) - â”Œâ”€â”€â”€â”€â”€â”€â”€â”€â”€â”€â”€â”€â”€â”€â”€â”€â”€â”€â”€â”€â”€â”€â”€â”€â”€â”€â”€â”€â”€â”€â”€â”€â”€â”€â”€â”€â”€â”
[2022-11-18 09:41:42.259] DEBUG UppercaseHandler.invoke(UppercaseHandler.java:25) - â”‚invoke():                            â”‚sayHi
[2022-11-18 09:41:42.259] DEBUG UppercaseHandler.invoke(UppercaseHandler.java:26) - â””â”€â”€â”€â”€â”€â”€â”€â”€â”€â”€â”€â”€â”€â”€â”€â”€â”€â”€â”€â”€â”€â”€â”€â”€â”€â”€â”€â”€â”€â”€â”€â”€â”€â”€â”€â”€â”€â”˜
[2022-11-18 09:41:42.259] DEBUG UppercaseHandler.invoke(UppercaseHandler.java:24) - â”Œâ”€â”€â”€â”€â”€â”€â”€â”€â”€â”€â”€â”€â”€â”€â”€â”€â”€â”€â”€â”€â”€â”€â”€â”€â”€â”€â”€â”€â”€â”€â”€â”€â”€â”€â”€â”€â”€â”
[2022-11-18 09:41:42.259] DEBUG UppercaseHandler.invoke(UppercaseHandler.java:25) - â”‚invoke():                            â”‚sayThankYou
[2022-11-18 09:41:42.260] DEBUG UppercaseHandler.invoke(UppercaseHandler.java:26) - â””â”€â”€â”€â”€â”€â”€â”€â”€â”€â”€â”€â”€â”€â”€â”€â”€â”€â”€â”€â”€â”€â”€â”€â”€â”€â”€â”€â”€â”€â”€â”€â”€â”€â”€â”€â”€â”€â”˜
[2022-11-18 09:46:58.163] DEBUG UppercaseHandler.invoke(UppercaseHandler.java:25) - â”Œâ”€â”€â”€â”€â”€â”€â”€â”€â”€â”€â”€â”€â”€â”€â”€â”€â”€â”€â”€â”€â”€â”€â”€â”€â”€â”€â”€â”€â”€â”€â”€â”€â”€â”€â”€â”€â”€â”
[2022-11-18 09:46:58.165] DEBUG UppercaseHandler.invoke(UppercaseHandler.java:26) - â”‚invoke():                            â”‚sayHello
[2022-11-18 09:46:58.165] DEBUG UppercaseHandler.invoke(UppercaseHandler.java:27) - â””â”€â”€â”€â”€â”€â”€â”€â”€â”€â”€â”€â”€â”€â”€â”€â”€â”€â”€â”€â”€â”€â”€â”€â”€â”€â”€â”€â”€â”€â”€â”€â”€â”€â”€â”€â”€â”€â”˜
[2022-11-18 09:46:58.165] DEBUG UppercaseHandler.invoke(UppercaseHandler.java:25) - â”Œâ”€â”€â”€â”€â”€â”€â”€â”€â”€â”€â”€â”€â”€â”€â”€â”€â”€â”€â”€â”€â”€â”€â”€â”€â”€â”€â”€â”€â”€â”€â”€â”€â”€â”€â”€â”€â”€â”
[2022-11-18 09:46:58.165] DEBUG UppercaseHandler.invoke(UppercaseHandler.java:26) - â”‚invoke():                            â”‚sayHi
[2022-11-18 09:46:58.165] DEBUG UppercaseHandler.invoke(UppercaseHandler.java:27) - â””â”€â”€â”€â”€â”€â”€â”€â”€â”€â”€â”€â”€â”€â”€â”€â”€â”€â”€â”€â”€â”€â”€â”€â”€â”€â”€â”€â”€â”€â”€â”€â”€â”€â”€â”€â”€â”€â”˜
[2022-11-18 09:46:58.165] DEBUG UppercaseHandler.invoke(UppercaseHandler.java:25) - â”Œâ”€â”€â”€â”€â”€â”€â”€â”€â”€â”€â”€â”€â”€â”€â”€â”€â”€â”€â”€â”€â”€â”€â”€â”€â”€â”€â”€â”€â”€â”€â”€â”€â”€â”€â”€â”€â”€â”
[2022-11-18 09:46:58.166] DEBUG UppercaseHandler.invoke(UppercaseHandler.java:26) - â”‚invoke():                            â”‚sayThankYou
[2022-11-18 09:46:58.166] DEBUG UppercaseHandler.invoke(UppercaseHandler.java:27) - â””â”€â”€â”€â”€â”€â”€â”€â”€â”€â”€â”€â”€â”€â”€â”€â”€â”€â”€â”€â”€â”€â”€â”€â”€â”€â”€â”€â”€â”€â”€â”€â”€â”€â”€â”€â”€â”€â”˜
[2022-11-18 09:48:29.570] DEBUG UppercaseHandler.invoke(UppercaseHandler.java:25) - â”Œâ”€â”€â”€â”€â”€â”€â”€â”€â”€â”€â”€â”€â”€â”€â”€â”€â”€â”€â”€â”€â”€â”€â”€â”€â”€â”€â”€â”€â”€â”€â”€â”€â”€â”€â”€â”€â”€â”
[2022-11-18 09:48:29.572] DEBUG UppercaseHandler.invoke(UppercaseHandler.java:26) - â”‚invoke():                            â”‚sayHello
[2022-11-18 09:48:29.572] DEBUG UppercaseHandler.invoke(UppercaseHandler.java:27) - â””â”€â”€â”€â”€â”€â”€â”€â”€â”€â”€â”€â”€â”€â”€â”€â”€â”€â”€â”€â”€â”€â”€â”€â”€â”€â”€â”€â”€â”€â”€â”€â”€â”€â”€â”€â”€â”€â”˜
[2022-11-18 09:48:29.572] DEBUG UppercaseHandler.invoke(UppercaseHandler.java:25) - â”Œâ”€â”€â”€â”€â”€â”€â”€â”€â”€â”€â”€â”€â”€â”€â”€â”€â”€â”€â”€â”€â”€â”€â”€â”€â”€â”€â”€â”€â”€â”€â”€â”€â”€â”€â”€â”€â”€â”
[2022-11-18 09:48:29.572] DEBUG UppercaseHandler.invoke(UppercaseHandler.java:26) - â”‚invoke():                            â”‚sayHi
[2022-11-18 09:48:29.572] DEBUG UppercaseHandler.invoke(UppercaseHandler.java:27) - â””â”€â”€â”€â”€â”€â”€â”€â”€â”€â”€â”€â”€â”€â”€â”€â”€â”€â”€â”€â”€â”€â”€â”€â”€â”€â”€â”€â”€â”€â”€â”€â”€â”€â”€â”€â”€â”€â”˜
[2022-11-18 09:48:29.572] DEBUG UppercaseHandler.invoke(UppercaseHandler.java:25) - â”Œâ”€â”€â”€â”€â”€â”€â”€â”€â”€â”€â”€â”€â”€â”€â”€â”€â”€â”€â”€â”€â”€â”€â”€â”€â”€â”€â”€â”€â”€â”€â”€â”€â”€â”€â”€â”€â”€â”
[2022-11-18 09:48:29.572] DEBUG UppercaseHandler.invoke(UppercaseHandler.java:26) - â”‚invoke():                            â”‚sayThankYou
[2022-11-18 09:48:29.573] DEBUG UppercaseHandler.invoke(UppercaseHandler.java:27) - â””â”€â”€â”€â”€â”€â”€â”€â”€â”€â”€â”€â”€â”€â”€â”€â”€â”€â”€â”€â”€â”€â”€â”€â”€â”€â”€â”€â”€â”€â”€â”€â”€â”€â”€â”€â”€â”€â”˜
[2022-11-18 09:49:33.047] DEBUG UppercaseHandler.invoke(UppercaseHandler.java:25) - â”Œâ”€â”€â”€â”€â”€â”€â”€â”€â”€â”€â”€â”€â”€â”€â”€â”€â”€â”€â”€â”€â”€â”€â”€â”€â”€â”€â”€â”€â”€â”€â”€â”€â”€â”€â”€â”€â”€â”
[2022-11-18 09:49:33.048] DEBUG UppercaseHandler.invoke(UppercaseHandler.java:26) - â”‚invoke():sayHelloâ”‚
[2022-11-18 09:49:33.049] DEBUG UppercaseHandler.invoke(UppercaseHandler.java:27) - â””â”€â”€â”€â”€â”€â”€â”€â”€â”€â”€â”€â”€â”€â”€â”€â”€â”€â”€â”€â”€â”€â”€â”€â”€â”€â”€â”€â”€â”€â”€â”€â”€â”€â”€â”€â”€â”€â”˜
[2022-11-18 09:49:33.049] DEBUG UppercaseHandler.invoke(UppercaseHandler.java:25) - â”Œâ”€â”€â”€â”€â”€â”€â”€â”€â”€â”€â”€â”€â”€â”€â”€â”€â”€â”€â”€â”€â”€â”€â”€â”€â”€â”€â”€â”€â”€â”€â”€â”€â”€â”€â”€â”€â”€â”
[2022-11-18 09:49:33.049] DEBUG UppercaseHandler.invoke(UppercaseHandler.java:26) - â”‚invoke():sayHiâ”‚
[2022-11-18 09:49:33.049] DEBUG UppercaseHandler.invoke(UppercaseHandler.java:27) - â””â”€â”€â”€â”€â”€â”€â”€â”€â”€â”€â”€â”€â”€â”€â”€â”€â”€â”€â”€â”€â”€â”€â”€â”€â”€â”€â”€â”€â”€â”€â”€â”€â”€â”€â”€â”€â”€â”˜
[2022-11-18 09:49:33.049] DEBUG UppercaseHandler.invoke(UppercaseHandler.java:25) - â”Œâ”€â”€â”€â”€â”€â”€â”€â”€â”€â”€â”€â”€â”€â”€â”€â”€â”€â”€â”€â”€â”€â”€â”€â”€â”€â”€â”€â”€â”€â”€â”€â”€â”€â”€â”€â”€â”€â”
[2022-11-18 09:49:33.049] DEBUG UppercaseHandler.invoke(UppercaseHandler.java:26) - â”‚invoke():sayThankYouâ”‚
[2022-11-18 09:49:33.049] DEBUG UppercaseHandler.invoke(UppercaseHandler.java:27) - â””â”€â”€â”€â”€â”€â”€â”€â”€â”€â”€â”€â”€â”€â”€â”€â”€â”€â”€â”€â”€â”€â”€â”€â”€â”€â”€â”€â”€â”€â”€â”€â”€â”€â”€â”€â”€â”€â”˜
[2022-11-18 09:49:41.003] DEBUG UppercaseHandler.invoke(UppercaseHandler.java:25) - â”Œâ”€â”€â”€â”€â”€â”€â”€â”€â”€â”€â”€â”€â”€â”€â”€â”€â”€â”€â”€â”€â”€â”€â”€â”€â”€â”€â”€â”€â”€â”€â”€â”€â”€â”€â”€â”€â”€â”
[2022-11-18 09:49:41.005] DEBUG UppercaseHandler.invoke(UppercaseHandler.java:26) - â”‚invoke() : sayHelloâ”‚
[2022-11-18 09:49:41.005] DEBUG UppercaseHandler.invoke(UppercaseHandler.java:27) - â””â”€â”€â”€â”€â”€â”€â”€â”€â”€â”€â”€â”€â”€â”€â”€â”€â”€â”€â”€â”€â”€â”€â”€â”€â”€â”€â”€â”€â”€â”€â”€â”€â”€â”€â”€â”€â”€â”˜
[2022-11-18 09:49:41.005] DEBUG UppercaseHandler.invoke(UppercaseHandler.java:25) - â”Œâ”€â”€â”€â”€â”€â”€â”€â”€â”€â”€â”€â”€â”€â”€â”€â”€â”€â”€â”€â”€â”€â”€â”€â”€â”€â”€â”€â”€â”€â”€â”€â”€â”€â”€â”€â”€â”€â”
[2022-11-18 09:49:41.005] DEBUG UppercaseHandler.invoke(UppercaseHandler.java:26) - â”‚invoke() : sayHiâ”‚
[2022-11-18 09:49:41.005] DEBUG UppercaseHandler.invoke(UppercaseHandler.java:27) - â””â”€â”€â”€â”€â”€â”€â”€â”€â”€â”€â”€â”€â”€â”€â”€â”€â”€â”€â”€â”€â”€â”€â”€â”€â”€â”€â”€â”€â”€â”€â”€â”€â”€â”€â”€â”€â”€â”˜
[2022-11-18 09:49:41.005] DEBUG UppercaseHandler.invoke(UppercaseHandler.java:25) - â”Œâ”€â”€â”€â”€â”€â”€â”€â”€â”€â”€â”€â”€â”€â”€â”€â”€â”€â”€â”€â”€â”€â”€â”€â”€â”€â”€â”€â”€â”€â”€â”€â”€â”€â”€â”€â”€â”€â”
[2022-11-18 09:49:41.005] DEBUG UppercaseHandler.invoke(UppercaseHandler.java:26) - â”‚invoke() : sayThankYouâ”‚
[2022-11-18 09:49:41.005] DEBUG UppercaseHandler.invoke(UppercaseHandler.java:27) - â””â”€â”€â”€â”€â”€â”€â”€â”€â”€â”€â”€â”€â”€â”€â”€â”€â”€â”€â”€â”€â”€â”€â”€â”€â”€â”€â”€â”€â”€â”€â”€â”€â”€â”€â”€â”€â”€â”˜
[2022-11-18 09:49:47.399] DEBUG UppercaseHandler.invoke(UppercaseHandler.java:25) - â”Œâ”€â”€â”€â”€â”€â”€â”€â”€â”€â”€â”€â”€â”€â”€â”€â”€â”€â”€â”€â”€â”€â”€â”€â”€â”€â”€â”€â”€â”€â”€â”€â”€â”€â”€â”€â”€â”€â”
[2022-11-18 09:49:47.401] DEBUG UppercaseHandler.invoke(UppercaseHandler.java:26) - â”‚invoke() : sayHello      â”‚
[2022-11-18 09:49:47.401] DEBUG UppercaseHandler.invoke(UppercaseHandler.java:27) - â””â”€â”€â”€â”€â”€â”€â”€â”€â”€â”€â”€â”€â”€â”€â”€â”€â”€â”€â”€â”€â”€â”€â”€â”€â”€â”€â”€â”€â”€â”€â”€â”€â”€â”€â”€â”€â”€â”˜
[2022-11-18 09:49:47.401] DEBUG UppercaseHandler.invoke(UppercaseHandler.java:25) - â”Œâ”€â”€â”€â”€â”€â”€â”€â”€â”€â”€â”€â”€â”€â”€â”€â”€â”€â”€â”€â”€â”€â”€â”€â”€â”€â”€â”€â”€â”€â”€â”€â”€â”€â”€â”€â”€â”€â”
[2022-11-18 09:49:47.401] DEBUG UppercaseHandler.invoke(UppercaseHandler.java:26) - â”‚invoke() : sayHi      â”‚
[2022-11-18 09:49:47.401] DEBUG UppercaseHandler.invoke(UppercaseHandler.java:27) - â””â”€â”€â”€â”€â”€â”€â”€â”€â”€â”€â”€â”€â”€â”€â”€â”€â”€â”€â”€â”€â”€â”€â”€â”€â”€â”€â”€â”€â”€â”€â”€â”€â”€â”€â”€â”€â”€â”˜
[2022-11-18 09:49:47.402] DEBUG UppercaseHandler.invoke(UppercaseHandler.java:25) - â”Œâ”€â”€â”€â”€â”€â”€â”€â”€â”€â”€â”€â”€â”€â”€â”€â”€â”€â”€â”€â”€â”€â”€â”€â”€â”€â”€â”€â”€â”€â”€â”€â”€â”€â”€â”€â”€â”€â”
[2022-11-18 09:49:47.402] DEBUG UppercaseHandler.invoke(UppercaseHandler.java:26) - â”‚invoke() : sayThankYou      â”‚
[2022-11-18 09:49:47.402] DEBUG UppercaseHandler.invoke(UppercaseHandler.java:27) - â””â”€â”€â”€â”€â”€â”€â”€â”€â”€â”€â”€â”€â”€â”€â”€â”€â”€â”€â”€â”€â”€â”€â”€â”€â”€â”€â”€â”€â”€â”€â”€â”€â”€â”€â”€â”€â”€â”˜
[2022-11-18 10:05:54.474] DEBUG UppercaseHandler.invoke(UppercaseHandler.java:25) - â”Œâ”€â”€â”€â”€â”€â”€â”€â”€â”€â”€â”€â”€â”€â”€â”€â”€â”€â”€â”€â”€â”€â”€â”€â”€â”€â”€â”€â”€â”€â”€â”€â”€â”€â”€â”€â”€â”€â”
[2022-11-18 10:05:54.475] DEBUG UppercaseHandler.invoke(UppercaseHandler.java:26) - â”‚invoke() : sayHello      â”‚
[2022-11-18 10:05:54.476] DEBUG UppercaseHandler.invoke(UppercaseHandler.java:27) - â””â”€â”€â”€â”€â”€â”€â”€â”€â”€â”€â”€â”€â”€â”€â”€â”€â”€â”€â”€â”€â”€â”€â”€â”€â”€â”€â”€â”€â”€â”€â”€â”€â”€â”€â”€â”€â”€â”˜
[2022-11-18 10:05:54.476] DEBUG UppercaseHandler.invoke(UppercaseHandler.java:25) - â”Œâ”€â”€â”€â”€â”€â”€â”€â”€â”€â”€â”€â”€â”€â”€â”€â”€â”€â”€â”€â”€â”€â”€â”€â”€â”€â”€â”€â”€â”€â”€â”€â”€â”€â”€â”€â”€â”€â”
[2022-11-18 10:05:54.476] DEBUG UppercaseHandler.invoke(UppercaseHandler.java:26) - â”‚invoke() : sayHi      â”‚
[2022-11-18 10:05:54.476] DEBUG UppercaseHandler.invoke(UppercaseHandler.java:27) - â””â”€â”€â”€â”€â”€â”€â”€â”€â”€â”€â”€â”€â”€â”€â”€â”€â”€â”€â”€â”€â”€â”€â”€â”€â”€â”€â”€â”€â”€â”€â”€â”€â”€â”€â”€â”€â”€â”˜
[2022-11-18 10:05:54.476] DEBUG UppercaseHandler.invoke(UppercaseHandler.java:25) - â”Œâ”€â”€â”€â”€â”€â”€â”€â”€â”€â”€â”€â”€â”€â”€â”€â”€â”€â”€â”€â”€â”€â”€â”€â”€â”€â”€â”€â”€â”€â”€â”€â”€â”€â”€â”€â”€â”€â”
[2022-11-18 10:05:54.476] DEBUG UppercaseHandler.invoke(UppercaseHandler.java:26) - â”‚invoke() : sayThankYou      â”‚
[2022-11-18 10:05:54.476] DEBUG UppercaseHandler.invoke(UppercaseHandler.java:27) - â””â”€â”€â”€â”€â”€â”€â”€â”€â”€â”€â”€â”€â”€â”€â”€â”€â”€â”€â”€â”€â”€â”€â”€â”€â”€â”€â”€â”€â”€â”€â”€â”€â”€â”€â”€â”€â”€â”˜
[2022-11-18 10:05:57.448] DEBUG UppercaseHandler.invoke(UppercaseHandler.java:25) - â”Œâ”€â”€â”€â”€â”€â”€â”€â”€â”€â”€â”€â”€â”€â”€â”€â”€â”€â”€â”€â”€â”€â”€â”€â”€â”€â”€â”€â”€â”€â”€â”€â”€â”€â”€â”€â”€â”€â”
[2022-11-18 10:05:57.450] DEBUG UppercaseHandler.invoke(UppercaseHandler.java:26) - â”‚invoke() : sayHello      â”‚
[2022-11-18 10:05:57.450] DEBUG UppercaseHandler.invoke(UppercaseHandler.java:27) - â””â”€â”€â”€â”€â”€â”€â”€â”€â”€â”€â”€â”€â”€â”€â”€â”€â”€â”€â”€â”€â”€â”€â”€â”€â”€â”€â”€â”€â”€â”€â”€â”€â”€â”€â”€â”€â”€â”˜
[2022-11-18 10:05:57.451] DEBUG UppercaseHandler.invoke(UppercaseHandler.java:25) - â”Œâ”€â”€â”€â”€â”€â”€â”€â”€â”€â”€â”€â”€â”€â”€â”€â”€â”€â”€â”€â”€â”€â”€â”€â”€â”€â”€â”€â”€â”€â”€â”€â”€â”€â”€â”€â”€â”€â”
[2022-11-18 10:05:57.451] DEBUG UppercaseHandler.invoke(UppercaseHandler.java:26) - â”‚invoke() : sayHi      â”‚
[2022-11-18 10:05:57.451] DEBUG UppercaseHandler.invoke(UppercaseHandler.java:27) - â””â”€â”€â”€â”€â”€â”€â”€â”€â”€â”€â”€â”€â”€â”€â”€â”€â”€â”€â”€â”€â”€â”€â”€â”€â”€â”€â”€â”€â”€â”€â”€â”€â”€â”€â”€â”€â”€â”˜
[2022-11-18 10:05:57.451] DEBUG UppercaseHandler.invoke(UppercaseHandler.java:25) - â”Œâ”€â”€â”€â”€â”€â”€â”€â”€â”€â”€â”€â”€â”€â”€â”€â”€â”€â”€â”€â”€â”€â”€â”€â”€â”€â”€â”€â”€â”€â”€â”€â”€â”€â”€â”€â”€â”€â”
[2022-11-18 10:05:57.451] DEBUG UppercaseHandler.invoke(UppercaseHandler.java:26) - â”‚invoke() : sayThankYou      â”‚
[2022-11-18 10:05:57.451] DEBUG UppercaseHandler.invoke(UppercaseHandler.java:27) - â””â”€â”€â”€â”€â”€â”€â”€â”€â”€â”€â”€â”€â”€â”€â”€â”€â”€â”€â”€â”€â”€â”€â”€â”€â”€â”€â”€â”€â”€â”€â”€â”€â”€â”€â”€â”€â”€â”˜
[2022-11-18 10:06:01.462] DEBUG UppercaseHandler.invoke(UppercaseHandler.java:25) - â”Œâ”€â”€â”€â”€â”€â”€â”€â”€â”€â”€â”€â”€â”€â”€â”€â”€â”€â”€â”€â”€â”€â”€â”€â”€â”€â”€â”€â”€â”€â”€â”€â”€â”€â”€â”€â”€â”€â”
[2022-11-18 10:06:01.464] DEBUG UppercaseHandler.invoke(UppercaseHandler.java:26) - â”‚invoke() : sayHello      â”‚
[2022-11-18 10:06:01.464] DEBUG UppercaseHandler.invoke(UppercaseHandler.java:27) - â””â”€â”€â”€â”€â”€â”€â”€â”€â”€â”€â”€â”€â”€â”€â”€â”€â”€â”€â”€â”€â”€â”€â”€â”€â”€â”€â”€â”€â”€â”€â”€â”€â”€â”€â”€â”€â”€â”˜
[2022-11-18 10:06:01.464] DEBUG UppercaseHandler.invoke(UppercaseHandler.java:25) - â”Œâ”€â”€â”€â”€â”€â”€â”€â”€â”€â”€â”€â”€â”€â”€â”€â”€â”€â”€â”€â”€â”€â”€â”€â”€â”€â”€â”€â”€â”€â”€â”€â”€â”€â”€â”€â”€â”€â”
[2022-11-18 10:06:01.464] DEBUG UppercaseHandler.invoke(UppercaseHandler.java:26) - â”‚invoke() : sayHi      â”‚
[2022-11-18 10:06:01.464] DEBUG UppercaseHandler.invoke(UppercaseHandler.java:27) - â””â”€â”€â”€â”€â”€â”€â”€â”€â”€â”€â”€â”€â”€â”€â”€â”€â”€â”€â”€â”€â”€â”€â”€â”€â”€â”€â”€â”€â”€â”€â”€â”€â”€â”€â”€â”€â”€â”˜
[2022-11-18 10:06:01.465] DEBUG UppercaseHandler.invoke(UppercaseHandler.java:25) - â”Œâ”€â”€â”€â”€â”€â”€â”€â”€â”€â”€â”€â”€â”€â”€â”€â”€â”€â”€â”€â”€â”€â”€â”€â”€â”€â”€â”€â”€â”€â”€â”€â”€â”€â”€â”€â”€â”€â”
[2022-11-18 10:06:01.465] DEBUG UppercaseHandler.invoke(UppercaseHandler.java:26) - â”‚invoke() : sayThankYou      â”‚
[2022-11-18 10:06:01.465] DEBUG UppercaseHandler.invoke(UppercaseHandler.java:27) - â””â”€â”€â”€â”€â”€â”€â”€â”€â”€â”€â”€â”€â”€â”€â”€â”€â”€â”€â”€â”€â”€â”€â”€â”€â”€â”€â”€â”€â”€â”€â”€â”€â”€â”€â”€â”€â”€â”˜
[2022-11-18 10:06:11.909] DEBUG UppercaseHandler.invoke(UppercaseHandler.java:25) - â”Œâ”€â”€â”€â”€â”€â”€â”€â”€â”€â”€â”€â”€â”€â”€â”€â”€â”€â”€â”€â”€â”€â”€â”€â”€â”€â”€â”€â”€â”€â”€â”€â”€â”€â”€â”€â”€â”€â”
[2022-11-18 10:06:11.911] DEBUG UppercaseHandler.invoke(UppercaseHandler.java:26) - â”‚invoke() : sayHello      â”‚
[2022-11-18 10:06:11.911] DEBUG UppercaseHandler.invoke(UppercaseHandler.java:27) - â””â”€â”€â”€â”€â”€â”€â”€â”€â”€â”€â”€â”€â”€â”€â”€â”€â”€â”€â”€â”€â”€â”€â”€â”€â”€â”€â”€â”€â”€â”€â”€â”€â”€â”€â”€â”€â”€â”˜
[2022-11-18 10:06:11.911] DEBUG UppercaseHandler.invoke(UppercaseHandler.java:25) - â”Œâ”€â”€â”€â”€â”€â”€â”€â”€â”€â”€â”€â”€â”€â”€â”€â”€â”€â”€â”€â”€â”€â”€â”€â”€â”€â”€â”€â”€â”€â”€â”€â”€â”€â”€â”€â”€â”€â”
[2022-11-18 10:06:11.911] DEBUG UppercaseHandler.invoke(UppercaseHandler.java:26) - â”‚invoke() : sayHi      â”‚
[2022-11-18 10:06:11.911] DEBUG UppercaseHandler.invoke(UppercaseHandler.java:27) - â””â”€â”€â”€â”€â”€â”€â”€â”€â”€â”€â”€â”€â”€â”€â”€â”€â”€â”€â”€â”€â”€â”€â”€â”€â”€â”€â”€â”€â”€â”€â”€â”€â”€â”€â”€â”€â”€â”˜
[2022-11-18 10:06:11.911] DEBUG UppercaseHandler.invoke(UppercaseHandler.java:25) - â”Œâ”€â”€â”€â”€â”€â”€â”€â”€â”€â”€â”€â”€â”€â”€â”€â”€â”€â”€â”€â”€â”€â”€â”€â”€â”€â”€â”€â”€â”€â”€â”€â”€â”€â”€â”€â”€â”€â”
[2022-11-18 10:06:11.911] DEBUG UppercaseHandler.invoke(UppercaseHandler.java:26) - â”‚invoke() : sayThankYou      â”‚
[2022-11-18 10:06:11.912] DEBUG UppercaseHandler.invoke(UppercaseHandler.java:27) - â””â”€â”€â”€â”€â”€â”€â”€â”€â”€â”€â”€â”€â”€â”€â”€â”€â”€â”€â”€â”€â”€â”€â”€â”€â”€â”€â”€â”€â”€â”€â”€â”€â”€â”€â”€â”€â”€â”˜
[2022-11-18 10:06:58.509] DEBUG UppercaseHandler.invoke(UppercaseHandler.java:25) - â”Œâ”€â”€â”€â”€â”€â”€â”€â”€â”€â”€â”€â”€â”€â”€â”€â”€â”€â”€â”€â”€â”€â”€â”€â”€â”€â”€â”€â”€â”€â”€â”€â”€â”€â”€â”€â”€â”€â”
[2022-11-18 10:06:58.512] DEBUG UppercaseHandler.invoke(UppercaseHandler.java:26) - â”‚invoke() : sayHello      â”‚
[2022-11-18 10:06:58.512] DEBUG UppercaseHandler.invoke(UppercaseHandler.java:27) - â””â”€â”€â”€â”€â”€â”€â”€â”€â”€â”€â”€â”€â”€â”€â”€â”€â”€â”€â”€â”€â”€â”€â”€â”€â”€â”€â”€â”€â”€â”€â”€â”€â”€â”€â”€â”€â”€â”˜
[2022-11-18 10:06:58.512] DEBUG UppercaseHandler.invoke(UppercaseHandler.java:25) - â”Œâ”€â”€â”€â”€â”€â”€â”€â”€â”€â”€â”€â”€â”€â”€â”€â”€â”€â”€â”€â”€â”€â”€â”€â”€â”€â”€â”€â”€â”€â”€â”€â”€â”€â”€â”€â”€â”€â”
[2022-11-18 10:06:58.512] DEBUG UppercaseHandler.invoke(UppercaseHandler.java:26) - â”‚invoke() : sayHi      â”‚
[2022-11-18 10:06:58.512] DEBUG UppercaseHandler.invoke(UppercaseHandler.java:27) - â””â”€â”€â”€â”€â”€â”€â”€â”€â”€â”€â”€â”€â”€â”€â”€â”€â”€â”€â”€â”€â”€â”€â”€â”€â”€â”€â”€â”€â”€â”€â”€â”€â”€â”€â”€â”€â”€â”˜
[2022-11-18 10:06:58.512] DEBUG UppercaseHandler.invoke(UppercaseHandler.java:25) - â”Œâ”€â”€â”€â”€â”€â”€â”€â”€â”€â”€â”€â”€â”€â”€â”€â”€â”€â”€â”€â”€â”€â”€â”€â”€â”€â”€â”€â”€â”€â”€â”€â”€â”€â”€â”€â”€â”€â”
[2022-11-18 10:06:58.512] DEBUG UppercaseHandler.invoke(UppercaseHandler.java:26) - â”‚invoke() : sayThankYou      â”‚
[2022-11-18 10:06:58.512] DEBUG UppercaseHandler.invoke(UppercaseHandler.java:27) - â””â”€â”€â”€â”€â”€â”€â”€â”€â”€â”€â”€â”€â”€â”€â”€â”€â”€â”€â”€â”€â”€â”€â”€â”€â”€â”€â”€â”€â”€â”€â”€â”€â”€â”€â”€â”€â”€â”˜
[2022-11-18 10:06:58.513] DEBUG UppercaseHandler.invoke(UppercaseHandler.java:25) - â”Œâ”€â”€â”€â”€â”€â”€â”€â”€â”€â”€â”€â”€â”€â”€â”€â”€â”€â”€â”€â”€â”€â”€â”€â”€â”€â”€â”€â”€â”€â”€â”€â”€â”€â”€â”€â”€â”€â”
[2022-11-18 10:06:58.513] DEBUG UppercaseHandler.invoke(UppercaseHandler.java:26) - â”‚invoke() : sayHello      â”‚
[2022-11-18 10:06:58.513] DEBUG UppercaseHandler.invoke(UppercaseHandler.java:27) - â””â”€â”€â”€â”€â”€â”€â”€â”€â”€â”€â”€â”€â”€â”€â”€â”€â”€â”€â”€â”€â”€â”€â”€â”€â”€â”€â”€â”€â”€â”€â”€â”€â”€â”€â”€â”€â”€â”˜
[2022-11-18 10:06:58.513] DEBUG UppercaseHandler.invoke(UppercaseHandler.java:25) - â”Œâ”€â”€â”€â”€â”€â”€â”€â”€â”€â”€â”€â”€â”€â”€â”€â”€â”€â”€â”€â”€â”€â”€â”€â”€â”€â”€â”€â”€â”€â”€â”€â”€â”€â”€â”€â”€â”€â”
[2022-11-18 10:06:58.513] DEBUG UppercaseHandler.invoke(UppercaseHandler.java:26) - â”‚invoke() : sayHi      â”‚
[2022-11-18 10:06:58.513] DEBUG UppercaseHandler.invoke(UppercaseHandler.java:27) - â””â”€â”€â”€â”€â”€â”€â”€â”€â”€â”€â”€â”€â”€â”€â”€â”€â”€â”€â”€â”€â”€â”€â”€â”€â”€â”€â”€â”€â”€â”€â”€â”€â”€â”€â”€â”€â”€â”˜
[2022-11-18 10:06:58.513] DEBUG UppercaseHandler.invoke(UppercaseHandler.java:25) - â”Œâ”€â”€â”€â”€â”€â”€â”€â”€â”€â”€â”€â”€â”€â”€â”€â”€â”€â”€â”€â”€â”€â”€â”€â”€â”€â”€â”€â”€â”€â”€â”€â”€â”€â”€â”€â”€â”€â”
[2022-11-18 10:06:58.513] DEBUG UppercaseHandler.invoke(UppercaseHandler.java:26) - â”‚invoke() : sayThankYou      â”‚
[2022-11-18 10:06:58.513] DEBUG UppercaseHandler.invoke(UppercaseHandler.java:27) - â””â”€â”€â”€â”€â”€â”€â”€â”€â”€â”€â”€â”€â”€â”€â”€â”€â”€â”€â”€â”€â”€â”€â”€â”€â”€â”€â”€â”€â”€â”€â”€â”€â”€â”€â”€â”€â”€â”˜
[2022-11-18 10:08:51.760] DEBUG UppercaseHandler.invoke(UppercaseHandler.java:25) - â”Œâ”€â”€â”€â”€â”€â”€â”€â”€â”€â”€â”€â”€â”€â”€â”€â”€â”€â”€â”€â”€â”€â”€â”€â”€â”€â”€â”€â”€â”€â”€â”€â”€â”€â”€â”€â”€â”€â”
[2022-11-18 10:08:51.762] DEBUG UppercaseHandler.invoke(UppercaseHandler.java:26) - â”‚invoke() : sayHello      â”‚
[2022-11-18 10:08:51.762] DEBUG UppercaseHandler.invoke(UppercaseHandler.java:27) - â””â”€â”€â”€â”€â”€â”€â”€â”€â”€â”€â”€â”€â”€â”€â”€â”€â”€â”€â”€â”€â”€â”€â”€â”€â”€â”€â”€â”€â”€â”€â”€â”€â”€â”€â”€â”€â”€â”˜
[2022-11-18 10:08:51.762] DEBUG UppercaseHandler.invoke(UppercaseHandler.java:25) - â”Œâ”€â”€â”€â”€â”€â”€â”€â”€â”€â”€â”€â”€â”€â”€â”€â”€â”€â”€â”€â”€â”€â”€â”€â”€â”€â”€â”€â”€â”€â”€â”€â”€â”€â”€â”€â”€â”€â”
[2022-11-18 10:08:51.762] DEBUG UppercaseHandler.invoke(UppercaseHandler.java:26) - â”‚invoke() : sayHi      â”‚
[2022-11-18 10:08:51.762] DEBUG UppercaseHandler.invoke(UppercaseHandler.java:27) - â””â”€â”€â”€â”€â”€â”€â”€â”€â”€â”€â”€â”€â”€â”€â”€â”€â”€â”€â”€â”€â”€â”€â”€â”€â”€â”€â”€â”€â”€â”€â”€â”€â”€â”€â”€â”€â”€â”˜
[2022-11-18 10:08:51.762] DEBUG UppercaseHandler.invoke(UppercaseHandler.java:25) - â”Œâ”€â”€â”€â”€â”€â”€â”€â”€â”€â”€â”€â”€â”€â”€â”€â”€â”€â”€â”€â”€â”€â”€â”€â”€â”€â”€â”€â”€â”€â”€â”€â”€â”€â”€â”€â”€â”€â”
[2022-11-18 10:08:51.762] DEBUG UppercaseHandler.invoke(UppercaseHandler.java:26) - â”‚invoke() : sayThankYou      â”‚
[2022-11-18 10:08:51.762] DEBUG UppercaseHandler.invoke(UppercaseHandler.java:27) - â””â”€â”€â”€â”€â”€â”€â”€â”€â”€â”€â”€â”€â”€â”€â”€â”€â”€â”€â”€â”€â”€â”€â”€â”€â”€â”€â”€â”€â”€â”€â”€â”€â”€â”€â”€â”€â”€â”˜
[2022-11-18 10:08:51.763] DEBUG UppercaseHandler.invoke(UppercaseHandler.java:25) - â”Œâ”€â”€â”€â”€â”€â”€â”€â”€â”€â”€â”€â”€â”€â”€â”€â”€â”€â”€â”€â”€â”€â”€â”€â”€â”€â”€â”€â”€â”€â”€â”€â”€â”€â”€â”€â”€â”€â”
[2022-11-18 10:08:51.763] DEBUG UppercaseHandler.invoke(UppercaseHandler.java:26) - â”‚invoke() : sayHello      â”‚
[2022-11-18 10:08:51.763] DEBUG UppercaseHandler.invoke(UppercaseHandler.java:27) - â””â”€â”€â”€â”€â”€â”€â”€â”€â”€â”€â”€â”€â”€â”€â”€â”€â”€â”€â”€â”€â”€â”€â”€â”€â”€â”€â”€â”€â”€â”€â”€â”€â”€â”€â”€â”€â”€â”˜
[2022-11-18 10:08:51.763] DEBUG UppercaseHandler.invoke(UppercaseHandler.java:25) - â”Œâ”€â”€â”€â”€â”€â”€â”€â”€â”€â”€â”€â”€â”€â”€â”€â”€â”€â”€â”€â”€â”€â”€â”€â”€â”€â”€â”€â”€â”€â”€â”€â”€â”€â”€â”€â”€â”€â”
[2022-11-18 10:08:51.763] DEBUG UppercaseHandler.invoke(UppercaseHandler.java:26) - â”‚invoke() : sayHi      â”‚
[2022-11-18 10:08:51.763] DEBUG UppercaseHandler.invoke(UppercaseHandler.java:27) - â””â”€â”€â”€â”€â”€â”€â”€â”€â”€â”€â”€â”€â”€â”€â”€â”€â”€â”€â”€â”€â”€â”€â”€â”€â”€â”€â”€â”€â”€â”€â”€â”€â”€â”€â”€â”€â”€â”˜
[2022-11-18 10:08:51.763] DEBUG UppercaseHandler.invoke(UppercaseHandler.java:25) - â”Œâ”€â”€â”€â”€â”€â”€â”€â”€â”€â”€â”€â”€â”€â”€â”€â”€â”€â”€â”€â”€â”€â”€â”€â”€â”€â”€â”€â”€â”€â”€â”€â”€â”€â”€â”€â”€â”€â”
[2022-11-18 10:08:51.763] DEBUG UppercaseHandler.invoke(UppercaseHandler.java:26) - â”‚invoke() : sayThankYou      â”‚
[2022-11-18 10:08:51.763] DEBUG UppercaseHandler.invoke(UppercaseHandler.java:27) - â””â”€â”€â”€â”€â”€â”€â”€â”€â”€â”€â”€â”€â”€â”€â”€â”€â”€â”€â”€â”€â”€â”€â”€â”€â”€â”€â”€â”€â”€â”€â”€â”€â”€â”€â”€â”€â”€â”˜
